<?xml version="1.0" encoding="UTF-8" standalone="yes"?><!DOCTYPE report PUBLIC "-//JACOCO//DTD Report 1.0//EN" "report.dtd"><report name="ersatz"><sessioninfo id="inhouse-cf59bc6d" start="1481152724212" dump="1481152726407"/><package name="com/stehno/ersatz"><class name="com/stehno/ersatz/ClientRequest$_closure2"><method name="&lt;init&gt;" desc="(Ljava/lang/Object;Ljava/lang/Object;)V"><counter type="INSTRUCTION" missed="0" covered="5"/><counter type="COMPLEXITY" missed="0" covered="1"/><counter type="METHOD" missed="0" covered="1"/></method><method name="doCall" desc="(Ljava/util/function/Function;)Ljava/lang/Object;"><counter type="INSTRUCTION" missed="2" covered="12"/><counter type="COMPLEXITY" missed="0" covered="1"/><counter type="METHOD" missed="0" covered="1"/></method><method name="call" desc="(Ljava/util/function/Function;)Ljava/lang/Object;"><counter type="INSTRUCTION" missed="6" covered="0"/><counter type="COMPLEXITY" missed="1" covered="0"/><counter type="METHOD" missed="1" covered="0"/></method><counter type="INSTRUCTION" missed="8" covered="17"/><counter type="COMPLEXITY" missed="1" covered="2"/><counter type="METHOD" missed="1" covered="2"/><counter type="CLASS" missed="0" covered="1"/></class><class name="com/stehno/ersatz/ClientRequest$_closure1"><method name="&lt;init&gt;" desc="(Ljava/lang/Object;Ljava/lang/Object;)V"><counter type="INSTRUCTION" missed="0" covered="5"/><counter type="COMPLEXITY" missed="0" covered="1"/><counter type="METHOD" missed="0" covered="1"/></method><method name="doCall" desc="(Ljava/lang/Object;)Ljava/lang/Object;"><counter type="INSTRUCTION" missed="2" covered="8"/><counter type="COMPLEXITY" missed="0" covered="1"/><counter type="METHOD" missed="0" covered="1"/></method><method name="call" desc="(Ljava/lang/Object;)Ljava/lang/Object;"><counter type="INSTRUCTION" missed="6" covered="0"/><counter type="COMPLEXITY" missed="1" covered="0"/><counter type="METHOD" missed="1" covered="0"/></method><method name="call" desc="()Ljava/lang/Object;"><counter type="INSTRUCTION" missed="6" covered="0"/><counter type="COMPLEXITY" missed="1" covered="0"/><counter type="METHOD" missed="1" covered="0"/></method><method name="doCall" desc="()Ljava/lang/Object;"><counter type="INSTRUCTION" missed="2" covered="4"/><counter type="COMPLEXITY" missed="0" covered="1"/><counter type="METHOD" missed="0" covered="1"/></method><counter type="INSTRUCTION" missed="16" covered="17"/><counter type="COMPLEXITY" missed="2" covered="3"/><counter type="METHOD" missed="2" covered="3"/><counter type="CLASS" missed="0" covered="1"/></class><class name="com/stehno/ersatz/Conditions$5$_apply_closure1"><method name="&lt;init&gt;" desc="(Ljava/lang/Object;Ljava/lang/Object;Lgroovy/lang/Reference;)V"><counter type="INSTRUCTION" missed="0" covered="13"/><counter type="COMPLEXITY" missed="0" covered="1"/><counter type="METHOD" missed="0" covered="1"/></method><method name="doCall" desc="(Ljava/lang/Object;Ljava/lang/Object;)Ljava/lang/Object;" line="106"><counter type="INSTRUCTION" missed="2" covered="25"/><counter type="BRANCH" missed="1" covered="3"/><counter type="LINE" missed="0" covered="1"/><counter type="COMPLEXITY" missed="1" covered="2"/><counter type="METHOD" missed="0" covered="1"/></method><method name="call" desc="(Ljava/lang/Object;Ljava/lang/Object;)Ljava/lang/Object;"><counter type="INSTRUCTION" missed="7" covered="0"/><counter type="COMPLEXITY" missed="1" covered="0"/><counter type="METHOD" missed="1" covered="0"/></method><method name="getClientRequest" desc="()Lcom/stehno/ersatz/ClientRequest;"><counter type="INSTRUCTION" missed="9" covered="0"/><counter type="COMPLEXITY" missed="1" covered="0"/><counter type="METHOD" missed="1" covered="0"/></method><counter type="INSTRUCTION" missed="18" covered="38"/><counter type="BRANCH" missed="1" covered="3"/><counter type="LINE" missed="0" covered="1"/><counter type="COMPLEXITY" missed="3" covered="3"/><counter type="METHOD" missed="2" covered="2"/><counter type="CLASS" missed="0" covered="1"/></class><class name="com/stehno/ersatz/ErsatzServer$_applyFeatures_closure1"><method name="&lt;init&gt;" desc="(Ljava/lang/Object;Ljava/lang/Object;Lgroovy/lang/Reference;)V"><counter type="INSTRUCTION" missed="0" covered="13"/><counter type="COMPLEXITY" missed="0" covered="1"/><counter type="METHOD" missed="0" covered="1"/></method><method name="doCall" desc="(Ljava/lang/Object;)Ljava/lang/Object;" line="184"><counter type="INSTRUCTION" missed="2" covered="17"/><counter type="LINE" missed="0" covered="1"/><counter type="COMPLEXITY" missed="0" covered="1"/><counter type="METHOD" missed="0" covered="1"/></method><method name="getResult" desc="()Lio/undertow/server/HttpHandler;"><counter type="INSTRUCTION" missed="9" covered="0"/><counter type="COMPLEXITY" missed="1" covered="0"/><counter type="METHOD" missed="1" covered="0"/></method><method name="call" desc="(Ljava/lang/Object;)Ljava/lang/Object;"><counter type="INSTRUCTION" missed="2" covered="4"/><counter type="COMPLEXITY" missed="0" covered="1"/><counter type="METHOD" missed="0" covered="1"/></method><method name="call" desc="()Ljava/lang/Object;"><counter type="INSTRUCTION" missed="6" covered="0"/><counter type="COMPLEXITY" missed="1" covered="0"/><counter type="METHOD" missed="1" covered="0"/></method><counter type="INSTRUCTION" missed="19" covered="34"/><counter type="LINE" missed="0" covered="1"/><counter type="COMPLEXITY" missed="2" covered="3"/><counter type="METHOD" missed="2" covered="3"/><counter type="CLASS" missed="0" covered="1"/></class><class name="com/stehno/ersatz/Verifiers"><method name="&lt;init&gt;" desc="()V"><counter type="INSTRUCTION" missed="12" covered="0"/><counter type="COMPLEXITY" missed="1" covered="0"/><counter type="METHOD" missed="1" covered="0"/></method><method name="any" desc="()Ljava/util/function/Function;" line="32"><counter type="INSTRUCTION" missed="2" covered="5"/><counter type="LINE" missed="0" covered="1"/><counter type="COMPLEXITY" missed="0" covered="1"/><counter type="METHOD" missed="0" covered="1"/></method><method name="atLeast" desc="(I)Ljava/util/function/Function;" line="43"><counter type="INSTRUCTION" missed="2" covered="13"/><counter type="LINE" missed="0" covered="1"/><counter type="COMPLEXITY" missed="0" covered="1"/><counter type="METHOD" missed="0" covered="1"/></method><method name="atMost" desc="(I)Ljava/util/function/Function;" line="54"><counter type="INSTRUCTION" missed="2" covered="13"/><counter type="LINE" missed="0" covered="1"/><counter type="COMPLEXITY" missed="0" covered="1"/><counter type="METHOD" missed="0" covered="1"/></method><method name="exactly" desc="(I)Ljava/util/function/Function;" line="65"><counter type="INSTRUCTION" missed="2" covered="13"/><counter type="LINE" missed="0" covered="1"/><counter type="COMPLEXITY" missed="0" covered="1"/><counter type="METHOD" missed="0" covered="1"/></method><method name="once" desc="()Ljava/util/function/Function;" line="76"><counter type="INSTRUCTION" missed="2" covered="3"/><counter type="LINE" missed="0" covered="1"/><counter type="COMPLEXITY" missed="0" covered="1"/><counter type="METHOD" missed="0" covered="1"/></method><method name="never" desc="()Ljava/util/function/Function;" line="83"><counter type="INSTRUCTION" missed="2" covered="3"/><counter type="LINE" missed="0" covered="1"/><counter type="COMPLEXITY" missed="0" covered="1"/><counter type="METHOD" missed="0" covered="1"/></method><counter type="INSTRUCTION" missed="24" covered="50"/><counter type="LINE" missed="0" covered="6"/><counter type="COMPLEXITY" missed="1" covered="6"/><counter type="METHOD" missed="1" covered="6"/><counter type="CLASS" missed="0" covered="1"/></class><class name="com/stehno/ersatz/ClientRequest$_getBodyAsString_closure3"><method name="&lt;init&gt;" desc="(Ljava/lang/Object;Ljava/lang/Object;)V"><counter type="INSTRUCTION" missed="0" covered="5"/><counter type="COMPLEXITY" missed="0" covered="1"/><counter type="METHOD" missed="0" covered="1"/></method><method name="doCall" desc="(Ljava/lang/Object;)Ljava/lang/Object;" line="121"><counter type="INSTRUCTION" missed="3" covered="12"/><counter type="BRANCH" missed="1" covered="1"/><counter type="LINE" missed="0" covered="1"/><counter type="COMPLEXITY" missed="1" covered="1"/><counter type="METHOD" missed="0" covered="1"/></method><method name="call" desc="(Ljava/lang/Object;)Ljava/lang/Object;"><counter type="INSTRUCTION" missed="6" covered="0"/><counter type="COMPLEXITY" missed="1" covered="0"/><counter type="METHOD" missed="1" covered="0"/></method><method name="call" desc="()Ljava/lang/Object;"><counter type="INSTRUCTION" missed="6" covered="0"/><counter type="COMPLEXITY" missed="1" covered="0"/><counter type="METHOD" missed="1" covered="0"/></method><counter type="INSTRUCTION" missed="15" covered="17"/><counter type="BRANCH" missed="1" covered="1"/><counter type="LINE" missed="0" covered="1"/><counter type="COMPLEXITY" missed="3" covered="2"/><counter type="METHOD" missed="2" covered="2"/><counter type="CLASS" missed="0" covered="1"/></class><class name="com/stehno/ersatz/ErsatzServer"><method name="&lt;init&gt;" desc="()V" line="61"><counter type="INSTRUCTION" missed="0" covered="42"/><counter type="LINE" missed="0" covered="2"/><counter type="COMPLEXITY" missed="0" covered="1"/><counter type="METHOD" missed="0" covered="1"/></method><method name="addFeature" desc="(Lcom/stehno/ersatz/ServerFeature;)V" line="73"><counter type="INSTRUCTION" missed="6" covered="0"/><counter type="LINE" missed="1" covered="0"/><counter type="COMPLEXITY" missed="1" covered="0"/><counter type="METHOD" missed="1" covered="0"/></method><method name="getPort" desc="()I" line="82"><counter type="INSTRUCTION" missed="3" covered="3"/><counter type="LINE" missed="0" covered="1"/><counter type="COMPLEXITY" missed="0" covered="1"/><counter type="METHOD" missed="0" covered="1"/></method><method name="getServerUrl" desc="()Ljava/lang/String;" line="91"><counter type="INSTRUCTION" missed="2" covered="24"/><counter type="LINE" missed="0" covered="1"/><counter type="COMPLEXITY" missed="0" covered="1"/><counter type="METHOD" missed="0" covered="1"/></method><method name="expectations" desc="(Ljava/util/function/Consumer;)Lcom/stehno/ersatz/ErsatzServer;" line="103"><counter type="INSTRUCTION" missed="2" covered="8"/><counter type="LINE" missed="0" covered="2"/><counter type="COMPLEXITY" missed="0" covered="1"/><counter type="METHOD" missed="0" covered="1"/></method><method name="expects" desc="()Lcom/stehno/ersatz/Expectations;" line="113"><counter type="INSTRUCTION" missed="5" covered="0"/><counter type="LINE" missed="1" covered="0"/><counter type="COMPLEXITY" missed="1" covered="0"/><counter type="METHOD" missed="1" covered="0"/></method><method name="expectations" desc="(Lgroovy/lang/Closure;)Lcom/stehno/ersatz/ErsatzServer;" line="125"><counter type="INSTRUCTION" missed="2" covered="15"/><counter type="LINE" missed="0" covered="3"/><counter type="COMPLEXITY" missed="0" covered="1"/><counter type="METHOD" missed="0" covered="1"/></method><method name="start" desc="()V" line="135"><counter type="INSTRUCTION" missed="0" covered="43"/><counter type="LINE" missed="0" covered="3"/><counter type="COMPLEXITY" missed="0" covered="1"/><counter type="METHOD" missed="0" covered="1"/></method><method name="stop" desc="()V" line="164"><counter type="INSTRUCTION" missed="0" covered="22"/><counter type="BRANCH" missed="0" covered="2"/><counter type="LINE" missed="0" covered="2"/><counter type="COMPLEXITY" missed="0" covered="2"/><counter type="METHOD" missed="0" covered="1"/></method><method name="verify" desc="()Z" line="177"><counter type="INSTRUCTION" missed="9" covered="4"/><counter type="LINE" missed="0" covered="1"/><counter type="COMPLEXITY" missed="0" covered="1"/><counter type="METHOD" missed="0" covered="1"/></method><method name="applyFeatures" desc="(Lio/undertow/server/HttpHandler;)Lio/undertow/server/HttpHandler;" line="181"><counter type="INSTRUCTION" missed="3" covered="27"/><counter type="BRANCH" missed="1" covered="1"/><counter type="LINE" missed="0" covered="3"/><counter type="COMPLEXITY" missed="1" covered="1"/><counter type="METHOD" missed="0" covered="1"/></method><method name="send" desc="(Lio/undertow/server/HttpServerExchange;Lcom/stehno/ersatz/Response;)V" line="191"><counter type="INSTRUCTION" missed="0" covered="62"/><counter type="BRANCH" missed="0" covered="4"/><counter type="LINE" missed="0" covered="4"/><counter type="COMPLEXITY" missed="0" covered="3"/><counter type="METHOD" missed="0" covered="1"/></method><method name="&lt;clinit&gt;" desc="()V"><counter type="INSTRUCTION" missed="0" covered="8"/><counter type="COMPLEXITY" missed="0" covered="1"/><counter type="METHOD" missed="0" covered="1"/></method><method name="getNOT_FOUND_BODY" desc="()Ljava/lang/String;"><counter type="INSTRUCTION" missed="0" covered="2"/><counter type="COMPLEXITY" missed="0" covered="1"/><counter type="METHOD" missed="0" covered="1"/></method><method name="getFeatures" desc="()Ljava/util/List;"><counter type="INSTRUCTION" missed="3" covered="0"/><counter type="COMPLEXITY" missed="1" covered="0"/><counter type="METHOD" missed="1" covered="0"/></method><method name="setFeatures" desc="(Ljava/util/List;)V"><counter type="INSTRUCTION" missed="0" covered="4"/><counter type="COMPLEXITY" missed="0" covered="1"/><counter type="METHOD" missed="0" covered="1"/></method><counter type="INSTRUCTION" missed="35" covered="264"/><counter type="BRANCH" missed="1" covered="7"/><counter type="LINE" missed="2" covered="22"/><counter type="COMPLEXITY" missed="4" covered="16"/><counter type="METHOD" missed="3" covered="13"/><counter type="CLASS" missed="0" covered="1"/></class><class name="com/stehno/ersatz/Verifiers$3"><method name="apply" desc="(Ljava/lang/Integer;)Ljava/lang/Boolean;" line="56"><counter type="INSTRUCTION" missed="2" covered="7"/><counter type="LINE" missed="0" covered="1"/><counter type="COMPLEXITY" missed="0" covered="1"/><counter type="METHOD" missed="0" covered="1"/></method><counter type="INSTRUCTION" missed="2" covered="7"/><counter type="LINE" missed="0" covered="1"/><counter type="COMPLEXITY" missed="0" covered="1"/><counter type="METHOD" missed="0" covered="1"/><counter type="CLASS" missed="0" covered="1"/></class><class name="com/stehno/ersatz/Verifiers$4"><method name="apply" desc="(Ljava/lang/Integer;)Ljava/lang/Boolean;" line="67"><counter type="INSTRUCTION" missed="2" covered="7"/><counter type="LINE" missed="0" covered="1"/><counter type="COMPLEXITY" missed="0" covered="1"/><counter type="METHOD" missed="0" covered="1"/></method><counter type="INSTRUCTION" missed="2" covered="7"/><counter type="LINE" missed="0" covered="1"/><counter type="COMPLEXITY" missed="0" covered="1"/><counter type="METHOD" missed="0" covered="1"/><counter type="CLASS" missed="0" covered="1"/></class><class name="com/stehno/ersatz/Verifiers$1"><method name="apply" desc="(Ljava/lang/Integer;)Ljava/lang/Boolean;" line="34"><counter type="INSTRUCTION" missed="2" covered="3"/><counter type="LINE" missed="0" covered="1"/><counter type="COMPLEXITY" missed="0" covered="1"/><counter type="METHOD" missed="0" covered="1"/></method><counter type="INSTRUCTION" missed="2" covered="3"/><counter type="LINE" missed="0" covered="1"/><counter type="COMPLEXITY" missed="0" covered="1"/><counter type="METHOD" missed="0" covered="1"/><counter type="CLASS" missed="0" covered="1"/></class><class name="com/stehno/ersatz/Verifiers$2"><method name="apply" desc="(Ljava/lang/Integer;)Ljava/lang/Boolean;" line="45"><counter type="INSTRUCTION" missed="2" covered="7"/><counter type="LINE" missed="0" covered="1"/><counter type="COMPLEXITY" missed="0" covered="1"/><counter type="METHOD" missed="0" covered="1"/></method><counter type="INSTRUCTION" missed="2" covered="7"/><counter type="LINE" missed="0" covered="1"/><counter type="COMPLEXITY" missed="0" covered="1"/><counter type="METHOD" missed="0" covered="1"/><counter type="CLASS" missed="0" covered="1"/></class><class name="com/stehno/ersatz/Conditions$3$_apply_closure2"><method name="&lt;init&gt;" desc="(Ljava/lang/Object;Ljava/lang/Object;Lgroovy/lang/Reference;)V"><counter type="INSTRUCTION" missed="0" covered="13"/><counter type="COMPLEXITY" missed="0" covered="1"/><counter type="METHOD" missed="0" covered="1"/></method><method name="doCall" desc="(Ljava/lang/Object;Ljava/lang/Object;)Ljava/lang/Object;" line="75"><counter type="INSTRUCTION" missed="3" covered="24"/><counter type="BRANCH" missed="2" covered="2"/><counter type="LINE" missed="0" covered="1"/><counter type="COMPLEXITY" missed="2" covered="1"/><counter type="METHOD" missed="0" covered="1"/></method><method name="call" desc="(Ljava/lang/Object;Ljava/lang/Object;)Ljava/lang/Object;"><counter type="INSTRUCTION" missed="7" covered="0"/><counter type="COMPLEXITY" missed="1" covered="0"/><counter type="METHOD" missed="1" covered="0"/></method><method name="getQueries" desc="()Ljava/util/Map;"><counter type="INSTRUCTION" missed="9" covered="0"/><counter type="COMPLEXITY" missed="1" covered="0"/><counter type="METHOD" missed="1" covered="0"/></method><counter type="INSTRUCTION" missed="19" covered="37"/><counter type="BRANCH" missed="2" covered="2"/><counter type="LINE" missed="0" covered="1"/><counter type="COMPLEXITY" missed="4" covered="2"/><counter type="METHOD" missed="2" covered="2"/><counter type="CLASS" missed="0" covered="1"/></class><class name="com/stehno/ersatz/Conditions$6"><method name="apply" desc="(Lcom/stehno/ersatz/ClientRequest;)Ljava/lang/Boolean;" line="122"><counter type="INSTRUCTION" missed="2" covered="14"/><counter type="LINE" missed="0" covered="1"/><counter type="COMPLEXITY" missed="0" covered="1"/><counter type="METHOD" missed="0" covered="1"/></method><counter type="INSTRUCTION" missed="2" covered="14"/><counter type="LINE" missed="0" covered="1"/><counter type="COMPLEXITY" missed="0" covered="1"/><counter type="METHOD" missed="0" covered="1"/><counter type="CLASS" missed="0" covered="1"/></class><class name="com/stehno/ersatz/Conditions$4"><method name="apply" desc="(Lcom/stehno/ersatz/ClientRequest;)Ljava/lang/Boolean;" line="91"><counter type="INSTRUCTION" missed="2" covered="21"/><counter type="LINE" missed="0" covered="1"/><counter type="COMPLEXITY" missed="0" covered="1"/><counter type="METHOD" missed="0" covered="1"/></method><counter type="INSTRUCTION" missed="2" covered="21"/><counter type="LINE" missed="0" covered="1"/><counter type="COMPLEXITY" missed="0" covered="1"/><counter type="METHOD" missed="0" covered="1"/><counter type="CLASS" missed="0" covered="1"/></class><class name="com/stehno/ersatz/ErsatzServer$1"><method name="handleRequest" desc="(Lio/undertow/server/HttpServerExchange;)V" line="138"><counter type="INSTRUCTION" missed="0" covered="56"/><counter type="BRANCH" missed="0" covered="2"/><counter type="LINE" missed="0" covered="8"/><counter type="COMPLEXITY" missed="0" covered="2"/><counter type="METHOD" missed="0" covered="1"/></method><counter type="INSTRUCTION" missed="0" covered="56"/><counter type="BRANCH" missed="0" covered="2"/><counter type="LINE" missed="0" covered="8"/><counter type="COMPLEXITY" missed="0" covered="2"/><counter type="METHOD" missed="0" covered="1"/><counter type="CLASS" missed="0" covered="1"/></class><class name="com/stehno/ersatz/Conditions$5"><method name="apply" desc="(Lcom/stehno/ersatz/ClientRequest;)Ljava/lang/Boolean;" line="106"><counter type="INSTRUCTION" missed="2" covered="21"/><counter type="LINE" missed="0" covered="1"/><counter type="COMPLEXITY" missed="0" covered="1"/><counter type="METHOD" missed="0" covered="1"/></method><counter type="INSTRUCTION" missed="2" covered="21"/><counter type="LINE" missed="0" covered="1"/><counter type="COMPLEXITY" missed="0" covered="1"/><counter type="METHOD" missed="0" covered="1"/><counter type="CLASS" missed="0" covered="1"/></class><class name="com/stehno/ersatz/Conditions$2"><method name="apply" desc="(Lcom/stehno/ersatz/ClientRequest;)Ljava/lang/Boolean;" line="57"><counter type="INSTRUCTION" missed="2" covered="8"/><counter type="LINE" missed="0" covered="1"/><counter type="COMPLEXITY" missed="0" covered="1"/><counter type="METHOD" missed="0" covered="1"/></method><counter type="INSTRUCTION" missed="2" covered="8"/><counter type="LINE" missed="0" covered="1"/><counter type="COMPLEXITY" missed="0" covered="1"/><counter type="METHOD" missed="0" covered="1"/><counter type="CLASS" missed="0" covered="1"/></class><class name="com/stehno/ersatz/Conditions$3$_apply_closure1"><method name="&lt;init&gt;" desc="(Ljava/lang/Object;Ljava/lang/Object;Lgroovy/lang/Reference;)V"><counter type="INSTRUCTION" missed="0" covered="13"/><counter type="COMPLEXITY" missed="0" covered="1"/><counter type="METHOD" missed="0" covered="1"/></method><method name="doCall" desc="(Ljava/lang/Object;Ljava/lang/Object;)Ljava/lang/Object;" line="73"><counter type="INSTRUCTION" missed="2" covered="27"/><counter type="BRANCH" missed="1" covered="3"/><counter type="LINE" missed="0" covered="1"/><counter type="COMPLEXITY" missed="1" covered="2"/><counter type="METHOD" missed="0" covered="1"/></method><method name="call" desc="(Ljava/lang/Object;Ljava/lang/Object;)Ljava/lang/Object;"><counter type="INSTRUCTION" missed="7" covered="0"/><counter type="COMPLEXITY" missed="1" covered="0"/><counter type="METHOD" missed="1" covered="0"/></method><method name="getClientRequest" desc="()Lcom/stehno/ersatz/ClientRequest;"><counter type="INSTRUCTION" missed="9" covered="0"/><counter type="COMPLEXITY" missed="1" covered="0"/><counter type="METHOD" missed="1" covered="0"/></method><counter type="INSTRUCTION" missed="18" covered="40"/><counter type="BRANCH" missed="1" covered="3"/><counter type="LINE" missed="0" covered="1"/><counter type="COMPLEXITY" missed="3" covered="3"/><counter type="METHOD" missed="2" covered="2"/><counter type="CLASS" missed="0" covered="1"/></class><class name="com/stehno/ersatz/ClientRequest$1"><method name="handle" desc="(Lio/undertow/server/HttpServerExchange;[B)V" line="96"><counter type="INSTRUCTION" missed="0" covered="10"/><counter type="LINE" missed="0" covered="1"/><counter type="COMPLEXITY" missed="0" covered="1"/><counter type="METHOD" missed="0" covered="1"/></method><counter type="INSTRUCTION" missed="0" covered="10"/><counter type="LINE" missed="0" covered="1"/><counter type="COMPLEXITY" missed="0" covered="1"/><counter type="METHOD" missed="0" covered="1"/><counter type="CLASS" missed="0" covered="1"/></class><class name="com/stehno/ersatz/Conditions$3"><method name="apply" desc="(Lcom/stehno/ersatz/ClientRequest;)Ljava/lang/Boolean;" line="72"><counter type="INSTRUCTION" missed="2" covered="38"/><counter type="BRANCH" missed="1" covered="3"/><counter type="LINE" missed="0" covered="2"/><counter type="COMPLEXITY" missed="1" covered="2"/><counter type="METHOD" missed="0" covered="1"/></method><counter type="INSTRUCTION" missed="2" covered="38"/><counter type="BRANCH" missed="1" covered="3"/><counter type="LINE" missed="0" covered="2"/><counter type="COMPLEXITY" missed="1" covered="2"/><counter type="METHOD" missed="0" covered="1"/><counter type="CLASS" missed="0" covered="1"/></class><class name="com/stehno/ersatz/Conditions$1"><method name="apply" desc="(Lcom/stehno/ersatz/ClientRequest;)Ljava/lang/Boolean;" line="43"><counter type="INSTRUCTION" missed="2" covered="10"/><counter type="LINE" missed="0" covered="1"/><counter type="COMPLEXITY" missed="0" covered="1"/><counter type="METHOD" missed="0" covered="1"/></method><counter type="INSTRUCTION" missed="2" covered="10"/><counter type="LINE" missed="0" covered="1"/><counter type="COMPLEXITY" missed="0" covered="1"/><counter type="METHOD" missed="0" covered="1"/><counter type="CLASS" missed="0" covered="1"/></class><class name="com/stehno/ersatz/ErsatzServer$_send_closure3"><method name="&lt;init&gt;" desc="(Ljava/lang/Object;Ljava/lang/Object;Lgroovy/lang/Reference;)V"><counter type="INSTRUCTION" missed="0" covered="13"/><counter type="COMPLEXITY" missed="0" covered="1"/><counter type="METHOD" missed="0" covered="1"/></method><method name="doCall" desc="(Ljava/lang/Object;Ljava/lang/Object;)Ljava/lang/Object;" line="198"><counter type="INSTRUCTION" missed="2" covered="17"/><counter type="LINE" missed="0" covered="1"/><counter type="COMPLEXITY" missed="0" covered="1"/><counter type="METHOD" missed="0" covered="1"/></method><method name="call" desc="(Ljava/lang/Object;Ljava/lang/Object;)Ljava/lang/Object;"><counter type="INSTRUCTION" missed="7" covered="0"/><counter type="COMPLEXITY" missed="1" covered="0"/><counter type="METHOD" missed="1" covered="0"/></method><method name="getExchange" desc="()Lio/undertow/server/HttpServerExchange;"><counter type="INSTRUCTION" missed="9" covered="0"/><counter type="COMPLEXITY" missed="1" covered="0"/><counter type="METHOD" missed="1" covered="0"/></method><counter type="INSTRUCTION" missed="18" covered="30"/><counter type="LINE" missed="0" covered="1"/><counter type="COMPLEXITY" missed="2" covered="2"/><counter type="METHOD" missed="2" covered="2"/><counter type="CLASS" missed="0" covered="1"/></class><class name="com/stehno/ersatz/ClientRequest"><method name="&lt;init&gt;" desc="(Lio/undertow/server/HttpServerExchange;)V"><counter type="INSTRUCTION" missed="0" covered="46"/><counter type="COMPLEXITY" missed="0" covered="1"/><counter type="METHOD" missed="0" covered="1"/></method><method name="&lt;init&gt;" desc="()V"><counter type="INSTRUCTION" missed="4" covered="0"/><counter type="COMPLEXITY" missed="1" covered="0"/><counter type="METHOD" missed="1" covered="0"/></method><method name="getMethod" desc="()Ljava/lang/String;" line="45"><counter type="INSTRUCTION" missed="2" covered="5"/><counter type="LINE" missed="0" covered="1"/><counter type="COMPLEXITY" missed="0" covered="1"/><counter type="METHOD" missed="0" covered="1"/></method><method name="getPath" desc="()Ljava/lang/String;" line="54"><counter type="INSTRUCTION" missed="2" covered="4"/><counter type="LINE" missed="0" covered="1"/><counter type="COMPLEXITY" missed="0" covered="1"/><counter type="METHOD" missed="0" covered="1"/></method><method name="getQueryParams" desc="()Ljava/util/Map;" line="63"><counter type="INSTRUCTION" missed="2" covered="4"/><counter type="LINE" missed="0" covered="1"/><counter type="COMPLEXITY" missed="0" covered="1"/><counter type="METHOD" missed="0" covered="1"/></method><method name="getHeaders" desc="()Lio/undertow/util/HeaderMap;" line="72"><counter type="INSTRUCTION" missed="2" covered="4"/><counter type="LINE" missed="0" covered="1"/><counter type="COMPLEXITY" missed="0" covered="1"/><counter type="METHOD" missed="0" covered="1"/></method><method name="getCookies" desc="()Ljava/util/Map;" line="81"><counter type="INSTRUCTION" missed="2" covered="4"/><counter type="LINE" missed="0" covered="1"/><counter type="COMPLEXITY" missed="0" covered="1"/><counter type="METHOD" missed="0" covered="1"/></method><method name="getBodyAsBytes" desc="()[B"><counter type="INSTRUCTION" missed="2" covered="7"/><counter type="COMPLEXITY" missed="0" covered="1"/><counter type="METHOD" missed="0" covered="1"/></method><method name="getBody" desc="(Ljava/util/function/Function;)Ljava/lang/Object;"><counter type="INSTRUCTION" missed="2" covered="5"/><counter type="COMPLEXITY" missed="0" covered="1"/><counter type="METHOD" missed="0" covered="1"/></method><method name="getBodyAsString" desc="()Ljava/lang/String;" line="121"><counter type="INSTRUCTION" missed="2" covered="13"/><counter type="LINE" missed="0" covered="1"/><counter type="COMPLEXITY" missed="0" covered="1"/><counter type="METHOD" missed="0" covered="1"/></method><method name="toString" desc="()Ljava/lang/String;" line="126"><counter type="INSTRUCTION" missed="2" covered="75"/><counter type="BRANCH" missed="0" covered="2"/><counter type="LINE" missed="0" covered="1"/><counter type="COMPLEXITY" missed="0" covered="2"/><counter type="METHOD" missed="0" covered="1"/></method><method name="memoizedMethodPriv$getBodyAsBytes" desc="()[B" line="91"><counter type="INSTRUCTION" missed="2" covered="23"/><counter type="LINE" missed="0" covered="3"/><counter type="COMPLEXITY" missed="0" covered="1"/><counter type="METHOD" missed="0" covered="1"/></method><method name="memoizedMethodPriv$getBodyFunction" desc="(Ljava/util/function/Function;)Ljava/lang/Object;" line="112"><counter type="INSTRUCTION" missed="2" covered="11"/><counter type="BRANCH" missed="0" covered="2"/><counter type="LINE" missed="0" covered="1"/><counter type="COMPLEXITY" missed="0" covered="2"/><counter type="METHOD" missed="0" covered="1"/></method><method name="getBody" desc="()Ljava/lang/Object;"><counter type="INSTRUCTION" missed="13" covered="0"/><counter type="COMPLEXITY" missed="1" covered="0"/><counter type="METHOD" missed="1" covered="0"/></method><method name="getExchange" desc="()Lio/undertow/server/HttpServerExchange;"><counter type="INSTRUCTION" missed="3" covered="0"/><counter type="COMPLEXITY" missed="1" covered="0"/><counter type="METHOD" missed="1" covered="0"/></method><counter type="INSTRUCTION" missed="42" covered="201"/><counter type="BRANCH" missed="0" covered="4"/><counter type="LINE" missed="0" covered="11"/><counter type="COMPLEXITY" missed="3" covered="14"/><counter type="METHOD" missed="3" covered="12"/><counter type="CLASS" missed="0" covered="1"/></class><class name="com/stehno/ersatz/ErsatzServer$_send_closure2"><method name="&lt;init&gt;" desc="(Ljava/lang/Object;Ljava/lang/Object;Lgroovy/lang/Reference;)V"><counter type="INSTRUCTION" missed="0" covered="13"/><counter type="COMPLEXITY" missed="0" covered="1"/><counter type="METHOD" missed="0" covered="1"/></method><method name="doCall" desc="(Ljava/lang/Object;Ljava/lang/Object;)Ljava/lang/Object;" line="194"><counter type="INSTRUCTION" missed="2" covered="16"/><counter type="LINE" missed="0" covered="1"/><counter type="COMPLEXITY" missed="0" covered="1"/><counter type="METHOD" missed="0" covered="1"/></method><method name="call" desc="(Ljava/lang/Object;Ljava/lang/Object;)Ljava/lang/Object;"><counter type="INSTRUCTION" missed="7" covered="0"/><counter type="COMPLEXITY" missed="1" covered="0"/><counter type="METHOD" missed="1" covered="0"/></method><method name="getExchange" desc="()Lio/undertow/server/HttpServerExchange;"><counter type="INSTRUCTION" missed="9" covered="0"/><counter type="COMPLEXITY" missed="1" covered="0"/><counter type="METHOD" missed="1" covered="0"/></method><counter type="INSTRUCTION" missed="18" covered="29"/><counter type="LINE" missed="0" covered="1"/><counter type="COMPLEXITY" missed="2" covered="2"/><counter type="METHOD" missed="2" covered="2"/><counter type="CLASS" missed="0" covered="1"/></class><class name="com/stehno/ersatz/ClientRequest$_getBody_closure4"><method name="&lt;init&gt;" desc="(Ljava/lang/Object;Ljava/lang/Object;)V"><counter type="INSTRUCTION" missed="5" covered="0"/><counter type="COMPLEXITY" missed="1" covered="0"/><counter type="METHOD" missed="1" covered="0"/></method><method name="doCall" desc="(Ljava/lang/Object;)Ljava/lang/Object;" line="111"><counter type="INSTRUCTION" missed="4" covered="0"/><counter type="LINE" missed="1" covered="0"/><counter type="COMPLEXITY" missed="1" covered="0"/><counter type="METHOD" missed="1" covered="0"/></method><method name="call" desc="(Ljava/lang/Object;)Ljava/lang/Object;"><counter type="INSTRUCTION" missed="6" covered="0"/><counter type="COMPLEXITY" missed="1" covered="0"/><counter type="METHOD" missed="1" covered="0"/></method><method name="call" desc="()Ljava/lang/Object;"><counter type="INSTRUCTION" missed="6" covered="0"/><counter type="COMPLEXITY" missed="1" covered="0"/><counter type="METHOD" missed="1" covered="0"/></method><counter type="INSTRUCTION" missed="21" covered="0"/><counter type="LINE" missed="1" covered="0"/><counter type="COMPLEXITY" missed="4" covered="0"/><counter type="METHOD" missed="4" covered="0"/><counter type="CLASS" missed="1" covered="0"/></class><class name="com/stehno/ersatz/Conditions$4$_apply_closure1"><method name="&lt;init&gt;" desc="(Ljava/lang/Object;Ljava/lang/Object;Lgroovy/lang/Reference;)V"><counter type="INSTRUCTION" missed="0" covered="13"/><counter type="COMPLEXITY" missed="0" covered="1"/><counter type="METHOD" missed="0" covered="1"/></method><method name="doCall" desc="(Ljava/lang/Object;Ljava/lang/Object;)Ljava/lang/Object;" line="91"><counter type="INSTRUCTION" missed="2" covered="13"/><counter type="LINE" missed="0" covered="1"/><counter type="COMPLEXITY" missed="0" covered="1"/><counter type="METHOD" missed="0" covered="1"/></method><method name="call" desc="(Ljava/lang/Object;Ljava/lang/Object;)Ljava/lang/Object;"><counter type="INSTRUCTION" missed="7" covered="0"/><counter type="COMPLEXITY" missed="1" covered="0"/><counter type="METHOD" missed="1" covered="0"/></method><method name="getClientRequest" desc="()Lcom/stehno/ersatz/ClientRequest;"><counter type="INSTRUCTION" missed="9" covered="0"/><counter type="COMPLEXITY" missed="1" covered="0"/><counter type="METHOD" missed="1" covered="0"/></method><counter type="INSTRUCTION" missed="18" covered="26"/><counter type="LINE" missed="0" covered="1"/><counter type="COMPLEXITY" missed="2" covered="2"/><counter type="METHOD" missed="2" covered="2"/><counter type="CLASS" missed="0" covered="1"/></class><class name="com/stehno/ersatz/Conditions"><method name="&lt;init&gt;" desc="()V"><counter type="INSTRUCTION" missed="12" covered="0"/><counter type="COMPLEXITY" missed="1" covered="0"/><counter type="METHOD" missed="1" covered="0"/></method><method name="methodEquals" desc="(Ljava/lang/String;)Ljava/util/function/Function;" line="41"><counter type="INSTRUCTION" missed="2" covered="12"/><counter type="LINE" missed="0" covered="1"/><counter type="COMPLEXITY" missed="0" covered="1"/><counter type="METHOD" missed="0" covered="1"/></method><method name="pathEquals" desc="(Ljava/lang/String;)Ljava/util/function/Function;" line="55"><counter type="INSTRUCTION" missed="2" covered="12"/><counter type="LINE" missed="0" covered="1"/><counter type="COMPLEXITY" missed="0" covered="1"/><counter type="METHOD" missed="0" covered="1"/></method><method name="queriesEquals" desc="(Ljava/util/Map;)Ljava/util/function/Function;" line="70"><counter type="INSTRUCTION" missed="2" covered="12"/><counter type="LINE" missed="0" covered="1"/><counter type="COMPLEXITY" missed="0" covered="1"/><counter type="METHOD" missed="0" covered="1"/></method><method name="headersContains" desc="(Ljava/util/Map;)Ljava/util/function/Function;" line="89"><counter type="INSTRUCTION" missed="2" covered="12"/><counter type="LINE" missed="0" covered="1"/><counter type="COMPLEXITY" missed="0" covered="1"/><counter type="METHOD" missed="0" covered="1"/></method><method name="cookiesContains" desc="(Ljava/util/Map;)Ljava/util/function/Function;" line="104"><counter type="INSTRUCTION" missed="2" covered="12"/><counter type="LINE" missed="0" covered="1"/><counter type="COMPLEXITY" missed="0" covered="1"/><counter type="METHOD" missed="0" covered="1"/></method><method name="bodyEquals" desc="(Ljava/lang/Object;Ljava/util/function/Function;)Ljava/util/function/Function;" line="120"><counter type="INSTRUCTION" missed="2" covered="19"/><counter type="LINE" missed="0" covered="1"/><counter type="COMPLEXITY" missed="0" covered="1"/><counter type="METHOD" missed="0" covered="1"/></method><counter type="INSTRUCTION" missed="24" covered="79"/><counter type="LINE" missed="0" covered="6"/><counter type="COMPLEXITY" missed="1" covered="6"/><counter type="METHOD" missed="1" covered="6"/><counter type="CLASS" missed="0" covered="1"/></class><sourcefile name="ErsatzServer.groovy"><line nr="61" mi="0" ci="10" mb="0" cb="0"/><line nr="63" mi="0" ci="30" mb="0" cb="0"/><line nr="73" mi="6" ci="0" mb="0" cb="0"/><line nr="82" mi="3" ci="3" mb="0" cb="0"/><line nr="91" mi="2" ci="24" mb="0" cb="0"/><line nr="103" mi="0" ci="6" mb="0" cb="0"/><line nr="104" mi="2" ci="2" mb="0" cb="0"/><line nr="113" mi="5" ci="0" mb="0" cb="0"/><line nr="125" mi="0" ci="10" mb="0" cb="0"/><line nr="126" mi="0" ci="3" mb="0" cb="0"/><line nr="127" mi="2" ci="2" mb="0" cb="0"/><line nr="135" mi="0" ci="19" mb="0" cb="0"/><line nr="138" mi="0" ci="7" mb="0" cb="0"/><line nr="140" mi="0" ci="7" mb="0" cb="0"/><line nr="142" mi="0" ci="11" mb="0" cb="0"/><line nr="143" mi="0" ci="3" mb="0" cb="2"/><line nr="144" mi="0" ci="7" mb="0" cb="0"/><line nr="145" mi="0" ci="5" mb="0" cb="0"/><line nr="148" mi="0" ci="7" mb="0" cb="0"/><line nr="150" mi="0" ci="9" mb="0" cb="0"/><line nr="155" mi="0" ci="5" mb="0" cb="0"/><line nr="157" mi="0" ci="19" mb="0" cb="0"/><line nr="164" mi="0" ci="10" mb="0" cb="0"/><line nr="166" mi="0" ci="12" mb="0" cb="2"/><line nr="177" mi="9" ci="4" mb="0" cb="0"/><line nr="181" mi="0" ci="8" mb="0" cb="0"/><line nr="183" mi="1" ci="15" mb="1" cb="1"/><line nr="184" mi="2" ci="17" mb="0" cb="0"/><line nr="187" mi="2" ci="4" mb="0" cb="0"/><line nr="191" mi="0" ci="12" mb="0" cb="0"/><line nr="193" mi="0" ci="10" mb="0" cb="0"/><line nr="194" mi="2" ci="16" mb="0" cb="0"/><line nr="197" mi="0" ci="10" mb="0" cb="0"/><line nr="198" mi="2" ci="17" mb="0" cb="0"/><line nr="201" mi="0" ci="24" mb="0" cb="4"/><counter type="INSTRUCTION" missed="90" covered="413"/><counter type="BRANCH" missed="1" covered="9"/><counter type="LINE" missed="2" covered="33"/><counter type="COMPLEXITY" missed="10" covered="25"/><counter type="METHOD" missed="9" covered="21"/><counter type="CLASS" missed="0" covered="5"/></sourcefile><sourcefile name="Verifiers.groovy"><line nr="32" mi="2" ci="5" mb="0" cb="0"/><line nr="34" mi="2" ci="3" mb="0" cb="0"/><line nr="43" mi="2" ci="6" mb="0" cb="0"/><line nr="45" mi="2" ci="7" mb="0" cb="0"/><line nr="54" mi="2" ci="6" mb="0" cb="0"/><line nr="56" mi="2" ci="7" mb="0" cb="0"/><line nr="65" mi="2" ci="6" mb="0" cb="0"/><line nr="67" mi="2" ci="7" mb="0" cb="0"/><line nr="76" mi="2" ci="3" mb="0" cb="0"/><line nr="83" mi="2" ci="3" mb="0" cb="0"/><counter type="INSTRUCTION" missed="32" covered="74"/><counter type="LINE" missed="0" covered="10"/><counter type="COMPLEXITY" missed="1" covered="10"/><counter type="METHOD" missed="1" covered="10"/><counter type="CLASS" missed="0" covered="5"/></sourcefile><sourcefile name="Conditions.groovy"><line nr="41" mi="2" ci="6" mb="0" cb="0"/><line nr="43" mi="2" ci="10" mb="0" cb="0"/><line nr="55" mi="2" ci="6" mb="0" cb="0"/><line nr="57" mi="2" ci="8" mb="0" cb="0"/><line nr="70" mi="2" ci="6" mb="0" cb="0"/><line nr="72" mi="0" ci="14" mb="0" cb="2"/><line nr="73" mi="2" ci="27" mb="1" cb="3"/><line nr="74" mi="2" ci="18" mb="1" cb="1"/><line nr="75" mi="3" ci="24" mb="2" cb="2"/><line nr="89" mi="2" ci="6" mb="0" cb="0"/><line nr="91" mi="4" ci="27" mb="0" cb="0"/><line nr="104" mi="2" ci="6" mb="0" cb="0"/><line nr="106" mi="4" ci="40" mb="1" cb="3"/><line nr="120" mi="2" ci="7" mb="0" cb="0"/><line nr="122" mi="2" ci="14" mb="0" cb="0"/><counter type="INSTRUCTION" missed="109" covered="332"/><counter type="BRANCH" missed="5" covered="11"/><counter type="LINE" missed="0" covered="15"/><counter type="COMPLEXITY" missed="14" covered="23"/><counter type="METHOD" missed="9" covered="20"/><counter type="CLASS" missed="0" covered="11"/></sourcefile><sourcefile name="ClientRequest.groovy"><line nr="45" mi="2" ci="5" mb="0" cb="0"/><line nr="54" mi="2" ci="4" mb="0" cb="0"/><line nr="63" mi="2" ci="4" mb="0" cb="0"/><line nr="72" mi="2" ci="4" mb="0" cb="0"/><line nr="81" mi="2" ci="4" mb="0" cb="0"/><line nr="91" mi="0" ci="8" mb="0" cb="0"/><line nr="93" mi="0" ci="11" mb="0" cb="0"/><line nr="96" mi="0" ci="10" mb="0" cb="0"/><line nr="100" mi="2" ci="4" mb="0" cb="0"/><line nr="111" mi="4" ci="0" mb="0" cb="0"/><line nr="112" mi="2" ci="11" mb="0" cb="2"/><line nr="121" mi="5" ci="25" mb="1" cb="1"/><line nr="126" mi="2" ci="75" mb="0" cb="2"/><counter type="INSTRUCTION" missed="102" covered="262"/><counter type="BRANCH" missed="1" covered="5"/><counter type="LINE" missed="1" covered="12"/><counter type="COMPLEXITY" missed="13" covered="22"/><counter type="METHOD" missed="12" covered="20"/><counter type="CLASS" missed="1" covered="5"/></sourcefile><counter type="INSTRUCTION" missed="333" covered="1081"/><counter type="BRANCH" missed="7" covered="25"/><counter type="LINE" missed="3" covered="70"/><counter type="COMPLEXITY" missed="38" covered="80"/><counter type="METHOD" missed="31" covered="71"/><counter type="CLASS" missed="1" covered="26"/></package><package name="com/stehno/ersatz/feat"><class name="com/stehno/ersatz/feat/SimpleIdentityManager$1$2"><method name="getName" desc="()Ljava/lang/String;" line="47"><counter type="INSTRUCTION" missed="2" covered="8"/><counter type="LINE" missed="0" covered="1"/><counter type="COMPLEXITY" missed="0" covered="1"/><counter type="METHOD" missed="0" covered="1"/></method><counter type="INSTRUCTION" missed="2" covered="8"/><counter type="LINE" missed="0" covered="1"/><counter type="COMPLEXITY" missed="0" covered="1"/><counter type="METHOD" missed="0" covered="1"/><counter type="CLASS" missed="0" covered="1"/></class><class name="com/stehno/ersatz/feat/SimpleIdentityManager"><method name="&lt;init&gt;" desc="(Ljava/lang/String;Ljava/lang/String;)V"><counter type="INSTRUCTION" missed="0" covered="50"/><counter type="COMPLEXITY" missed="0" covered="1"/><counter type="METHOD" missed="0" covered="1"/></method><method name="&lt;init&gt;" desc="(Ljava/lang/String;)V"><counter type="INSTRUCTION" missed="8" covered="0"/><counter type="COMPLEXITY" missed="1" covered="0"/><counter type="METHOD" missed="1" covered="0"/></method><method name="&lt;init&gt;" desc="()V"><counter type="INSTRUCTION" missed="0" covered="9"/><counter type="COMPLEXITY" missed="0" covered="1"/><counter type="METHOD" missed="0" covered="1"/></method><method name="verify" desc="(Lio/undertow/security/idm/Account;)Lio/undertow/security/idm/Account;" line="37"><counter type="INSTRUCTION" missed="11" covered="0"/><counter type="LINE" missed="1" covered="0"/><counter type="COMPLEXITY" missed="1" covered="0"/><counter type="METHOD" missed="1" covered="0"/></method><method name="verify" desc="(Ljava/lang/String;Lio/undertow/security/idm/Credential;)Lio/undertow/security/idm/Account;" line="42"><counter type="INSTRUCTION" missed="43" covered="48"/><counter type="BRANCH" missed="12" covered="6"/><counter type="LINE" missed="1" covered="2"/><counter type="COMPLEXITY" missed="9" covered="1"/><counter type="METHOD" missed="0" covered="1"/></method><method name="verify" desc="(Lio/undertow/security/idm/Credential;)Lio/undertow/security/idm/Account;" line="63"><counter type="INSTRUCTION" missed="11" covered="0"/><counter type="LINE" missed="1" covered="0"/><counter type="COMPLEXITY" missed="1" covered="0"/><counter type="METHOD" missed="1" covered="0"/></method><method name="getUsername" desc="()Ljava/lang/String;"><counter type="INSTRUCTION" missed="3" covered="0"/><counter type="COMPLEXITY" missed="1" covered="0"/><counter type="METHOD" missed="1" covered="0"/></method><method name="setUsername" desc="(Ljava/lang/String;)V"><counter type="INSTRUCTION" missed="4" covered="0"/><counter type="COMPLEXITY" missed="1" covered="0"/><counter type="METHOD" missed="1" covered="0"/></method><method name="getPassword" desc="()Ljava/lang/String;"><counter type="INSTRUCTION" missed="3" covered="0"/><counter type="COMPLEXITY" missed="1" covered="0"/><counter type="METHOD" missed="1" covered="0"/></method><method name="setPassword" desc="(Ljava/lang/String;)V"><counter type="INSTRUCTION" missed="4" covered="0"/><counter type="COMPLEXITY" missed="1" covered="0"/><counter type="METHOD" missed="1" covered="0"/></method><counter type="INSTRUCTION" missed="87" covered="107"/><counter type="BRANCH" missed="12" covered="6"/><counter type="LINE" missed="3" covered="2"/><counter type="COMPLEXITY" missed="16" covered="3"/><counter type="METHOD" missed="7" covered="3"/><counter type="CLASS" missed="0" covered="1"/></class><class name="com/stehno/ersatz/feat/SimpleIdentityManager$1"><method name="getPrincipal" desc="()Ljava/security/Principal;" line="46"><counter type="INSTRUCTION" missed="2" covered="9"/><counter type="LINE" missed="0" covered="1"/><counter type="COMPLEXITY" missed="0" covered="1"/><counter type="METHOD" missed="0" covered="1"/></method><method name="getRoles" desc="()Ljava/util/Set;" line="53"><counter type="INSTRUCTION" missed="2" covered="13"/><counter type="LINE" missed="0" covered="1"/><counter type="COMPLEXITY" missed="0" covered="1"/><counter type="METHOD" missed="0" covered="1"/></method><counter type="INSTRUCTION" missed="4" covered="22"/><counter type="LINE" missed="0" covered="2"/><counter type="COMPLEXITY" missed="0" covered="2"/><counter type="METHOD" missed="0" covered="2"/><counter type="CLASS" missed="0" covered="1"/></class><class name="com/stehno/ersatz/feat/BasicAuthFeature"><method name="&lt;init&gt;" desc="()V" line="46"><counter type="INSTRUCTION" missed="0" covered="30"/><counter type="LINE" missed="0" covered="1"/><counter type="COMPLEXITY" missed="0" covered="1"/><counter type="METHOD" missed="0" covered="1"/></method><method name="apply" desc="(Lio/undertow/server/HttpHandler;)Lio/undertow/server/HttpHandler;" line="50"><counter type="INSTRUCTION" missed="2" covered="23"/><counter type="LINE" missed="0" covered="5"/><counter type="COMPLEXITY" missed="0" covered="1"/><counter type="METHOD" missed="0" covered="1"/></method><method name="getRealm" desc="()Ljava/lang/String;"><counter type="INSTRUCTION" missed="3" covered="0"/><counter type="COMPLEXITY" missed="1" covered="0"/><counter type="METHOD" missed="1" covered="0"/></method><method name="setRealm" desc="(Ljava/lang/String;)V"><counter type="INSTRUCTION" missed="4" covered="0"/><counter type="COMPLEXITY" missed="1" covered="0"/><counter type="METHOD" missed="1" covered="0"/></method><method name="getIdentityManager" desc="()Lio/undertow/security/idm/IdentityManager;"><counter type="INSTRUCTION" missed="3" covered="0"/><counter type="COMPLEXITY" missed="1" covered="0"/><counter type="METHOD" missed="1" covered="0"/></method><method name="setIdentityManager" desc="(Lio/undertow/security/idm/IdentityManager;)V"><counter type="INSTRUCTION" missed="4" covered="0"/><counter type="COMPLEXITY" missed="1" covered="0"/><counter type="METHOD" missed="1" covered="0"/></method><counter type="INSTRUCTION" missed="16" covered="53"/><counter type="LINE" missed="0" covered="6"/><counter type="COMPLEXITY" missed="4" covered="2"/><counter type="METHOD" missed="4" covered="2"/><counter type="CLASS" missed="0" covered="1"/></class><sourcefile name="SimpleIdentityManager.groovy"><line nr="37" mi="9" ci="0" mb="0" cb="0"/><line nr="42" mi="29" ci="34" mb="12" cb="6"/><line nr="43" mi="7" ci="6" mb="0" cb="0"/><line nr="46" mi="2" ci="7" mb="0" cb="0"/><line nr="47" mi="2" ci="6" mb="0" cb="0"/><line nr="53" mi="2" ci="11" mb="0" cb="0"/><line nr="58" mi="7" ci="0" mb="0" cb="0"/><line nr="63" mi="9" ci="0" mb="0" cb="0"/><counter type="INSTRUCTION" missed="93" covered="137"/><counter type="BRANCH" missed="12" covered="6"/><counter type="LINE" missed="3" covered="5"/><counter type="COMPLEXITY" missed="16" covered="6"/><counter type="METHOD" missed="7" covered="6"/><counter type="CLASS" missed="0" covered="3"/></sourcefile><sourcefile name="BasicAuthFeature.groovy"><line nr="46" mi="0" ci="20" mb="0" cb="0"/><line nr="50" mi="0" ci="5" mb="0" cb="0"/><line nr="53" mi="0" ci="2" mb="0" cb="0"/><line nr="54" mi="0" ci="2" mb="0" cb="0"/><line nr="55" mi="0" ci="5" mb="0" cb="0"/><line nr="57" mi="2" ci="9" mb="0" cb="0"/><counter type="INSTRUCTION" missed="16" covered="53"/><counter type="LINE" missed="0" covered="6"/><counter type="COMPLEXITY" missed="4" covered="2"/><counter type="METHOD" missed="4" covered="2"/><counter type="CLASS" missed="0" covered="1"/></sourcefile><counter type="INSTRUCTION" missed="109" covered="190"/><counter type="BRANCH" missed="12" covered="6"/><counter type="LINE" missed="3" covered="11"/><counter type="COMPLEXITY" missed="20" covered="8"/><counter type="METHOD" missed="11" covered="8"/><counter type="CLASS" missed="0" covered="4"/></package><package name="com/stehno/ersatz/impl"><class name="com/stehno/ersatz/impl/ErsatzRequest$_queries_closure1"><method name="&lt;init&gt;" desc="(Ljava/lang/Object;Ljava/lang/Object;)V"><counter type="INSTRUCTION" missed="0" covered="5"/><counter type="COMPLEXITY" missed="0" covered="1"/><counter type="METHOD" missed="0" covered="1"/></method><method name="doCall" desc="(Ljava/lang/Object;Ljava/lang/Object;)Ljava/lang/Object;" line="80"><counter type="INSTRUCTION" missed="21" covered="21"/><counter type="BRANCH" missed="1" covered="1"/><counter type="LINE" missed="1" covered="2"/><counter type="COMPLEXITY" missed="1" covered="1"/><counter type="METHOD" missed="0" covered="1"/></method><method name="call" desc="(Ljava/lang/Object;Ljava/lang/Object;)Ljava/lang/Object;"><counter type="INSTRUCTION" missed="7" covered="0"/><counter type="COMPLEXITY" missed="1" covered="0"/><counter type="METHOD" missed="1" covered="0"/></method><counter type="INSTRUCTION" missed="28" covered="26"/><counter type="BRANCH" missed="1" covered="1"/><counter type="LINE" missed="1" covered="2"/><counter type="COMPLEXITY" missed="2" covered="2"/><counter type="METHOD" missed="1" covered="2"/><counter type="CLASS" missed="0" covered="1"/></class><class name="com/stehno/ersatz/impl/ExpectationsImpl"><method name="&lt;init&gt;" desc="()V" line="38"><counter type="INSTRUCTION" missed="0" covered="22"/><counter type="LINE" missed="0" covered="1"/><counter type="COMPLEXITY" missed="0" covered="1"/><counter type="METHOD" missed="0" covered="1"/></method><method name="get" desc="(Ljava/lang/String;)Lcom/stehno/ersatz/Request;" line="42"><counter type="INSTRUCTION" missed="2" covered="8"/><counter type="LINE" missed="0" covered="1"/><counter type="COMPLEXITY" missed="0" covered="1"/><counter type="METHOD" missed="0" covered="1"/></method><method name="get" desc="(Ljava/lang/String;Lgroovy/lang/Closure;)Lcom/stehno/ersatz/Request;" line="47"><counter type="INSTRUCTION" missed="2" covered="9"/><counter type="LINE" missed="0" covered="1"/><counter type="COMPLEXITY" missed="0" covered="1"/><counter type="METHOD" missed="0" covered="1"/></method><method name="get" desc="(Ljava/lang/String;Ljava/util/function/Consumer;)Lcom/stehno/ersatz/Request;" line="52"><counter type="INSTRUCTION" missed="11" covered="0"/><counter type="LINE" missed="1" covered="0"/><counter type="COMPLEXITY" missed="1" covered="0"/><counter type="METHOD" missed="1" covered="0"/></method><method name="head" desc="(Ljava/lang/String;)Lcom/stehno/ersatz/Request;" line="57"><counter type="INSTRUCTION" missed="2" covered="9"/><counter type="LINE" missed="0" covered="1"/><counter type="COMPLEXITY" missed="0" covered="1"/><counter type="METHOD" missed="0" covered="1"/></method><method name="head" desc="(Ljava/lang/String;Lgroovy/lang/Closure;)Lcom/stehno/ersatz/Request;" line="62"><counter type="INSTRUCTION" missed="12" covered="0"/><counter type="LINE" missed="1" covered="0"/><counter type="COMPLEXITY" missed="1" covered="0"/><counter type="METHOD" missed="1" covered="0"/></method><method name="head" desc="(Ljava/lang/String;Ljava/util/function/Consumer;)Lcom/stehno/ersatz/Request;" line="67"><counter type="INSTRUCTION" missed="11" covered="0"/><counter type="LINE" missed="1" covered="0"/><counter type="COMPLEXITY" missed="1" covered="0"/><counter type="METHOD" missed="1" covered="0"/></method><method name="post" desc="(Ljava/lang/String;)Lcom/stehno/ersatz/RequestWithContent;" line="72"><counter type="INSTRUCTION" missed="2" covered="11"/><counter type="LINE" missed="0" covered="1"/><counter type="COMPLEXITY" missed="0" covered="1"/><counter type="METHOD" missed="0" covered="1"/></method><method name="post" desc="(Ljava/lang/String;Lgroovy/lang/Closure;)Lcom/stehno/ersatz/RequestWithContent;" line="77"><counter type="INSTRUCTION" missed="2" covered="12"/><counter type="LINE" missed="0" covered="1"/><counter type="COMPLEXITY" missed="0" covered="1"/><counter type="METHOD" missed="0" covered="1"/></method><method name="post" desc="(Ljava/lang/String;Ljava/util/function/Consumer;)Lcom/stehno/ersatz/RequestWithContent;" line="82"><counter type="INSTRUCTION" missed="14" covered="0"/><counter type="LINE" missed="1" covered="0"/><counter type="COMPLEXITY" missed="1" covered="0"/><counter type="METHOD" missed="1" covered="0"/></method><method name="put" desc="(Ljava/lang/String;)Lcom/stehno/ersatz/RequestWithContent;" line="87"><counter type="INSTRUCTION" missed="2" covered="11"/><counter type="LINE" missed="0" covered="1"/><counter type="COMPLEXITY" missed="0" covered="1"/><counter type="METHOD" missed="0" covered="1"/></method><method name="put" desc="(Ljava/lang/String;Lgroovy/lang/Closure;)Lcom/stehno/ersatz/RequestWithContent;" line="92"><counter type="INSTRUCTION" missed="14" covered="0"/><counter type="LINE" missed="1" covered="0"/><counter type="COMPLEXITY" missed="1" covered="0"/><counter type="METHOD" missed="1" covered="0"/></method><method name="put" desc="(Ljava/lang/String;Ljava/util/function/Consumer;)Lcom/stehno/ersatz/RequestWithContent;" line="97"><counter type="INSTRUCTION" missed="14" covered="0"/><counter type="LINE" missed="1" covered="0"/><counter type="COMPLEXITY" missed="1" covered="0"/><counter type="METHOD" missed="1" covered="0"/></method><method name="delete" desc="(Ljava/lang/String;)Lcom/stehno/ersatz/Request;" line="102"><counter type="INSTRUCTION" missed="2" covered="8"/><counter type="LINE" missed="0" covered="1"/><counter type="COMPLEXITY" missed="0" covered="1"/><counter type="METHOD" missed="0" covered="1"/></method><method name="delete" desc="(Ljava/lang/String;Lgroovy/lang/Closure;)Lcom/stehno/ersatz/Request;" line="107"><counter type="INSTRUCTION" missed="11" covered="0"/><counter type="LINE" missed="1" covered="0"/><counter type="COMPLEXITY" missed="1" covered="0"/><counter type="METHOD" missed="1" covered="0"/></method><method name="delete" desc="(Ljava/lang/String;Ljava/util/function/Consumer;)Lcom/stehno/ersatz/Request;" line="112"><counter type="INSTRUCTION" missed="11" covered="0"/><counter type="LINE" missed="1" covered="0"/><counter type="COMPLEXITY" missed="1" covered="0"/><counter type="METHOD" missed="1" covered="0"/></method><method name="patch" desc="(Ljava/lang/String;)Lcom/stehno/ersatz/RequestWithContent;" line="117"><counter type="INSTRUCTION" missed="13" covered="0"/><counter type="LINE" missed="1" covered="0"/><counter type="COMPLEXITY" missed="1" covered="0"/><counter type="METHOD" missed="1" covered="0"/></method><method name="patch" desc="(Ljava/lang/String;Lgroovy/lang/Closure;)Lcom/stehno/ersatz/RequestWithContent;" line="122"><counter type="INSTRUCTION" missed="14" covered="0"/><counter type="LINE" missed="1" covered="0"/><counter type="COMPLEXITY" missed="1" covered="0"/><counter type="METHOD" missed="1" covered="0"/></method><method name="patch" desc="(Ljava/lang/String;Ljava/util/function/Consumer;)Lcom/stehno/ersatz/RequestWithContent;" line="127"><counter type="INSTRUCTION" missed="14" covered="0"/><counter type="LINE" missed="1" covered="0"/><counter type="COMPLEXITY" missed="1" covered="0"/><counter type="METHOD" missed="1" covered="0"/></method><method name="findMatch" desc="(Lcom/stehno/ersatz/ClientRequest;)Lcom/stehno/ersatz/Request;" line="137"><counter type="INSTRUCTION" missed="2" covered="19"/><counter type="LINE" missed="0" covered="1"/><counter type="COMPLEXITY" missed="0" covered="1"/><counter type="METHOD" missed="0" covered="1"/></method><method name="verify" desc="()Z" line="146"><counter type="INSTRUCTION" missed="9" covered="11"/><counter type="LINE" missed="0" covered="2"/><counter type="COMPLEXITY" missed="0" covered="1"/><counter type="METHOD" missed="0" covered="1"/></method><method name="expect" desc="(Lcom/stehno/ersatz/Request;)Lcom/stehno/ersatz/Request;" line="153"><counter type="INSTRUCTION" missed="2" covered="7"/><counter type="LINE" missed="0" covered="2"/><counter type="COMPLEXITY" missed="0" covered="1"/><counter type="METHOD" missed="0" covered="1"/></method><method name="expect" desc="(Lcom/stehno/ersatz/Request;Lgroovy/lang/Closure;)Lcom/stehno/ersatz/Request;" line="158"><counter type="INSTRUCTION" missed="2" covered="15"/><counter type="LINE" missed="0" covered="4"/><counter type="COMPLEXITY" missed="0" covered="1"/><counter type="METHOD" missed="0" covered="1"/></method><method name="expect" desc="(Lcom/stehno/ersatz/Request;Ljava/util/function/Consumer;)Lcom/stehno/ersatz/Request;" line="166"><counter type="INSTRUCTION" missed="14" covered="0"/><counter type="LINE" missed="3" covered="0"/><counter type="COMPLEXITY" missed="1" covered="0"/><counter type="METHOD" missed="1" covered="0"/></method><counter type="INSTRUCTION" missed="182" covered="142"/><counter type="LINE" missed="14" covered="17"/><counter type="COMPLEXITY" missed="12" covered="12"/><counter type="METHOD" missed="12" covered="12"/><counter type="CLASS" missed="0" covered="1"/></class><class name="com/stehno/ersatz/impl/ExpectationsImpl$_findMatch_closure1"><method name="&lt;init&gt;" desc="(Ljava/lang/Object;Ljava/lang/Object;Lgroovy/lang/Reference;)V"><counter type="INSTRUCTION" missed="0" covered="13"/><counter type="COMPLEXITY" missed="0" covered="1"/><counter type="METHOD" missed="0" covered="1"/></method><method name="doCall" desc="(Ljava/lang/Object;)Ljava/lang/Object;" line="137"><counter type="INSTRUCTION" missed="2" covered="13"/><counter type="LINE" missed="0" covered="1"/><counter type="COMPLEXITY" missed="0" covered="1"/><counter type="METHOD" missed="0" covered="1"/></method><method name="getClientRequest" desc="()Lcom/stehno/ersatz/ClientRequest;"><counter type="INSTRUCTION" missed="9" covered="0"/><counter type="COMPLEXITY" missed="1" covered="0"/><counter type="METHOD" missed="1" covered="0"/></method><method name="call" desc="(Ljava/lang/Object;)Ljava/lang/Object;"><counter type="INSTRUCTION" missed="6" covered="0"/><counter type="COMPLEXITY" missed="1" covered="0"/><counter type="METHOD" missed="1" covered="0"/></method><method name="call" desc="()Ljava/lang/Object;"><counter type="INSTRUCTION" missed="6" covered="0"/><counter type="COMPLEXITY" missed="1" covered="0"/><counter type="METHOD" missed="1" covered="0"/></method><counter type="INSTRUCTION" missed="23" covered="26"/><counter type="LINE" missed="0" covered="1"/><counter type="COMPLEXITY" missed="3" covered="2"/><counter type="METHOD" missed="3" covered="2"/><counter type="CLASS" missed="0" covered="1"/></class><class name="com/stehno/ersatz/impl/ExpectationsImpl$_verify_closure2"><method name="&lt;init&gt;" desc="(Ljava/lang/Object;Ljava/lang/Object;)V"><counter type="INSTRUCTION" missed="0" covered="5"/><counter type="COMPLEXITY" missed="0" covered="1"/><counter type="METHOD" missed="0" covered="1"/></method><method name="doCall" desc="(Ljava/lang/Object;)Ljava/lang/Object;" line="147"><counter type="INSTRUCTION" missed="23" covered="9"/><counter type="BRANCH" missed="1" covered="1"/><counter type="LINE" missed="0" covered="1"/><counter type="COMPLEXITY" missed="1" covered="1"/><counter type="METHOD" missed="0" covered="1"/></method><method name="call" desc="(Ljava/lang/Object;)Ljava/lang/Object;"><counter type="INSTRUCTION" missed="2" covered="4"/><counter type="COMPLEXITY" missed="0" covered="1"/><counter type="METHOD" missed="0" covered="1"/></method><method name="call" desc="()Ljava/lang/Object;"><counter type="INSTRUCTION" missed="6" covered="0"/><counter type="COMPLEXITY" missed="1" covered="0"/><counter type="METHOD" missed="1" covered="0"/></method><counter type="INSTRUCTION" missed="31" covered="18"/><counter type="BRANCH" missed="1" covered="1"/><counter type="LINE" missed="0" covered="1"/><counter type="COMPLEXITY" missed="2" covered="3"/><counter type="METHOD" missed="1" covered="3"/><counter type="CLASS" missed="0" covered="1"/></class><class name="com/stehno/ersatz/impl/ErsatzResponse"><method name="&lt;init&gt;" desc="(Z)V"><counter type="INSTRUCTION" missed="0" covered="49"/><counter type="COMPLEXITY" missed="0" covered="1"/><counter type="METHOD" missed="0" covered="1"/></method><method name="&lt;init&gt;" desc="()V"><counter type="INSTRUCTION" missed="0" covered="5"/><counter type="COMPLEXITY" missed="0" covered="1"/><counter type="METHOD" missed="0" covered="1"/></method><method name="content" desc="(Ljava/lang/Object;)Lcom/stehno/ersatz/Response;" line="42"><counter type="INSTRUCTION" missed="2" covered="19"/><counter type="BRANCH" missed="0" covered="2"/><counter type="LINE" missed="0" covered="4"/><counter type="COMPLEXITY" missed="0" covered="2"/><counter type="METHOD" missed="0" covered="1"/></method><method name="content" desc="(Ljava/lang/Object;Ljava/lang/String;)Lcom/stehno/ersatz/Response;" line="52"><counter type="INSTRUCTION" missed="2" covered="8"/><counter type="LINE" missed="0" covered="2"/><counter type="COMPLEXITY" missed="0" covered="1"/><counter type="METHOD" missed="0" covered="1"/></method><method name="header" desc="(Ljava/lang/String;Ljava/lang/String;)Lcom/stehno/ersatz/Response;" line="58"><counter type="INSTRUCTION" missed="2" covered="12"/><counter type="LINE" missed="0" covered="2"/><counter type="COMPLEXITY" missed="0" covered="1"/><counter type="METHOD" missed="0" covered="1"/></method><method name="headers" desc="(Ljava/util/Map;)Lcom/stehno/ersatz/Response;" line="64"><counter type="INSTRUCTION" missed="2" covered="8"/><counter type="LINE" missed="0" covered="2"/><counter type="COMPLEXITY" missed="0" covered="1"/><counter type="METHOD" missed="0" covered="1"/></method><method name="cookies" desc="(Ljava/util/Map;)Lcom/stehno/ersatz/Response;" line="70"><counter type="INSTRUCTION" missed="2" covered="8"/><counter type="LINE" missed="0" covered="2"/><counter type="COMPLEXITY" missed="0" covered="1"/><counter type="METHOD" missed="0" covered="1"/></method><method name="cookie" desc="(Ljava/lang/String;Ljava/lang/String;)Lcom/stehno/ersatz/Response;" line="76"><counter type="INSTRUCTION" missed="2" covered="12"/><counter type="LINE" missed="0" covered="2"/><counter type="COMPLEXITY" missed="0" covered="1"/><counter type="METHOD" missed="0" covered="1"/></method><method name="contentType" desc="(Ljava/lang/String;)Lcom/stehno/ersatz/Response;" line="82"><counter type="INSTRUCTION" missed="2" covered="7"/><counter type="LINE" missed="0" covered="2"/><counter type="COMPLEXITY" missed="0" covered="1"/><counter type="METHOD" missed="0" covered="1"/></method><method name="getContentType" desc="()Ljava/lang/String;" line="88"><counter type="INSTRUCTION" missed="2" covered="7"/><counter type="LINE" missed="0" covered="1"/><counter type="COMPLEXITY" missed="0" covered="1"/><counter type="METHOD" missed="0" covered="1"/></method><method name="code" desc="(I)Lcom/stehno/ersatz/Response;" line="93"><counter type="INSTRUCTION" missed="2" covered="11"/><counter type="LINE" missed="0" covered="2"/><counter type="COMPLEXITY" missed="0" covered="1"/><counter type="METHOD" missed="0" covered="1"/></method><method name="getHeaders" desc="()Ljava/util/Map;" line="99"><counter type="INSTRUCTION" missed="2" covered="4"/><counter type="LINE" missed="0" covered="1"/><counter type="COMPLEXITY" missed="0" covered="1"/><counter type="METHOD" missed="0" covered="1"/></method><method name="getCookies" desc="()Ljava/util/Map;" line="104"><counter type="INSTRUCTION" missed="2" covered="4"/><counter type="LINE" missed="0" covered="1"/><counter type="COMPLEXITY" missed="0" covered="1"/><counter type="METHOD" missed="0" covered="1"/></method><method name="getContent" desc="()Ljava/lang/Object;" line="109"><counter type="INSTRUCTION" missed="2" covered="3"/><counter type="LINE" missed="0" covered="1"/><counter type="COMPLEXITY" missed="0" covered="1"/><counter type="METHOD" missed="0" covered="1"/></method><method name="getCode" desc="()Ljava/lang/Integer;" line="114"><counter type="INSTRUCTION" missed="2" covered="3"/><counter type="LINE" missed="0" covered="1"/><counter type="COMPLEXITY" missed="0" covered="1"/><counter type="METHOD" missed="0" covered="1"/></method><method name="getCONTENT_TYPE_HEADER" desc="()Ljava/lang/String;"><counter type="INSTRUCTION" missed="2" covered="0"/><counter type="COMPLEXITY" missed="1" covered="0"/><counter type="METHOD" missed="1" covered="0"/></method><method name="getEmpty" desc="()Z"><counter type="INSTRUCTION" missed="3" covered="0"/><counter type="COMPLEXITY" missed="1" covered="0"/><counter type="METHOD" missed="1" covered="0"/></method><method name="isEmpty" desc="()Z"><counter type="INSTRUCTION" missed="3" covered="0"/><counter type="COMPLEXITY" missed="1" covered="0"/><counter type="METHOD" missed="1" covered="0"/></method><counter type="INSTRUCTION" missed="34" covered="160"/><counter type="BRANCH" missed="0" covered="2"/><counter type="LINE" missed="0" covered="23"/><counter type="COMPLEXITY" missed="3" covered="16"/><counter type="METHOD" missed="3" covered="15"/><counter type="CLASS" missed="0" covered="1"/></class><class name="com/stehno/ersatz/impl/ErsatzRequest$_query_closure2"><method name="&lt;init&gt;" desc="(Ljava/lang/Object;Ljava/lang/Object;)V"><counter type="INSTRUCTION" missed="0" covered="5"/><counter type="COMPLEXITY" missed="0" covered="1"/><counter type="METHOD" missed="0" covered="1"/></method><method name="doCall" desc="(Ljava/lang/Object;)Ljava/lang/Object;" line="108"><counter type="INSTRUCTION" missed="2" covered="4"/><counter type="LINE" missed="0" covered="1"/><counter type="COMPLEXITY" missed="0" covered="1"/><counter type="METHOD" missed="0" covered="1"/></method><method name="call" desc="(Ljava/lang/Object;)Ljava/lang/Object;"><counter type="INSTRUCTION" missed="6" covered="0"/><counter type="COMPLEXITY" missed="1" covered="0"/><counter type="METHOD" missed="1" covered="0"/></method><method name="call" desc="()Ljava/lang/Object;"><counter type="INSTRUCTION" missed="6" covered="0"/><counter type="COMPLEXITY" missed="1" covered="0"/><counter type="METHOD" missed="1" covered="0"/></method><counter type="INSTRUCTION" missed="14" covered="9"/><counter type="LINE" missed="0" covered="1"/><counter type="COMPLEXITY" missed="2" covered="2"/><counter type="METHOD" missed="2" covered="2"/><counter type="CLASS" missed="0" covered="1"/></class><class name="com/stehno/ersatz/impl/ErsatzRequestWithContent$_closure5"><method name="&lt;init&gt;" desc="(Ljava/lang/Object;Ljava/lang/Object;)V"><counter type="INSTRUCTION" missed="0" covered="5"/><counter type="COMPLEXITY" missed="0" covered="1"/><counter type="METHOD" missed="0" covered="1"/></method><method name="doCall" desc="([B)Ljava/lang/Object;" line="43"><counter type="INSTRUCTION" missed="8" covered="0"/><counter type="LINE" missed="1" covered="0"/><counter type="COMPLEXITY" missed="1" covered="0"/><counter type="METHOD" missed="1" covered="0"/></method><method name="call" desc="([B)Ljava/lang/Object;"><counter type="INSTRUCTION" missed="6" covered="0"/><counter type="COMPLEXITY" missed="1" covered="0"/><counter type="METHOD" missed="1" covered="0"/></method><counter type="INSTRUCTION" missed="14" covered="5"/><counter type="LINE" missed="1" covered="0"/><counter type="COMPLEXITY" missed="2" covered="1"/><counter type="METHOD" missed="2" covered="1"/><counter type="CLASS" missed="0" covered="1"/></class><class name="com/stehno/ersatz/impl/ErsatzRequestWithContent$_closure4"><method name="&lt;init&gt;" desc="(Ljava/lang/Object;Ljava/lang/Object;)V"><counter type="INSTRUCTION" missed="0" covered="5"/><counter type="COMPLEXITY" missed="0" covered="1"/><counter type="METHOD" missed="0" covered="1"/></method><method name="doCall" desc="([B)Ljava/lang/Object;" line="42"><counter type="INSTRUCTION" missed="8" covered="0"/><counter type="LINE" missed="1" covered="0"/><counter type="COMPLEXITY" missed="1" covered="0"/><counter type="METHOD" missed="1" covered="0"/></method><method name="call" desc="([B)Ljava/lang/Object;"><counter type="INSTRUCTION" missed="6" covered="0"/><counter type="COMPLEXITY" missed="1" covered="0"/><counter type="METHOD" missed="1" covered="0"/></method><counter type="INSTRUCTION" missed="14" covered="5"/><counter type="LINE" missed="1" covered="0"/><counter type="COMPLEXITY" missed="2" covered="1"/><counter type="METHOD" missed="2" covered="1"/><counter type="CLASS" missed="0" covered="1"/></class><class name="com/stehno/ersatz/impl/ErsatzRequestWithContent$_closure3"><method name="&lt;init&gt;" desc="(Ljava/lang/Object;Ljava/lang/Object;)V"><counter type="INSTRUCTION" missed="0" covered="5"/><counter type="COMPLEXITY" missed="0" covered="1"/><counter type="METHOD" missed="0" covered="1"/></method><method name="doCall" desc="([B)Ljava/lang/Object;" line="41"><counter type="INSTRUCTION" missed="8" covered="0"/><counter type="LINE" missed="1" covered="0"/><counter type="COMPLEXITY" missed="1" covered="0"/><counter type="METHOD" missed="1" covered="0"/></method><method name="call" desc="([B)Ljava/lang/Object;"><counter type="INSTRUCTION" missed="6" covered="0"/><counter type="COMPLEXITY" missed="1" covered="0"/><counter type="METHOD" missed="1" covered="0"/></method><counter type="INSTRUCTION" missed="14" covered="5"/><counter type="LINE" missed="1" covered="0"/><counter type="COMPLEXITY" missed="2" covered="1"/><counter type="METHOD" missed="2" covered="1"/><counter type="CLASS" missed="0" covered="1"/></class><class name="com/stehno/ersatz/impl/ErsatzRequestWithContent$_closure2"><method name="&lt;init&gt;" desc="(Ljava/lang/Object;Ljava/lang/Object;)V"><counter type="INSTRUCTION" missed="0" covered="5"/><counter type="COMPLEXITY" missed="0" covered="1"/><counter type="METHOD" missed="0" covered="1"/></method><method name="doCall" desc="([B)Ljava/lang/Object;" line="40"><counter type="INSTRUCTION" missed="2" covered="6"/><counter type="LINE" missed="0" covered="1"/><counter type="COMPLEXITY" missed="0" covered="1"/><counter type="METHOD" missed="0" covered="1"/></method><method name="call" desc="([B)Ljava/lang/Object;"><counter type="INSTRUCTION" missed="6" covered="0"/><counter type="COMPLEXITY" missed="1" covered="0"/><counter type="METHOD" missed="1" covered="0"/></method><counter type="INSTRUCTION" missed="8" covered="11"/><counter type="LINE" missed="0" covered="1"/><counter type="COMPLEXITY" missed="1" covered="2"/><counter type="METHOD" missed="1" covered="2"/><counter type="CLASS" missed="0" covered="1"/></class><class name="com/stehno/ersatz/impl/ErsatzRequestWithContent$_closure1"><method name="&lt;init&gt;" desc="(Ljava/lang/Object;Ljava/lang/Object;)V"><counter type="INSTRUCTION" missed="0" covered="5"/><counter type="COMPLEXITY" missed="0" covered="1"/><counter type="METHOD" missed="0" covered="1"/></method><method name="doCall" desc="([B)Ljava/lang/Object;" line="39"><counter type="INSTRUCTION" missed="8" covered="0"/><counter type="LINE" missed="1" covered="0"/><counter type="COMPLEXITY" missed="1" covered="0"/><counter type="METHOD" missed="1" covered="0"/></method><method name="call" desc="([B)Ljava/lang/Object;"><counter type="INSTRUCTION" missed="6" covered="0"/><counter type="COMPLEXITY" missed="1" covered="0"/><counter type="METHOD" missed="1" covered="0"/></method><counter type="INSTRUCTION" missed="14" covered="5"/><counter type="LINE" missed="1" covered="0"/><counter type="COMPLEXITY" missed="2" covered="1"/><counter type="METHOD" missed="2" covered="1"/><counter type="CLASS" missed="0" covered="1"/></class><class name="com/stehno/ersatz/impl/ErsatzRequestWithContent"><method name="&lt;init&gt;" desc="(Ljava/lang/String;Ljava/lang/String;)V" line="54"><counter type="INSTRUCTION" missed="0" covered="90"/><counter type="LINE" missed="0" covered="1"/><counter type="COMPLEXITY" missed="0" covered="1"/><counter type="METHOD" missed="0" covered="1"/></method><method name="body" desc="(Ljava/lang/Object;)Lcom/stehno/ersatz/RequestWithContent;" line="59"><counter type="INSTRUCTION" missed="2" covered="10"/><counter type="LINE" missed="0" covered="2"/><counter type="COMPLEXITY" missed="0" covered="1"/><counter type="METHOD" missed="0" covered="1"/></method><method name="body" desc="(Ljava/lang/Object;Ljava/lang/String;)Lcom/stehno/ersatz/RequestWithContent;" line="65"><counter type="INSTRUCTION" missed="2" covered="8"/><counter type="LINE" missed="0" covered="2"/><counter type="COMPLEXITY" missed="0" covered="1"/><counter type="METHOD" missed="0" covered="1"/></method><method name="contentType" desc="(Ljava/lang/String;)Lcom/stehno/ersatz/RequestWithContent;" line="71"><counter type="INSTRUCTION" missed="2" covered="8"/><counter type="LINE" missed="0" covered="2"/><counter type="COMPLEXITY" missed="0" covered="1"/><counter type="METHOD" missed="0" covered="1"/></method><method name="getContentType" desc="()Ljava/lang/String;" line="76"><counter type="INSTRUCTION" missed="2" covered="5"/><counter type="LINE" missed="0" covered="1"/><counter type="COMPLEXITY" missed="0" covered="1"/><counter type="METHOD" missed="0" covered="1"/></method><method name="converter" desc="(Ljava/lang/String;Ljava/util/function/Function;)Lcom/stehno/ersatz/RequestWithContent;" line="81"><counter type="INSTRUCTION" missed="2" covered="12"/><counter type="LINE" missed="0" covered="2"/><counter type="COMPLEXITY" missed="0" covered="1"/><counter type="METHOD" missed="0" covered="1"/></method><method name="getBody" desc="()Ljava/lang/Object;" line="91"><counter type="INSTRUCTION" missed="2" covered="3"/><counter type="LINE" missed="0" covered="1"/><counter type="COMPLEXITY" missed="0" covered="1"/><counter type="METHOD" missed="0" covered="1"/></method><method name="matches" desc="(Lcom/stehno/ersatz/ClientRequest;)Z" line="114"><counter type="INSTRUCTION" missed="11" covered="27"/><counter type="BRANCH" missed="1" covered="5"/><counter type="LINE" missed="0" covered="2"/><counter type="COMPLEXITY" missed="1" covered="3"/><counter type="METHOD" missed="0" covered="1"/></method><method name="findConverter" desc="(Ljava/lang/String;)Ljava/util/function/Function;" line="119"><counter type="INSTRUCTION" missed="9" covered="21"/><counter type="BRANCH" missed="1" covered="3"/><counter type="LINE" missed="0" covered="1"/><counter type="COMPLEXITY" missed="1" covered="2"/><counter type="METHOD" missed="0" covered="1"/></method><method name="toString" desc="()Ljava/lang/String;" line="123"><counter type="INSTRUCTION" missed="34" covered="0"/><counter type="LINE" missed="1" covered="0"/><counter type="COMPLEXITY" missed="1" covered="0"/><counter type="METHOD" missed="1" covered="0"/></method><counter type="INSTRUCTION" missed="66" covered="184"/><counter type="BRANCH" missed="2" covered="8"/><counter type="LINE" missed="1" covered="14"/><counter type="COMPLEXITY" missed="3" covered="12"/><counter type="METHOD" missed="1" covered="9"/><counter type="CLASS" missed="0" covered="1"/></class><class name="com/stehno/ersatz/impl/ErsatzRequest$_matches_closure3"><method name="&lt;init&gt;" desc="(Ljava/lang/Object;Ljava/lang/Object;Lgroovy/lang/Reference;)V"><counter type="INSTRUCTION" missed="0" covered="13"/><counter type="COMPLEXITY" missed="0" covered="1"/><counter type="METHOD" missed="0" covered="1"/></method><method name="doCall" desc="(Ljava/lang/Object;)Ljava/lang/Object;" line="210"><counter type="INSTRUCTION" missed="2" covered="7"/><counter type="LINE" missed="0" covered="1"/><counter type="COMPLEXITY" missed="0" covered="1"/><counter type="METHOD" missed="0" covered="1"/></method><method name="getClientRequest" desc="()Lcom/stehno/ersatz/ClientRequest;"><counter type="INSTRUCTION" missed="9" covered="0"/><counter type="COMPLEXITY" missed="1" covered="0"/><counter type="METHOD" missed="1" covered="0"/></method><method name="call" desc="(Ljava/lang/Object;)Ljava/lang/Object;"><counter type="INSTRUCTION" missed="6" covered="0"/><counter type="COMPLEXITY" missed="1" covered="0"/><counter type="METHOD" missed="1" covered="0"/></method><method name="call" desc="()Ljava/lang/Object;"><counter type="INSTRUCTION" missed="6" covered="0"/><counter type="COMPLEXITY" missed="1" covered="0"/><counter type="METHOD" missed="1" covered="0"/></method><method name="doCall" desc="()Ljava/lang/Object;"><counter type="INSTRUCTION" missed="6" covered="0"/><counter type="COMPLEXITY" missed="1" covered="0"/><counter type="METHOD" missed="1" covered="0"/></method><counter type="INSTRUCTION" missed="29" covered="20"/><counter type="LINE" missed="0" covered="1"/><counter type="COMPLEXITY" missed="4" covered="2"/><counter type="METHOD" missed="4" covered="2"/><counter type="CLASS" missed="0" covered="1"/></class><class name="com/stehno/ersatz/impl/ErsatzRequest"><method name="&lt;init&gt;" desc="(Ljava/lang/String;Ljava/lang/String;Z)V" line="38"><counter type="INSTRUCTION" missed="0" covered="104"/><counter type="LINE" missed="0" covered="7"/><counter type="COMPLEXITY" missed="0" covered="1"/><counter type="METHOD" missed="0" covered="1"/></method><method name="&lt;init&gt;" desc="(Ljava/lang/String;Ljava/lang/String;)V"><counter type="INSTRUCTION" missed="0" covered="6"/><counter type="COMPLEXITY" missed="0" covered="1"/><counter type="METHOD" missed="0" covered="1"/></method><method name="getPath" desc="()Ljava/lang/String;" line="63"><counter type="INSTRUCTION" missed="2" covered="3"/><counter type="LINE" missed="0" covered="1"/><counter type="COMPLEXITY" missed="0" covered="1"/><counter type="METHOD" missed="0" covered="1"/></method><method name="getMethod" desc="()Ljava/lang/String;" line="68"><counter type="INSTRUCTION" missed="2" covered="3"/><counter type="LINE" missed="0" covered="1"/><counter type="COMPLEXITY" missed="0" covered="1"/><counter type="METHOD" missed="0" covered="1"/></method><method name="headers" desc="(Ljava/util/Map;)Lcom/stehno/ersatz/Request;" line="73"><counter type="INSTRUCTION" missed="2" covered="8"/><counter type="LINE" missed="0" covered="2"/><counter type="COMPLEXITY" missed="0" covered="1"/><counter type="METHOD" missed="0" covered="1"/></method><method name="queries" desc="(Ljava/util/Map;)Lcom/stehno/ersatz/Request;" line="79"><counter type="INSTRUCTION" missed="2" covered="10"/><counter type="LINE" missed="0" covered="2"/><counter type="COMPLEXITY" missed="0" covered="1"/><counter type="METHOD" missed="0" covered="1"/></method><method name="cookies" desc="(Ljava/util/Map;)Lcom/stehno/ersatz/Request;" line="91"><counter type="INSTRUCTION" missed="2" covered="8"/><counter type="LINE" missed="0" covered="2"/><counter type="COMPLEXITY" missed="0" covered="1"/><counter type="METHOD" missed="0" covered="1"/></method><method name="header" desc="(Ljava/lang/String;Ljava/lang/String;)Lcom/stehno/ersatz/Request;" line="97"><counter type="INSTRUCTION" missed="2" covered="12"/><counter type="LINE" missed="0" covered="2"/><counter type="COMPLEXITY" missed="0" covered="1"/><counter type="METHOD" missed="0" covered="1"/></method><method name="getHeader" desc="(Ljava/lang/String;)Ljava/lang/String;" line="103"><counter type="INSTRUCTION" missed="2" covered="7"/><counter type="LINE" missed="0" covered="1"/><counter type="COMPLEXITY" missed="0" covered="1"/><counter type="METHOD" missed="0" covered="1"/></method><method name="query" desc="(Ljava/lang/String;Ljava/lang/String;)Lcom/stehno/ersatz/Request;" line="108"><counter type="INSTRUCTION" missed="2" covered="18"/><counter type="LINE" missed="0" covered="2"/><counter type="COMPLEXITY" missed="0" covered="1"/><counter type="METHOD" missed="0" covered="1"/></method><method name="getQuery" desc="(Ljava/lang/String;)Ljava/util/List;" line="114"><counter type="INSTRUCTION" missed="2" covered="18"/><counter type="BRANCH" missed="0" covered="2"/><counter type="LINE" missed="0" covered="1"/><counter type="COMPLEXITY" missed="0" covered="2"/><counter type="METHOD" missed="0" covered="1"/></method><method name="cookie" desc="(Ljava/lang/String;Ljava/lang/String;)Lcom/stehno/ersatz/Request;" line="119"><counter type="INSTRUCTION" missed="2" covered="12"/><counter type="LINE" missed="0" covered="2"/><counter type="COMPLEXITY" missed="0" covered="1"/><counter type="METHOD" missed="0" covered="1"/></method><method name="getCookie" desc="(Ljava/lang/String;)Ljava/lang/String;" line="125"><counter type="INSTRUCTION" missed="2" covered="7"/><counter type="LINE" missed="0" covered="1"/><counter type="COMPLEXITY" missed="0" covered="1"/><counter type="METHOD" missed="0" covered="1"/></method><method name="listener" desc="(Ljava/util/function/Consumer;)Lcom/stehno/ersatz/Request;" line="130"><counter type="INSTRUCTION" missed="2" covered="7"/><counter type="LINE" missed="0" covered="2"/><counter type="COMPLEXITY" missed="0" covered="1"/><counter type="METHOD" missed="0" covered="1"/></method><method name="responds" desc="()Lcom/stehno/ersatz/Response;" line="136"><counter type="INSTRUCTION" missed="2" covered="12"/><counter type="LINE" missed="0" covered="3"/><counter type="COMPLEXITY" missed="0" covered="1"/><counter type="METHOD" missed="0" covered="1"/></method><method name="responder" desc="(Ljava/util/function/Consumer;)Lcom/stehno/ersatz/Request;" line="143"><counter type="INSTRUCTION" missed="2" covered="17"/><counter type="LINE" missed="0" covered="4"/><counter type="COMPLEXITY" missed="0" covered="1"/><counter type="METHOD" missed="0" covered="1"/></method><method name="responder" desc="(Lgroovy/lang/Closure;)Lcom/stehno/ersatz/Request;" line="151"><counter type="INSTRUCTION" missed="2" covered="20"/><counter type="LINE" missed="0" covered="5"/><counter type="COMPLEXITY" missed="0" covered="1"/><counter type="METHOD" missed="0" covered="1"/></method><method name="condition" desc="(Ljava/util/function/Function;)Lcom/stehno/ersatz/Request;" line="162"><counter type="INSTRUCTION" missed="2" covered="7"/><counter type="LINE" missed="0" covered="2"/><counter type="COMPLEXITY" missed="0" covered="1"/><counter type="METHOD" missed="0" covered="1"/></method><method name="conditions" desc="(Ljava/util/List;)Lcom/stehno/ersatz/Request;" line="168"><counter type="INSTRUCTION" missed="9" covered="0"/><counter type="LINE" missed="2" covered="0"/><counter type="COMPLEXITY" missed="1" covered="0"/><counter type="METHOD" missed="1" covered="0"/></method><method name="verifier" desc="(Ljava/util/function/Function;)Lcom/stehno/ersatz/Request;" line="174"><counter type="INSTRUCTION" missed="2" covered="10"/><counter type="LINE" missed="0" covered="2"/><counter type="COMPLEXITY" missed="0" covered="1"/><counter type="METHOD" missed="0" covered="1"/></method><method name="verify" desc="()Z" line="185"><counter type="INSTRUCTION" missed="9" covered="8"/><counter type="LINE" missed="0" covered="1"/><counter type="COMPLEXITY" missed="0" covered="1"/><counter type="METHOD" missed="0" covered="1"/></method><method name="matches" desc="(Lcom/stehno/ersatz/ClientRequest;)Z" line="207"><counter type="INSTRUCTION" missed="10" covered="106"/><counter type="BRANCH" missed="3" covered="23"/><counter type="LINE" missed="0" covered="9"/><counter type="COMPLEXITY" missed="3" covered="11"/><counter type="METHOD" missed="0" covered="1"/></method><method name="newResponse" desc="()Lcom/stehno/ersatz/Response;" line="222"><counter type="INSTRUCTION" missed="2" covered="6"/><counter type="LINE" missed="0" covered="1"/><counter type="COMPLEXITY" missed="0" covered="1"/><counter type="METHOD" missed="0" covered="1"/></method><method name="getCurrentResponse" desc="()Lcom/stehno/ersatz/Response;" line="232"><counter type="INSTRUCTION" missed="2" covered="29"/><counter type="BRANCH" missed="0" covered="4"/><counter type="LINE" missed="0" covered="2"/><counter type="COMPLEXITY" missed="0" covered="3"/><counter type="METHOD" missed="0" covered="1"/></method><method name="mark" desc="()V" line="240"><counter type="INSTRUCTION" missed="0" covered="35"/><counter type="BRANCH" missed="0" covered="2"/><counter type="LINE" missed="0" covered="3"/><counter type="COMPLEXITY" missed="0" covered="2"/><counter type="METHOD" missed="0" covered="1"/></method><method name="toString" desc="()Ljava/lang/String;" line="248"><counter type="INSTRUCTION" missed="2" covered="69"/><counter type="LINE" missed="0" covered="1"/><counter type="COMPLEXITY" missed="0" covered="1"/><counter type="METHOD" missed="0" covered="1"/></method><counter type="INSTRUCTION" missed="68" covered="542"/><counter type="BRANCH" missed="3" covered="31"/><counter type="LINE" missed="2" covered="59"/><counter type="COMPLEXITY" missed="4" covered="39"/><counter type="METHOD" missed="1" covered="25"/><counter type="CLASS" missed="0" covered="1"/></class><sourcefile name="ErsatzResponse.groovy"><line nr="42" mi="0" ci="3" mb="0" cb="2"/><line nr="43" mi="0" ci="6" mb="0" cb="0"/><line nr="46" mi="0" ci="8" mb="0" cb="0"/><line nr="47" mi="2" ci="2" mb="0" cb="0"/><line nr="52" mi="0" ci="4" mb="0" cb="0"/><line nr="53" mi="2" ci="4" mb="0" cb="0"/><line nr="58" mi="0" ci="10" mb="0" cb="0"/><line nr="59" mi="2" ci="2" mb="0" cb="0"/><line nr="64" mi="0" ci="6" mb="0" cb="0"/><line nr="65" mi="2" ci="2" mb="0" cb="0"/><line nr="70" mi="0" ci="6" mb="0" cb="0"/><line nr="71" mi="2" ci="2" mb="0" cb="0"/><line nr="76" mi="0" ci="10" mb="0" cb="0"/><line nr="77" mi="2" ci="2" mb="0" cb="0"/><line nr="82" mi="0" ci="5" mb="0" cb="0"/><line nr="83" mi="2" ci="2" mb="0" cb="0"/><line nr="88" mi="2" ci="7" mb="0" cb="0"/><line nr="93" mi="0" ci="9" mb="0" cb="0"/><line nr="94" mi="2" ci="2" mb="0" cb="0"/><line nr="99" mi="2" ci="4" mb="0" cb="0"/><line nr="104" mi="2" ci="4" mb="0" cb="0"/><line nr="109" mi="2" ci="3" mb="0" cb="0"/><line nr="114" mi="2" ci="3" mb="0" cb="0"/><counter type="INSTRUCTION" missed="34" covered="160"/><counter type="BRANCH" missed="0" covered="2"/><counter type="LINE" missed="0" covered="23"/><counter type="COMPLEXITY" missed="3" covered="16"/><counter type="METHOD" missed="3" covered="15"/><counter type="CLASS" missed="0" covered="1"/></sourcefile><sourcefile name="ErsatzRequest.groovy"><line nr="38" mi="0" ci="10" mb="0" cb="0"/><line nr="40" mi="0" ci="10" mb="0" cb="0"/><line nr="41" mi="0" ci="10" mb="0" cb="0"/><line nr="45" mi="0" ci="17" mb="0" cb="0"/><line nr="56" mi="0" ci="8" mb="0" cb="0"/><line nr="57" mi="0" ci="8" mb="0" cb="0"/><line nr="58" mi="0" ci="9" mb="0" cb="0"/><line nr="63" mi="2" ci="3" mb="0" cb="0"/><line nr="68" mi="2" ci="3" mb="0" cb="0"/><line nr="73" mi="0" ci="6" mb="0" cb="0"/><line nr="74" mi="2" ci="2" mb="0" cb="0"/><line nr="79" mi="0" ci="8" mb="0" cb="0"/><line nr="80" mi="0" ci="7" mb="1" cb="1"/><line nr="81" mi="19" ci="0" mb="0" cb="0"/><line nr="83" mi="2" ci="14" mb="0" cb="0"/><line nr="86" mi="2" ci="2" mb="0" cb="0"/><line nr="91" mi="0" ci="6" mb="0" cb="0"/><line nr="92" mi="2" ci="2" mb="0" cb="0"/><line nr="97" mi="0" ci="10" mb="0" cb="0"/><line nr="98" mi="2" ci="2" mb="0" cb="0"/><line nr="103" mi="2" ci="7" mb="0" cb="0"/><line nr="108" mi="2" ci="20" mb="0" cb="0"/><line nr="109" mi="2" ci="2" mb="0" cb="0"/><line nr="114" mi="2" ci="18" mb="0" cb="2"/><line nr="119" mi="0" ci="10" mb="0" cb="0"/><line nr="120" mi="2" ci="2" mb="0" cb="0"/><line nr="125" mi="2" ci="7" mb="0" cb="0"/><line nr="130" mi="0" ci="5" mb="0" cb="0"/><line nr="131" mi="2" ci="2" mb="0" cb="0"/><line nr="136" mi="0" ci="5" mb="0" cb="0"/><line nr="137" mi="0" ci="5" mb="0" cb="0"/><line nr="138" mi="2" ci="2" mb="0" cb="0"/><line nr="143" mi="0" ci="5" mb="0" cb="0"/><line nr="144" mi="0" ci="5" mb="0" cb="0"/><line nr="145" mi="0" ci="5" mb="0" cb="0"/><line nr="146" mi="2" ci="2" mb="0" cb="0"/><line nr="151" mi="0" ci="5" mb="0" cb="0"/><line nr="152" mi="0" ci="5" mb="0" cb="0"/><line nr="153" mi="0" ci="3" mb="0" cb="0"/><line nr="155" mi="0" ci="5" mb="0" cb="0"/><line nr="157" mi="2" ci="2" mb="0" cb="0"/><line nr="162" mi="0" ci="5" mb="0" cb="0"/><line nr="163" mi="2" ci="2" mb="0" cb="0"/><line nr="168" mi="5" ci="0" mb="0" cb="0"/><line nr="169" mi="4" ci="0" mb="0" cb="0"/><line nr="174" mi="0" ci="8" mb="0" cb="0"/><line nr="175" mi="2" ci="2" mb="0" cb="0"/><line nr="185" mi="9" ci="8" mb="0" cb="0"/><line nr="207" mi="0" ci="4" mb="0" cb="2"/><line nr="208" mi="0" ci="9" mb="1" cb="1"/><line nr="209" mi="1" ci="12" mb="2" cb="2"/><line nr="210" mi="2" ci="21" mb="0" cb="2"/><line nr="214" mi="0" ci="9" mb="0" cb="2"/><line nr="215" mi="0" ci="13" mb="0" cb="4"/><line nr="216" mi="0" ci="13" mb="0" cb="4"/><line nr="217" mi="0" ci="13" mb="0" cb="4"/><line nr="218" mi="9" ci="13" mb="0" cb="2"/><line nr="222" mi="2" ci="6" mb="0" cb="0"/><line nr="232" mi="0" ci="21" mb="0" cb="4"/><line nr="233" mi="2" ci="8" mb="0" cb="0"/><line nr="240" mi="0" ci="13" mb="0" cb="0"/><line nr="242" mi="0" ci="15" mb="0" cb="2"/><line nr="243" mi="0" ci="7" mb="0" cb="0"/><line nr="248" mi="2" ci="69" mb="0" cb="0"/><counter type="INSTRUCTION" missed="139" covered="597"/><counter type="BRANCH" missed="4" covered="32"/><counter type="LINE" missed="3" covered="61"/><counter type="COMPLEXITY" missed="12" covered="45"/><counter type="METHOD" missed="8" covered="31"/><counter type="CLASS" missed="0" covered="4"/></sourcefile><sourcefile name="ErsatzRequestWithContent.groovy"><line nr="39" mi="8" ci="0" mb="0" cb="0"/><line nr="40" mi="2" ci="6" mb="0" cb="0"/><line nr="41" mi="8" ci="0" mb="0" cb="0"/><line nr="42" mi="8" ci="0" mb="0" cb="0"/><line nr="43" mi="8" ci="0" mb="0" cb="0"/><line nr="54" mi="0" ci="90" mb="0" cb="0"/><line nr="59" mi="0" ci="8" mb="0" cb="0"/><line nr="60" mi="2" ci="2" mb="0" cb="0"/><line nr="65" mi="0" ci="4" mb="0" cb="0"/><line nr="66" mi="2" ci="4" mb="0" cb="0"/><line nr="71" mi="0" ci="6" mb="0" cb="0"/><line nr="72" mi="2" ci="2" mb="0" cb="0"/><line nr="76" mi="2" ci="5" mb="0" cb="0"/><line nr="81" mi="0" ci="10" mb="0" cb="0"/><line nr="82" mi="2" ci="2" mb="0" cb="0"/><line nr="91" mi="2" ci="3" mb="0" cb="0"/><line nr="114" mi="0" ci="6" mb="0" cb="0"/><line nr="115" mi="11" ci="21" mb="1" cb="5"/><line nr="119" mi="9" ci="21" mb="1" cb="3"/><line nr="123" mi="34" ci="0" mb="0" cb="0"/><counter type="INSTRUCTION" missed="130" covered="215"/><counter type="BRANCH" missed="2" covered="8"/><counter type="LINE" missed="5" covered="15"/><counter type="COMPLEXITY" missed="12" covered="18"/><counter type="METHOD" missed="10" covered="15"/><counter type="CLASS" missed="0" covered="6"/></sourcefile><sourcefile name="ExpectationsImpl.groovy"><line nr="38" mi="0" ci="20" mb="0" cb="0"/><line nr="42" mi="2" ci="8" mb="0" cb="0"/><line nr="47" mi="2" ci="9" mb="0" cb="0"/><line nr="52" mi="11" ci="0" mb="0" cb="0"/><line nr="57" mi="2" ci="9" mb="0" cb="0"/><line nr="62" mi="12" ci="0" mb="0" cb="0"/><line nr="67" mi="11" ci="0" mb="0" cb="0"/><line nr="72" mi="2" ci="11" mb="0" cb="0"/><line nr="77" mi="2" ci="12" mb="0" cb="0"/><line nr="82" mi="14" ci="0" mb="0" cb="0"/><line nr="87" mi="2" ci="11" mb="0" cb="0"/><line nr="92" mi="14" ci="0" mb="0" cb="0"/><line nr="97" mi="14" ci="0" mb="0" cb="0"/><line nr="102" mi="2" ci="8" mb="0" cb="0"/><line nr="107" mi="11" ci="0" mb="0" cb="0"/><line nr="112" mi="11" ci="0" mb="0" cb="0"/><line nr="117" mi="13" ci="0" mb="0" cb="0"/><line nr="122" mi="14" ci="0" mb="0" cb="0"/><line nr="127" mi="14" ci="0" mb="0" cb="0"/><line nr="137" mi="4" ci="26" mb="0" cb="0"/><line nr="146" mi="0" ci="9" mb="0" cb="0"/><line nr="147" mi="23" ci="9" mb="1" cb="1"/><line nr="149" mi="9" ci="2" mb="0" cb="0"/><line nr="153" mi="0" ci="5" mb="0" cb="0"/><line nr="154" mi="2" ci="2" mb="0" cb="0"/><line nr="158" mi="0" ci="5" mb="0" cb="0"/><line nr="159" mi="0" ci="3" mb="0" cb="0"/><line nr="161" mi="0" ci="5" mb="0" cb="0"/><line nr="162" mi="2" ci="2" mb="0" cb="0"/><line nr="166" mi="5" ci="0" mb="0" cb="0"/><line nr="167" mi="5" ci="0" mb="0" cb="0"/><line nr="168" mi="4" ci="0" mb="0" cb="0"/><counter type="INSTRUCTION" missed="236" covered="186"/><counter type="BRANCH" missed="1" covered="1"/><counter type="LINE" missed="14" covered="18"/><counter type="COMPLEXITY" missed="17" covered="17"/><counter type="METHOD" missed="16" covered="17"/><counter type="CLASS" missed="0" covered="3"/></sourcefile><counter type="INSTRUCTION" missed="539" covered="1158"/><counter type="BRANCH" missed="7" covered="43"/><counter type="LINE" missed="22" covered="117"/><counter type="COMPLEXITY" missed="44" covered="96"/><counter type="METHOD" missed="37" covered="78"/><counter type="CLASS" missed="0" covered="14"/></package><counter type="INSTRUCTION" missed="981" covered="2429"/><counter type="BRANCH" missed="26" covered="74"/><counter type="LINE" missed="28" covered="198"/><counter type="COMPLEXITY" missed="102" covered="184"/><counter type="METHOD" missed="79" covered="157"/><counter type="CLASS" missed="1" covered="44"/></report>