<?xml version="1.0" encoding="UTF-8" standalone="yes"?><!DOCTYPE report PUBLIC "-//JACOCO//DTD Report 1.0//EN" "report.dtd"><report name="ersatz"><sessioninfo id="inhouse-92aed7fc" start="1539431748785" dump="1539431765525"/><sessioninfo id="inhouse-62f0f8c2" start="1539431748756" dump="1539431766099"/><sessioninfo id="inhouse-9e776433" start="1539431748780" dump="1539431766581"/><sessioninfo id="inhouse-f45c048e" start="1539431748780" dump="1539431767019"/><sessioninfo id="inhouse-22c1cc6" start="1539431748786" dump="1539431767928"/><sessioninfo id="inhouse-a8e420bb" start="1539431748767" dump="1539431771395"/><sessioninfo id="inhouse-244140b9" start="1539431748767" dump="1539431771912"/><sessioninfo id="inhouse-ef006382" start="1539431748776" dump="1539431775413"/><package name="com/stehno/ersatz/auth"><class name="com/stehno/ersatz/auth/SimpleAccount$_closure1"><method name="&lt;init&gt;" desc="(Ljava/lang/Object;Ljava/lang/Object;)V"><counter type="INSTRUCTION" missed="0" covered="5"/><counter type="COMPLEXITY" missed="0" covered="1"/><counter type="METHOD" missed="0" covered="1"/></method><method name="doCall" desc="(Ljava/lang/Object;)Ljava/lang/Object;"><counter type="INSTRUCTION" missed="2" covered="8"/><counter type="COMPLEXITY" missed="0" covered="1"/><counter type="METHOD" missed="0" covered="1"/></method><method name="call" desc="(Ljava/lang/Object;)Ljava/lang/Object;"><counter type="INSTRUCTION" missed="6" covered="0"/><counter type="COMPLEXITY" missed="1" covered="0"/><counter type="METHOD" missed="1" covered="0"/></method><method name="call" desc="()Ljava/lang/Object;"><counter type="INSTRUCTION" missed="6" covered="0"/><counter type="COMPLEXITY" missed="1" covered="0"/><counter type="METHOD" missed="1" covered="0"/></method><method name="doCall" desc="()Ljava/lang/Object;"><counter type="INSTRUCTION" missed="2" covered="4"/><counter type="COMPLEXITY" missed="0" covered="1"/><counter type="METHOD" missed="0" covered="1"/></method><counter type="INSTRUCTION" missed="16" covered="17"/><counter type="COMPLEXITY" missed="2" covered="3"/><counter type="METHOD" missed="2" covered="3"/><counter type="CLASS" missed="0" covered="1"/></class><class name="com/stehno/ersatz/auth/BasicAuthHandler"><method name="&lt;init&gt;" desc="(Lio/undertow/security/idm/IdentityManager;)V"><counter type="INSTRUCTION" missed="0" covered="28"/><counter type="COMPLEXITY" missed="0" covered="1"/><counter type="METHOD" missed="0" covered="1"/></method><method name="&lt;init&gt;" desc="()V"><counter type="INSTRUCTION" missed="4" covered="0"/><counter type="COMPLEXITY" missed="1" covered="0"/><counter type="METHOD" missed="1" covered="0"/></method><method name="apply" desc="(Lio/undertow/server/HttpHandler;)Lio/undertow/server/HttpHandler;" line="48"><counter type="INSTRUCTION" missed="2" covered="23"/><counter type="LINE" missed="0" covered="5"/><counter type="COMPLEXITY" missed="0" covered="1"/><counter type="METHOD" missed="0" covered="1"/></method><method name="getIdentityManager" desc="()Lio/undertow/security/idm/IdentityManager;"><counter type="INSTRUCTION" missed="3" covered="0"/><counter type="COMPLEXITY" missed="1" covered="0"/><counter type="METHOD" missed="1" covered="0"/></method><counter type="INSTRUCTION" missed="9" covered="51"/><counter type="LINE" missed="0" covered="5"/><counter type="COMPLEXITY" missed="2" covered="2"/><counter type="METHOD" missed="2" covered="2"/><counter type="CLASS" missed="0" covered="1"/></class><class name="com/stehno/ersatz/auth/DigestAuthHandler"><method name="&lt;init&gt;" desc="(Lio/undertow/security/idm/IdentityManager;)V"><counter type="INSTRUCTION" missed="0" covered="28"/><counter type="COMPLEXITY" missed="0" covered="1"/><counter type="METHOD" missed="0" covered="1"/></method><method name="&lt;init&gt;" desc="()V"><counter type="INSTRUCTION" missed="4" covered="0"/><counter type="COMPLEXITY" missed="1" covered="0"/><counter type="METHOD" missed="1" covered="0"/></method><method name="apply" desc="(Lio/undertow/server/HttpHandler;)Lio/undertow/server/HttpHandler;" line="48"><counter type="INSTRUCTION" missed="2" covered="27"/><counter type="LINE" missed="0" covered="5"/><counter type="COMPLEXITY" missed="0" covered="1"/><counter type="METHOD" missed="0" covered="1"/></method><method name="getIdentityManager" desc="()Lio/undertow/security/idm/IdentityManager;"><counter type="INSTRUCTION" missed="3" covered="0"/><counter type="COMPLEXITY" missed="1" covered="0"/><counter type="METHOD" missed="1" covered="0"/></method><counter type="INSTRUCTION" missed="9" covered="55"/><counter type="LINE" missed="0" covered="5"/><counter type="COMPLEXITY" missed="2" covered="2"/><counter type="METHOD" missed="2" covered="2"/><counter type="CLASS" missed="0" covered="1"/></class><class name="com/stehno/ersatz/auth/SimpleAccount$1"><method name="getName" desc="()Ljava/lang/String;"><counter type="INSTRUCTION" missed="2" covered="4"/><counter type="COMPLEXITY" missed="0" covered="1"/><counter type="METHOD" missed="0" covered="1"/></method><counter type="INSTRUCTION" missed="2" covered="4"/><counter type="COMPLEXITY" missed="0" covered="1"/><counter type="METHOD" missed="0" covered="1"/><counter type="CLASS" missed="0" covered="1"/></class><class name="com/stehno/ersatz/auth/SimpleIdentityManager"><method name="&lt;init&gt;" desc="(Ljava/lang/String;Ljava/lang/String;)V" line="34"><counter type="INSTRUCTION" missed="0" covered="28"/><counter type="LINE" missed="0" covered="2"/><counter type="COMPLEXITY" missed="0" covered="1"/><counter type="METHOD" missed="0" covered="1"/></method><method name="verify" desc="(Lio/undertow/security/idm/Account;)Lio/undertow/security/idm/Account;" line="40"><counter type="INSTRUCTION" missed="2" covered="5"/><counter type="LINE" missed="0" covered="1"/><counter type="COMPLEXITY" missed="0" covered="1"/><counter type="METHOD" missed="0" covered="1"/></method><method name="verify" desc="(Ljava/lang/String;Lio/undertow/security/idm/Credential;)Lio/undertow/security/idm/Account;" line="45"><counter type="INSTRUCTION" missed="2" covered="100"/><counter type="BRANCH" missed="0" covered="12"/><counter type="LINE" missed="0" covered="9"/><counter type="COMPLEXITY" missed="0" covered="7"/><counter type="METHOD" missed="0" covered="1"/></method><method name="verify" desc="(Lio/undertow/security/idm/Credential;)Lio/undertow/security/idm/Account;" line="65"><counter type="INSTRUCTION" missed="2" covered="5"/><counter type="LINE" missed="0" covered="1"/><counter type="COMPLEXITY" missed="0" covered="1"/><counter type="METHOD" missed="0" covered="1"/></method><method name="encodedCredential" desc="(Ljava/lang/String;Ljava/lang/String;)Ljava/lang/String;" line="76"><counter type="INSTRUCTION" missed="2" covered="53"/><counter type="LINE" missed="0" covered="1"/><counter type="COMPLEXITY" missed="0" covered="1"/><counter type="METHOD" missed="0" covered="1"/></method><method name="getUsername" desc="()Ljava/lang/String;"><counter type="INSTRUCTION" missed="0" covered="3"/><counter type="COMPLEXITY" missed="0" covered="1"/><counter type="METHOD" missed="0" covered="1"/></method><method name="getPassword" desc="()Ljava/lang/String;"><counter type="INSTRUCTION" missed="0" covered="3"/><counter type="COMPLEXITY" missed="0" covered="1"/><counter type="METHOD" missed="0" covered="1"/></method><counter type="INSTRUCTION" missed="8" covered="197"/><counter type="BRANCH" missed="0" covered="12"/><counter type="LINE" missed="0" covered="14"/><counter type="COMPLEXITY" missed="0" covered="13"/><counter type="METHOD" missed="0" covered="7"/><counter type="CLASS" missed="0" covered="1"/></class><class name="com/stehno/ersatz/auth/SimpleAccount"><method name="&lt;init&gt;" desc="(Ljava/lang/String;Ljava/util/Set;)V" line="32"><counter type="INSTRUCTION" missed="0" covered="64"/><counter type="LINE" missed="0" covered="1"/><counter type="COMPLEXITY" missed="0" covered="1"/><counter type="METHOD" missed="0" covered="1"/></method><method name="&lt;init&gt;" desc="(Ljava/lang/String;)V" line="32"><counter type="INSTRUCTION" missed="0" covered="15"/><counter type="LINE" missed="0" covered="1"/><counter type="COMPLEXITY" missed="0" covered="1"/><counter type="METHOD" missed="0" covered="1"/></method><method name="&lt;init&gt;" desc="()V" line="32"><counter type="INSTRUCTION" missed="0" covered="15"/><counter type="LINE" missed="0" covered="1"/><counter type="COMPLEXITY" missed="0" covered="1"/><counter type="METHOD" missed="0" covered="1"/></method><method name="getPrincipal" desc="()Ljava/security/Principal;"><counter type="INSTRUCTION" missed="2" covered="7"/><counter type="COMPLEXITY" missed="0" covered="1"/><counter type="METHOD" missed="0" covered="1"/></method><method name="memoizedMethodPriv$getPrincipal" desc="()Ljava/security/Principal;" line="36"><counter type="INSTRUCTION" missed="2" covered="5"/><counter type="LINE" missed="0" covered="1"/><counter type="COMPLEXITY" missed="0" covered="1"/><counter type="METHOD" missed="0" covered="1"/></method><method name="hashCode" desc="()I"><counter type="INSTRUCTION" missed="51" covered="0"/><counter type="BRANCH" missed="12" covered="0"/><counter type="COMPLEXITY" missed="7" covered="0"/><counter type="METHOD" missed="1" covered="0"/></method><method name="canEqual" desc="(Ljava/lang/Object;)Z"><counter type="INSTRUCTION" missed="9" covered="3"/><counter type="COMPLEXITY" missed="0" covered="1"/><counter type="METHOD" missed="0" covered="1"/></method><method name="equals" desc="(Ljava/lang/Object;)Z"><counter type="INSTRUCTION" missed="33" covered="43"/><counter type="BRANCH" missed="12" covered="12"/><counter type="COMPLEXITY" missed="12" covered="1"/><counter type="METHOD" missed="0" covered="1"/></method><method name="toString" desc="()Ljava/lang/String;"><counter type="INSTRUCTION" missed="33" covered="66"/><counter type="BRANCH" missed="8" covered="8"/><counter type="COMPLEXITY" missed="8" covered="1"/><counter type="METHOD" missed="0" covered="1"/></method><method name="getUser" desc="()Ljava/lang/String;"><counter type="INSTRUCTION" missed="0" covered="3"/><counter type="COMPLEXITY" missed="0" covered="1"/><counter type="METHOD" missed="0" covered="1"/></method><method name="getRoles" desc="()Ljava/util/Set;"><counter type="INSTRUCTION" missed="0" covered="3"/><counter type="COMPLEXITY" missed="0" covered="1"/><counter type="METHOD" missed="0" covered="1"/></method><counter type="INSTRUCTION" missed="130" covered="224"/><counter type="BRANCH" missed="32" covered="20"/><counter type="LINE" missed="0" covered="2"/><counter type="COMPLEXITY" missed="27" covered="10"/><counter type="METHOD" missed="1" covered="10"/><counter type="CLASS" missed="0" covered="1"/></class><sourcefile name="SimpleAccount.groovy"><line nr="32" mi="0" ci="88" mb="0" cb="0"/><line nr="36" mi="2" ci="5" mb="0" cb="0"/><counter type="INSTRUCTION" missed="148" covered="245"/><counter type="BRANCH" missed="32" covered="20"/><counter type="LINE" missed="0" covered="2"/><counter type="COMPLEXITY" missed="29" covered="14"/><counter type="METHOD" missed="3" covered="14"/><counter type="CLASS" missed="0" covered="3"/></sourcefile><sourcefile name="DigestAuthHandler.groovy"><line nr="48" mi="0" ci="5" mb="0" cb="0"/><line nr="51" mi="0" ci="2" mb="0" cb="0"/><line nr="52" mi="0" ci="2" mb="0" cb="0"/><line nr="53" mi="0" ci="5" mb="0" cb="0"/><line nr="55" mi="2" ci="13" mb="0" cb="0"/><counter type="INSTRUCTION" missed="9" covered="55"/><counter type="LINE" missed="0" covered="5"/><counter type="COMPLEXITY" missed="2" covered="2"/><counter type="METHOD" missed="2" covered="2"/><counter type="CLASS" missed="0" covered="1"/></sourcefile><sourcefile name="BasicAuthHandler.groovy"><line nr="48" mi="0" ci="5" mb="0" cb="0"/><line nr="51" mi="0" ci="2" mb="0" cb="0"/><line nr="52" mi="0" ci="2" mb="0" cb="0"/><line nr="53" mi="0" ci="5" mb="0" cb="0"/><line nr="55" mi="2" ci="9" mb="0" cb="0"/><counter type="INSTRUCTION" missed="9" covered="51"/><counter type="LINE" missed="0" covered="5"/><counter type="COMPLEXITY" missed="2" covered="2"/><counter type="METHOD" missed="2" covered="2"/><counter type="CLASS" missed="0" covered="1"/></sourcefile><sourcefile name="SimpleIdentityManager.groovy"><line nr="34" mi="0" ci="8" mb="0" cb="0"/><line nr="35" mi="0" ci="9" mb="0" cb="0"/><line nr="40" mi="2" ci="5" mb="0" cb="0"/><line nr="45" mi="0" ci="3" mb="0" cb="2"/><line nr="46" mi="0" ci="19" mb="0" cb="6"/><line nr="47" mi="0" ci="6" mb="0" cb="0"/><line nr="50" mi="0" ci="3" mb="0" cb="2"/><line nr="51" mi="0" ci="7" mb="0" cb="0"/><line nr="53" mi="0" ci="47" mb="0" cb="0"/><line nr="55" mi="0" ci="5" mb="0" cb="2"/><line nr="56" mi="0" ci="5" mb="0" cb="0"/><line nr="60" mi="2" ci="5" mb="0" cb="0"/><line nr="65" mi="2" ci="5" mb="0" cb="0"/><line nr="76" mi="2" ci="53" mb="0" cb="0"/><counter type="INSTRUCTION" missed="8" covered="197"/><counter type="BRANCH" missed="0" covered="12"/><counter type="LINE" missed="0" covered="14"/><counter type="COMPLEXITY" missed="0" covered="13"/><counter type="METHOD" missed="0" covered="7"/><counter type="CLASS" missed="0" covered="1"/></sourcefile><counter type="INSTRUCTION" missed="174" covered="548"/><counter type="BRANCH" missed="32" covered="32"/><counter type="LINE" missed="0" covered="26"/><counter type="COMPLEXITY" missed="33" covered="31"/><counter type="METHOD" missed="7" covered="25"/><counter type="CLASS" missed="0" covered="6"/></package><package name="com/stehno/ersatz/util"><class name="com/stehno/ersatz/util/TimeSpanUnit"><method name="&lt;init&gt;" desc="(Ljava/lang/String;I[Ljava/lang/String;)V" line="36"><counter type="INSTRUCTION" missed="0" covered="34"/><counter type="LINE" missed="0" covered="1"/><counter type="COMPLEXITY" missed="0" covered="1"/><counter type="METHOD" missed="0" covered="1"/></method><method name="abbreviate" desc="(Z)Ljava/lang/String;" line="40"><counter type="INSTRUCTION" missed="2" covered="18"/><counter type="BRANCH" missed="0" covered="2"/><counter type="LINE" missed="0" covered="1"/><counter type="COMPLEXITY" missed="0" covered="2"/><counter type="METHOD" missed="0" covered="1"/></method><method name="fromAbbreviation" desc="(Ljava/lang/String;)Lcom/stehno/ersatz/util/TimeSpanUnit;" line="43"><counter type="INSTRUCTION" missed="25" covered="29"/><counter type="BRANCH" missed="2" covered="2"/><counter type="LINE" missed="0" covered="2"/><counter type="COMPLEXITY" missed="2" covered="1"/><counter type="METHOD" missed="0" covered="1"/></method><method name="&lt;clinit&gt;" desc="()V"><counter type="INSTRUCTION" missed="0" covered="253"/><counter type="COMPLEXITY" missed="0" covered="1"/><counter type="METHOD" missed="0" covered="1"/></method><method name="getAbbreviations" desc="()Ljava/util/List;"><counter type="INSTRUCTION" missed="0" covered="3"/><counter type="COMPLEXITY" missed="0" covered="1"/><counter type="METHOD" missed="0" covered="1"/></method><counter type="INSTRUCTION" missed="27" covered="337"/><counter type="BRANCH" missed="2" covered="4"/><counter type="LINE" missed="0" covered="4"/><counter type="COMPLEXITY" missed="2" covered="6"/><counter type="METHOD" missed="0" covered="5"/><counter type="CLASS" missed="0" covered="1"/></class><class name="com/stehno/ersatz/util/StorageUnit"><method name="&lt;init&gt;" desc="(Ljava/lang/String;II)V"><counter type="INSTRUCTION" missed="0" covered="22"/><counter type="COMPLEXITY" missed="0" covered="1"/><counter type="METHOD" missed="0" covered="1"/></method><method name="&lt;init&gt;" desc="(Ljava/lang/String;I)V"><counter type="INSTRUCTION" missed="8" covered="0"/><counter type="COMPLEXITY" missed="1" covered="0"/><counter type="METHOD" missed="1" covered="0"/></method><method name="convert" desc="(Ljava/lang/Number;Lcom/stehno/ersatz/util/StorageUnit;)D" line="46"><counter type="INSTRUCTION" missed="7" covered="50"/><counter type="BRANCH" missed="0" covered="8"/><counter type="LINE" missed="0" covered="6"/><counter type="COMPLEXITY" missed="0" covered="5"/><counter type="METHOD" missed="0" covered="1"/></method><method name="approximate" desc="(Ljava/lang/Number;Lcom/stehno/ersatz/util/StorageUnit;)J" line="63"><counter type="INSTRUCTION" missed="4" covered="6"/><counter type="LINE" missed="0" covered="1"/><counter type="COMPLEXITY" missed="0" covered="1"/><counter type="METHOD" missed="0" covered="1"/></method><method name="&lt;clinit&gt;" desc="()V"><counter type="INSTRUCTION" missed="0" covered="150"/><counter type="COMPLEXITY" missed="0" covered="1"/><counter type="METHOD" missed="0" covered="1"/></method><method name="getMult" desc="()I"><counter type="INSTRUCTION" missed="0" covered="3"/><counter type="COMPLEXITY" missed="0" covered="1"/><counter type="METHOD" missed="0" covered="1"/></method><counter type="INSTRUCTION" missed="19" covered="231"/><counter type="BRANCH" missed="0" covered="8"/><counter type="LINE" missed="0" covered="7"/><counter type="COMPLEXITY" missed="1" covered="9"/><counter type="METHOD" missed="1" covered="5"/><counter type="CLASS" missed="0" covered="1"/></class><class name="com/stehno/ersatz/util/DummyContentGenerator"><method name="&lt;init&gt;" desc="()V"><counter type="INSTRUCTION" missed="12" covered="0"/><counter type="COMPLEXITY" missed="1" covered="0"/><counter type="METHOD" missed="1" covered="0"/></method><method name="generate" desc="(DLcom/stehno/ersatz/util/StorageUnit;)[B" line="35"><counter type="INSTRUCTION" missed="2" covered="22"/><counter type="LINE" missed="0" covered="4"/><counter type="COMPLEXITY" missed="0" covered="1"/><counter type="METHOD" missed="0" covered="1"/></method><counter type="INSTRUCTION" missed="14" covered="22"/><counter type="LINE" missed="0" covered="4"/><counter type="COMPLEXITY" missed="1" covered="1"/><counter type="METHOD" missed="1" covered="1"/><counter type="CLASS" missed="0" covered="1"/></class><class name="com/stehno/ersatz/util/TimeSpan$_parse_closure1"><method name="&lt;init&gt;" desc="(Ljava/lang/Object;Ljava/lang/Object;Lgroovy/lang/Reference;Lgroovy/lang/Reference;)V"><counter type="INSTRUCTION" missed="0" covered="23"/><counter type="COMPLEXITY" missed="0" covered="1"/><counter type="METHOD" missed="0" covered="1"/></method><method name="doCall" desc="(Ljava/lang/Object;)Ljava/lang/Object;" line="44"><counter type="INSTRUCTION" missed="5" covered="35"/><counter type="BRANCH" missed="0" covered="6"/><counter type="LINE" missed="0" covered="3"/><counter type="COMPLEXITY" missed="0" covered="4"/><counter type="METHOD" missed="0" covered="1"/></method><method name="getDigits" desc="()Ljava/lang/Object;"><counter type="INSTRUCTION" missed="8" covered="0"/><counter type="COMPLEXITY" missed="1" covered="0"/><counter type="METHOD" missed="1" covered="0"/></method><method name="getUnit" desc="()Ljava/lang/Object;"><counter type="INSTRUCTION" missed="8" covered="0"/><counter type="COMPLEXITY" missed="1" covered="0"/><counter type="METHOD" missed="1" covered="0"/></method><counter type="INSTRUCTION" missed="21" covered="58"/><counter type="BRANCH" missed="0" covered="6"/><counter type="LINE" missed="0" covered="3"/><counter type="COMPLEXITY" missed="2" covered="5"/><counter type="METHOD" missed="2" covered="2"/><counter type="CLASS" missed="0" covered="1"/></class><class name="com/stehno/ersatz/util/TimeSpanUnit$_fromAbbreviation_closure1"><method name="&lt;init&gt;" desc="(Ljava/lang/Object;Ljava/lang/Object;Lgroovy/lang/Reference;)V"><counter type="INSTRUCTION" missed="0" covered="15"/><counter type="COMPLEXITY" missed="0" covered="1"/><counter type="METHOD" missed="0" covered="1"/></method><method name="doCall" desc="(Ljava/lang/Object;)Ljava/lang/Object;" line="44"><counter type="INSTRUCTION" missed="2" covered="19"/><counter type="LINE" missed="0" covered="1"/><counter type="COMPLEXITY" missed="0" covered="1"/><counter type="METHOD" missed="0" covered="1"/></method><method name="getAbr" desc="()Ljava/lang/String;"><counter type="INSTRUCTION" missed="10" covered="0"/><counter type="COMPLEXITY" missed="1" covered="0"/><counter type="METHOD" missed="1" covered="0"/></method><counter type="INSTRUCTION" missed="12" covered="34"/><counter type="LINE" missed="0" covered="1"/><counter type="COMPLEXITY" missed="1" covered="2"/><counter type="METHOD" missed="1" covered="2"/><counter type="CLASS" missed="0" covered="1"/></class><class name="com/stehno/ersatz/util/TimeSpan"><method name="&lt;init&gt;" desc="(Ljava/util/HashMap;)V"><counter type="INSTRUCTION" missed="36" covered="87"/><counter type="BRANCH" missed="3" covered="3"/><counter type="COMPLEXITY" missed="3" covered="1"/><counter type="METHOD" missed="0" covered="1"/></method><method name="&lt;init&gt;" desc="()V"><counter type="INSTRUCTION" missed="11" covered="0"/><counter type="COMPLEXITY" missed="1" covered="0"/><counter type="METHOD" missed="1" covered="0"/></method><method name="&lt;init&gt;" desc="(Ljava/lang/Number;Lcom/stehno/ersatz/util/TimeSpanUnit;)V"><counter type="INSTRUCTION" missed="0" covered="27"/><counter type="COMPLEXITY" missed="0" covered="1"/><counter type="METHOD" missed="0" covered="1"/></method><method name="parse" desc="(Ljava/lang/String;)Lcom/stehno/ersatz/util/TimeSpan;" line="40"><counter type="INSTRUCTION" missed="2" covered="78"/><counter type="LINE" missed="0" covered="4"/><counter type="COMPLEXITY" missed="0" covered="1"/><counter type="METHOD" missed="0" covered="1"/></method><method name="format" desc="()Ljava/lang/String;" line="59"><counter type="INSTRUCTION" missed="57" covered="63"/><counter type="BRANCH" missed="8" covered="8"/><counter type="LINE" missed="0" covered="2"/><counter type="COMPLEXITY" missed="6" covered="3"/><counter type="METHOD" missed="0" covered="1"/></method><method name="toMillis" desc="()J" line="71"><counter type="INSTRUCTION" missed="55" covered="267"/><counter type="BRANCH" missed="2" covered="16"/><counter type="LINE" missed="1" covered="18"/><counter type="COMPLEXITY" missed="2" covered="8"/><counter type="METHOD" missed="0" covered="1"/></method><method name="plus" desc="(Lcom/stehno/ersatz/util/TimeSpan;)Lcom/stehno/ersatz/util/TimeSpan;" line="95"><counter type="INSTRUCTION" missed="11" covered="71"/><counter type="BRANCH" missed="1" covered="1"/><counter type="LINE" missed="0" covered="2"/><counter type="COMPLEXITY" missed="1" covered="1"/><counter type="METHOD" missed="0" covered="1"/></method><method name="minus" desc="(Lcom/stehno/ersatz/util/TimeSpan;)Lcom/stehno/ersatz/util/TimeSpan;" line="100"><counter type="INSTRUCTION" missed="11" covered="71"/><counter type="BRANCH" missed="1" covered="1"/><counter type="LINE" missed="0" covered="2"/><counter type="COMPLEXITY" missed="1" covered="1"/><counter type="METHOD" missed="0" covered="1"/></method><method name="multiply" desc="(Ljava/lang/Number;)Lcom/stehno/ersatz/util/TimeSpan;" line="105"><counter type="INSTRUCTION" missed="2" covered="20"/><counter type="LINE" missed="0" covered="1"/><counter type="COMPLEXITY" missed="0" covered="1"/><counter type="METHOD" missed="0" covered="1"/></method><method name="div" desc="(Ljava/lang/Number;)Lcom/stehno/ersatz/util/TimeSpan;" line="109"><counter type="INSTRUCTION" missed="2" covered="20"/><counter type="LINE" missed="0" covered="1"/><counter type="COMPLEXITY" missed="0" covered="1"/><counter type="METHOD" missed="0" covered="1"/></method><method name="next" desc="()Lcom/stehno/ersatz/util/TimeSpan;" line="113"><counter type="INSTRUCTION" missed="2" covered="27"/><counter type="LINE" missed="0" covered="1"/><counter type="COMPLEXITY" missed="0" covered="1"/><counter type="METHOD" missed="0" covered="1"/></method><method name="previous" desc="()Lcom/stehno/ersatz/util/TimeSpan;" line="117"><counter type="INSTRUCTION" missed="2" covered="27"/><counter type="LINE" missed="0" covered="1"/><counter type="COMPLEXITY" missed="0" covered="1"/><counter type="METHOD" missed="0" covered="1"/></method><method name="hashCode" desc="()I"><counter type="INSTRUCTION" missed="96" covered="0"/><counter type="BRANCH" missed="10" covered="0"/><counter type="COMPLEXITY" missed="6" covered="0"/><counter type="METHOD" missed="1" covered="0"/></method><method name="equals" desc="(Ljava/lang/Object;)Z"><counter type="INSTRUCTION" missed="25" covered="59"/><counter type="BRANCH" missed="8" covered="8"/><counter type="COMPLEXITY" missed="8" covered="1"/><counter type="METHOD" missed="0" covered="1"/></method><method name="toString" desc="()Ljava/lang/String;"><counter type="INSTRUCTION" missed="160" covered="0"/><counter type="BRANCH" missed="12" covered="0"/><counter type="COMPLEXITY" missed="7" covered="0"/><counter type="METHOD" missed="1" covered="0"/></method><method name="getValue" desc="()Ljava/lang/Number;"><counter type="INSTRUCTION" missed="2" covered="5"/><counter type="COMPLEXITY" missed="0" covered="1"/><counter type="METHOD" missed="0" covered="1"/></method><method name="getUnit" desc="()Lcom/stehno/ersatz/util/TimeSpanUnit;"><counter type="INSTRUCTION" missed="2" covered="5"/><counter type="COMPLEXITY" missed="0" covered="1"/><counter type="METHOD" missed="0" covered="1"/></method><counter type="INSTRUCTION" missed="476" covered="827"/><counter type="BRANCH" missed="45" covered="37"/><counter type="LINE" missed="1" covered="32"/><counter type="COMPLEXITY" missed="35" covered="23"/><counter type="METHOD" missed="3" covered="14"/><counter type="CLASS" missed="0" covered="1"/></class><sourcefile name="StorageUnit.groovy"><line nr="46" mi="0" ci="8" mb="0" cb="0"/><line nr="47" mi="0" ci="7" mb="0" cb="4"/><line nr="48" mi="3" ci="3" mb="0" cb="0"/><line nr="49" mi="0" ci="7" mb="0" cb="4"/><line nr="50" mi="0" ci="11" mb="0" cb="0"/><line nr="52" mi="4" ci="14" mb="0" cb="0"/><line nr="63" mi="4" ci="6" mb="0" cb="0"/><counter type="INSTRUCTION" missed="19" covered="231"/><counter type="BRANCH" missed="0" covered="8"/><counter type="LINE" missed="0" covered="7"/><counter type="COMPLEXITY" missed="1" covered="9"/><counter type="METHOD" missed="1" covered="5"/><counter type="CLASS" missed="0" covered="1"/></sourcefile><sourcefile name="TimeSpanUnit.groovy"><line nr="36" mi="0" ci="19" mb="0" cb="0"/><line nr="40" mi="2" ci="16" mb="0" cb="2"/><line nr="43" mi="0" ci="5" mb="2" cb="2"/><line nr="44" mi="27" ci="33" mb="0" cb="0"/><counter type="INSTRUCTION" missed="39" covered="371"/><counter type="BRANCH" missed="2" covered="4"/><counter type="LINE" missed="0" covered="4"/><counter type="COMPLEXITY" missed="3" covered="8"/><counter type="METHOD" missed="1" covered="7"/><counter type="CLASS" missed="0" covered="2"/></sourcefile><sourcefile name="DummyContentGenerator.groovy"><line nr="35" mi="0" ci="9" mb="0" cb="0"/><line nr="36" mi="0" ci="5" mb="0" cb="0"/><line nr="37" mi="0" ci="6" mb="0" cb="0"/><line nr="38" mi="2" ci="2" mb="0" cb="0"/><counter type="INSTRUCTION" missed="14" covered="22"/><counter type="LINE" missed="0" covered="4"/><counter type="COMPLEXITY" missed="1" covered="1"/><counter type="METHOD" missed="1" covered="1"/><counter type="CLASS" missed="0" covered="1"/></sourcefile><sourcefile name="TimeSpan.groovy"><line nr="40" mi="0" ci="10" mb="0" cb="0"/><line nr="41" mi="0" ci="10" mb="0" cb="0"/><line nr="43" mi="0" ci="21" mb="0" cb="0"/><line nr="44" mi="0" ci="15" mb="0" cb="6"/><line nr="45" mi="3" ci="9" mb="0" cb="0"/><line nr="47" mi="2" ci="9" mb="0" cb="0"/><line nr="51" mi="2" ci="35" mb="0" cb="0"/><line nr="59" mi="0" ci="9" mb="4" cb="4"/><line nr="60" mi="57" ci="52" mb="4" cb="4"/><line nr="71" mi="0" ci="3" mb="0" cb="0"/><line nr="72" mi="0" ci="8" mb="1" cb="1"/><line nr="73" mi="27" ci="0" mb="0" cb="0"/><line nr="74" mi="0" ci="8" mb="0" cb="2"/><line nr="75" mi="3" ci="4" mb="0" cb="0"/><line nr="76" mi="0" ci="8" mb="0" cb="2"/><line nr="77" mi="3" ci="24" mb="0" cb="0"/><line nr="78" mi="0" ci="8" mb="0" cb="2"/><line nr="79" mi="3" ci="24" mb="0" cb="0"/><line nr="80" mi="0" ci="8" mb="0" cb="2"/><line nr="81" mi="3" ci="24" mb="0" cb="0"/><line nr="82" mi="0" ci="8" mb="0" cb="2"/><line nr="83" mi="3" ci="24" mb="0" cb="0"/><line nr="84" mi="0" ci="8" mb="0" cb="2"/><line nr="85" mi="3" ci="30" mb="0" cb="0"/><line nr="86" mi="0" ci="8" mb="0" cb="2"/><line nr="87" mi="3" ci="30" mb="0" cb="0"/><line nr="88" mi="0" ci="8" mb="1" cb="1"/><line nr="89" mi="7" ci="30" mb="0" cb="0"/><line nr="95" mi="9" ci="47" mb="1" cb="1"/><line nr="96" mi="2" ci="22" mb="0" cb="0"/><line nr="100" mi="9" ci="47" mb="1" cb="1"/><line nr="101" mi="2" ci="22" mb="0" cb="0"/><line nr="105" mi="2" ci="18" mb="0" cb="0"/><line nr="109" mi="2" ci="18" mb="0" cb="0"/><line nr="113" mi="2" ci="25" mb="0" cb="0"/><line nr="117" mi="2" ci="25" mb="0" cb="0"/><counter type="INSTRUCTION" missed="497" covered="885"/><counter type="BRANCH" missed="45" covered="43"/><counter type="LINE" missed="1" covered="35"/><counter type="COMPLEXITY" missed="37" covered="28"/><counter type="METHOD" missed="5" covered="16"/><counter type="CLASS" missed="0" covered="2"/></sourcefile><counter type="INSTRUCTION" missed="569" covered="1509"/><counter type="BRANCH" missed="47" covered="55"/><counter type="LINE" missed="1" covered="50"/><counter type="COMPLEXITY" missed="42" covered="46"/><counter type="METHOD" missed="8" covered="29"/><counter type="CLASS" missed="0" covered="6"/></package><package name="com/stehno/ersatz/proxy"><class name="com/stehno/ersatz/proxy/ErsatzProxy"><method name="&lt;init&gt;" desc="(Lgroovy/lang/Closure;)V" line="45"><counter type="INSTRUCTION" missed="0" covered="71"/><counter type="BRANCH" missed="1" covered="1"/><counter type="LINE" missed="0" covered="8"/><counter type="COMPLEXITY" missed="1" covered="1"/><counter type="METHOD" missed="0" covered="1"/></method><method name="&lt;init&gt;" desc="(Ljava/util/function/Consumer;)V" line="45"><counter type="INSTRUCTION" missed="0" covered="64"/><counter type="BRANCH" missed="1" covered="1"/><counter type="LINE" missed="0" covered="7"/><counter type="COMPLEXITY" missed="1" covered="1"/><counter type="METHOD" missed="0" covered="1"/></method><method name="start" desc="()V" line="99"><counter type="INSTRUCTION" missed="1" covered="132"/><counter type="BRANCH" missed="2" covered="2"/><counter type="LINE" missed="0" covered="14"/><counter type="COMPLEXITY" missed="2" covered="1"/><counter type="METHOD" missed="0" covered="1"/></method><method name="verify" desc="()Z" line="140"><counter type="INSTRUCTION" missed="9" covered="11"/><counter type="LINE" missed="0" covered="2"/><counter type="COMPLEXITY" missed="0" covered="1"/><counter type="METHOD" missed="0" covered="1"/></method><method name="getUrl" desc="()Ljava/lang/String;" line="152"><counter type="INSTRUCTION" missed="2" covered="24"/><counter type="LINE" missed="0" covered="1"/><counter type="COMPLEXITY" missed="0" covered="1"/><counter type="METHOD" missed="0" covered="1"/></method><method name="getPort" desc="()I" line="161"><counter type="INSTRUCTION" missed="6" covered="0"/><counter type="LINE" missed="1" covered="0"/><counter type="COMPLEXITY" missed="1" covered="0"/><counter type="METHOD" missed="1" covered="0"/></method><method name="stop" desc="()V" line="168"><counter type="INSTRUCTION" missed="1" covered="30"/><counter type="BRANCH" missed="2" covered="2"/><counter type="LINE" missed="0" covered="4"/><counter type="COMPLEXITY" missed="2" covered="1"/><counter type="METHOD" missed="0" covered="1"/></method><method name="&lt;clinit&gt;" desc="()V"><counter type="INSTRUCTION" missed="0" covered="8"/><counter type="COMPLEXITY" missed="0" covered="1"/><counter type="METHOD" missed="0" covered="1"/></method><counter type="INSTRUCTION" missed="19" covered="340"/><counter type="BRANCH" missed="6" covered="6"/><counter type="LINE" missed="1" covered="35"/><counter type="COMPLEXITY" missed="7" covered="7"/><counter type="METHOD" missed="1" covered="7"/><counter type="CLASS" missed="0" covered="1"/></class><class name="com/stehno/ersatz/proxy/ErsatzProxy$1$_handleRequest_closure1"><method name="&lt;init&gt;" desc="(Ljava/lang/Object;Ljava/lang/Object;Lgroovy/lang/Reference;)V"><counter type="INSTRUCTION" missed="0" covered="13"/><counter type="COMPLEXITY" missed="0" covered="1"/><counter type="METHOD" missed="0" covered="1"/></method><method name="doCall" desc="(Lcom/stehno/ersatz/proxy/impl/ProxyRequestMatcher;)Ljava/lang/Object;" line="116"><counter type="INSTRUCTION" missed="2" covered="7"/><counter type="LINE" missed="0" covered="1"/><counter type="COMPLEXITY" missed="0" covered="1"/><counter type="METHOD" missed="0" covered="1"/></method><method name="call" desc="(Lcom/stehno/ersatz/proxy/impl/ProxyRequestMatcher;)Ljava/lang/Object;"><counter type="INSTRUCTION" missed="6" covered="0"/><counter type="COMPLEXITY" missed="1" covered="0"/><counter type="METHOD" missed="1" covered="0"/></method><method name="getClientRequest" desc="()Lcom/stehno/ersatz/ClientRequest;"><counter type="INSTRUCTION" missed="9" covered="0"/><counter type="COMPLEXITY" missed="1" covered="0"/><counter type="METHOD" missed="1" covered="0"/></method><counter type="INSTRUCTION" missed="17" covered="20"/><counter type="LINE" missed="0" covered="1"/><counter type="COMPLEXITY" missed="2" covered="2"/><counter type="METHOD" missed="2" covered="2"/><counter type="CLASS" missed="0" covered="1"/></class><class name="com/stehno/ersatz/proxy/ErsatzProxy$1"><method name="handleRequest" desc="(Lio/undertow/server/HttpServerExchange;)V" line="114"><counter type="INSTRUCTION" missed="11" covered="37"/><counter type="BRANCH" missed="2" covered="2"/><counter type="LINE" missed="1" covered="4"/><counter type="COMPLEXITY" missed="2" covered="1"/><counter type="METHOD" missed="0" covered="1"/></method><counter type="INSTRUCTION" missed="11" covered="37"/><counter type="BRANCH" missed="2" covered="2"/><counter type="LINE" missed="1" covered="4"/><counter type="COMPLEXITY" missed="2" covered="1"/><counter type="METHOD" missed="0" covered="1"/><counter type="CLASS" missed="0" covered="1"/></class><class name="com/stehno/ersatz/proxy/ErsatzProxy$_verify_closure1"><method name="&lt;init&gt;" desc="(Ljava/lang/Object;Ljava/lang/Object;)V"><counter type="INSTRUCTION" missed="0" covered="5"/><counter type="COMPLEXITY" missed="0" covered="1"/><counter type="METHOD" missed="0" covered="1"/></method><method name="doCall" desc="(Lcom/stehno/ersatz/proxy/impl/ProxyRequestMatcher;)Ljava/lang/Object;" line="141"><counter type="INSTRUCTION" missed="12" covered="43"/><counter type="BRANCH" missed="2" covered="2"/><counter type="LINE" missed="0" covered="1"/><counter type="COMPLEXITY" missed="2" covered="1"/><counter type="METHOD" missed="0" covered="1"/></method><method name="call" desc="(Lcom/stehno/ersatz/proxy/impl/ProxyRequestMatcher;)Ljava/lang/Object;"><counter type="INSTRUCTION" missed="6" covered="0"/><counter type="COMPLEXITY" missed="1" covered="0"/><counter type="METHOD" missed="1" covered="0"/></method><counter type="INSTRUCTION" missed="18" covered="48"/><counter type="BRANCH" missed="2" covered="2"/><counter type="LINE" missed="0" covered="1"/><counter type="COMPLEXITY" missed="3" covered="2"/><counter type="METHOD" missed="1" covered="2"/><counter type="CLASS" missed="0" covered="1"/></class><sourcefile name="ErsatzProxy.groovy"><line nr="45" mi="0" ci="54" mb="0" cb="0"/><line nr="60" mi="0" ci="6" mb="0" cb="0"/><line nr="61" mi="0" ci="9" mb="0" cb="0"/><line nr="62" mi="0" ci="3" mb="0" cb="0"/><line nr="64" mi="0" ci="9" mb="0" cb="0"/><line nr="65" mi="0" ci="7" mb="0" cb="0"/><line nr="67" mi="0" ci="3" mb="1" cb="1"/><line nr="68" mi="0" ci="5" mb="0" cb="0"/><line nr="81" mi="0" ci="6" mb="0" cb="0"/><line nr="82" mi="0" ci="5" mb="0" cb="0"/><line nr="84" mi="0" ci="9" mb="0" cb="0"/><line nr="85" mi="0" ci="7" mb="0" cb="0"/><line nr="87" mi="0" ci="3" mb="1" cb="1"/><line nr="88" mi="0" ci="5" mb="0" cb="0"/><line nr="99" mi="1" ci="6" mb="2" cb="2"/><line nr="100" mi="0" ci="7" mb="0" cb="0"/><line nr="102" mi="0" ci="4" mb="0" cb="0"/><line nr="103" mi="0" ci="8" mb="0" cb="0"/><line nr="104" mi="0" ci="8" mb="0" cb="0"/><line nr="105" mi="0" ci="8" mb="0" cb="0"/><line nr="106" mi="0" ci="8" mb="0" cb="0"/><line nr="107" mi="0" ci="15" mb="0" cb="0"/><line nr="110" mi="0" ci="12" mb="0" cb="0"/><line nr="112" mi="0" ci="15" mb="0" cb="0"/><line nr="114" mi="0" ci="11" mb="0" cb="0"/><line nr="116" mi="2" ci="20" mb="0" cb="0"/><line nr="117" mi="2" ci="4" mb="2" cb="2"/><line nr="118" mi="9" ci="0" mb="0" cb="0"/><line nr="121" mi="0" ci="9" mb="0" cb="0"/><line nr="125" mi="0" ci="9" mb="0" cb="0"/><line nr="126" mi="0" ci="5" mb="0" cb="0"/><line nr="128" mi="0" ci="18" mb="0" cb="0"/><line nr="130" mi="0" ci="9" mb="0" cb="0"/><line nr="140" mi="0" ci="9" mb="0" cb="0"/><line nr="141" mi="12" ci="43" mb="2" cb="2"/><line nr="143" mi="9" ci="2" mb="0" cb="0"/><line nr="152" mi="2" ci="24" mb="0" cb="0"/><line nr="161" mi="6" ci="0" mb="0" cb="0"/><line nr="168" mi="0" ci="3" mb="1" cb="1"/><line nr="169" mi="0" ci="8" mb="0" cb="0"/><line nr="171" mi="1" ci="10" mb="1" cb="1"/><line nr="173" mi="0" ci="9" mb="0" cb="0"/><counter type="INSTRUCTION" missed="65" covered="445"/><counter type="BRANCH" missed="10" covered="10"/><counter type="LINE" missed="2" covered="40"/><counter type="COMPLEXITY" missed="14" covered="12"/><counter type="METHOD" missed="4" covered="12"/><counter type="CLASS" missed="0" covered="4"/></sourcefile><counter type="INSTRUCTION" missed="65" covered="445"/><counter type="BRANCH" missed="10" covered="10"/><counter type="LINE" missed="2" covered="40"/><counter type="COMPLEXITY" missed="14" covered="12"/><counter type="METHOD" missed="4" covered="12"/><counter type="CLASS" missed="0" covered="4"/></package><package name="com/stehno/ersatz/proxy/impl"><class name="com/stehno/ersatz/proxy/impl/ProxyRequestMatcher"><method name="&lt;init&gt;" desc="(Lorg/hamcrest/Matcher;Lorg/hamcrest/Matcher;)V"><counter type="INSTRUCTION" missed="0" covered="36"/><counter type="COMPLEXITY" missed="0" covered="1"/><counter type="METHOD" missed="0" covered="1"/></method><method name="&lt;init&gt;" desc="(Lorg/hamcrest/Matcher;)V"><counter type="INSTRUCTION" missed="5" covered="0"/><counter type="COMPLEXITY" missed="1" covered="0"/><counter type="METHOD" missed="1" covered="0"/></method><method name="&lt;init&gt;" desc="()V"><counter type="INSTRUCTION" missed="5" covered="0"/><counter type="COMPLEXITY" missed="1" covered="0"/><counter type="METHOD" missed="1" covered="0"/></method><method name="getMatchCount" desc="()I" line="50"><counter type="INSTRUCTION" missed="3" covered="3"/><counter type="LINE" missed="0" covered="1"/><counter type="COMPLEXITY" missed="0" covered="1"/><counter type="METHOD" missed="0" covered="1"/></method><method name="matches" desc="(Ljava/lang/Object;)Z" line="55"><counter type="INSTRUCTION" missed="9" covered="42"/><counter type="BRANCH" missed="0" covered="6"/><counter type="LINE" missed="0" covered="5"/><counter type="COMPLEXITY" missed="0" covered="4"/><counter type="METHOD" missed="0" covered="1"/></method><method name="describeTo" desc="(Lorg/hamcrest/Description;)V" line="67"><counter type="INSTRUCTION" missed="19" covered="0"/><counter type="LINE" missed="4" covered="0"/><counter type="COMPLEXITY" missed="1" covered="0"/><counter type="METHOD" missed="1" covered="0"/></method><method name="getMethodMatcher" desc="()Lorg/hamcrest/Matcher;"><counter type="INSTRUCTION" missed="3" covered="0"/><counter type="COMPLEXITY" missed="1" covered="0"/><counter type="METHOD" missed="1" covered="0"/></method><method name="getPathMatcher" desc="()Lorg/hamcrest/Matcher;"><counter type="INSTRUCTION" missed="3" covered="0"/><counter type="COMPLEXITY" missed="1" covered="0"/><counter type="METHOD" missed="1" covered="0"/></method><counter type="INSTRUCTION" missed="47" covered="81"/><counter type="BRANCH" missed="0" covered="6"/><counter type="LINE" missed="4" covered="6"/><counter type="COMPLEXITY" missed="5" covered="6"/><counter type="METHOD" missed="5" covered="3"/><counter type="CLASS" missed="0" covered="1"/></class><class name="com/stehno/ersatz/proxy/impl/ProxyConfigImpl"><method name="&lt;init&gt;" desc="()V" line="43"><counter type="INSTRUCTION" missed="0" covered="30"/><counter type="LINE" missed="0" covered="1"/><counter type="COMPLEXITY" missed="0" covered="1"/><counter type="METHOD" missed="0" covered="1"/></method><method name="autoStart" desc="(Z)Lcom/stehno/ersatz/proxy/ProxyConfig;" line="50"><counter type="INSTRUCTION" missed="2" covered="10"/><counter type="LINE" missed="0" covered="2"/><counter type="COMPLEXITY" missed="0" covered="1"/><counter type="METHOD" missed="0" covered="1"/></method><method name="target" desc="(Ljava/lang/String;)Lcom/stehno/ersatz/proxy/ProxyConfig;" line="56"><counter type="INSTRUCTION" missed="2" covered="19"/><counter type="LINE" missed="0" covered="3"/><counter type="COMPLEXITY" missed="0" covered="1"/><counter type="METHOD" missed="0" covered="1"/></method><method name="target" desc="(Ljava/net/URI;)Lcom/stehno/ersatz/proxy/ProxyConfig;" line="63"><counter type="INSTRUCTION" missed="2" covered="18"/><counter type="LINE" missed="0" covered="3"/><counter type="COMPLEXITY" missed="0" covered="1"/><counter type="METHOD" missed="0" covered="1"/></method><method name="target" desc="(Ljava/net/URL;)Lcom/stehno/ersatz/proxy/ProxyConfig;" line="70"><counter type="INSTRUCTION" missed="2" covered="19"/><counter type="LINE" missed="0" covered="3"/><counter type="COMPLEXITY" missed="0" covered="1"/><counter type="METHOD" missed="0" covered="1"/></method><method name="expectations" desc="(Lgroovy/lang/Closure;)Lcom/stehno/ersatz/proxy/ProxyConfig;" line="77"><counter type="INSTRUCTION" missed="2" covered="15"/><counter type="LINE" missed="0" covered="3"/><counter type="COMPLEXITY" missed="0" covered="1"/><counter type="METHOD" missed="0" covered="1"/></method><method name="expectations" desc="(Ljava/util/function/Consumer;)Lcom/stehno/ersatz/proxy/ProxyConfig;" line="84"><counter type="INSTRUCTION" missed="2" covered="8"/><counter type="LINE" missed="0" covered="2"/><counter type="COMPLEXITY" missed="0" covered="1"/><counter type="METHOD" missed="0" covered="1"/></method><method name="ensure" desc="(ZLjava/lang/String;)V" line="89"><counter type="INSTRUCTION" missed="8" covered="5"/><counter type="BRANCH" missed="2" covered="2"/><counter type="LINE" missed="0" covered="2"/><counter type="COMPLEXITY" missed="2" covered="1"/><counter type="METHOD" missed="0" covered="1"/></method><method name="getAutoStart" desc="()Z"><counter type="INSTRUCTION" missed="0" covered="3"/><counter type="COMPLEXITY" missed="0" covered="1"/><counter type="METHOD" missed="0" covered="1"/></method><method name="isAutoStart" desc="()Z"><counter type="INSTRUCTION" missed="0" covered="3"/><counter type="COMPLEXITY" missed="0" covered="1"/><counter type="METHOD" missed="0" covered="1"/></method><method name="setAutoStart" desc="(Z)V"><counter type="INSTRUCTION" missed="4" covered="0"/><counter type="COMPLEXITY" missed="1" covered="0"/><counter type="METHOD" missed="1" covered="0"/></method><method name="getTargetUri" desc="()Ljava/net/URI;"><counter type="INSTRUCTION" missed="0" covered="3"/><counter type="COMPLEXITY" missed="0" covered="1"/><counter type="METHOD" missed="0" covered="1"/></method><method name="setTargetUri" desc="(Ljava/net/URI;)V"><counter type="INSTRUCTION" missed="4" covered="0"/><counter type="COMPLEXITY" missed="1" covered="0"/><counter type="METHOD" missed="1" covered="0"/></method><method name="getExpectations" desc="()Lcom/stehno/ersatz/proxy/impl/ProxyExpectationsImpl;"><counter type="INSTRUCTION" missed="0" covered="3"/><counter type="COMPLEXITY" missed="0" covered="1"/><counter type="METHOD" missed="0" covered="1"/></method><counter type="INSTRUCTION" missed="28" covered="136"/><counter type="BRANCH" missed="2" covered="2"/><counter type="LINE" missed="0" covered="19"/><counter type="COMPLEXITY" missed="4" covered="12"/><counter type="METHOD" missed="2" covered="12"/><counter type="CLASS" missed="0" covered="1"/></class><class name="com/stehno/ersatz/proxy/impl/ProxyExpectationsImpl"><method name="&lt;init&gt;" desc="()V" line="33"><counter type="INSTRUCTION" missed="0" covered="22"/><counter type="LINE" missed="0" covered="1"/><counter type="COMPLEXITY" missed="0" covered="1"/><counter type="METHOD" missed="0" covered="1"/></method><method name="any" desc="(Ljava/lang/String;)Lcom/stehno/ersatz/proxy/ProxyExpectations;" line="37"><counter type="INSTRUCTION" missed="2" covered="6"/><counter type="LINE" missed="0" covered="1"/><counter type="COMPLEXITY" missed="0" covered="1"/><counter type="METHOD" missed="0" covered="1"/></method><method name="any" desc="(Lorg/hamcrest/Matcher;)Lcom/stehno/ersatz/proxy/ProxyExpectations;" line="42"><counter type="INSTRUCTION" missed="2" covered="6"/><counter type="LINE" missed="0" covered="1"/><counter type="COMPLEXITY" missed="0" covered="1"/><counter type="METHOD" missed="0" covered="1"/></method><method name="get" desc="(Ljava/lang/String;)Lcom/stehno/ersatz/proxy/ProxyExpectations;" line="47"><counter type="INSTRUCTION" missed="2" covered="6"/><counter type="LINE" missed="0" covered="1"/><counter type="COMPLEXITY" missed="0" covered="1"/><counter type="METHOD" missed="0" covered="1"/></method><method name="get" desc="(Lorg/hamcrest/Matcher;)Lcom/stehno/ersatz/proxy/ProxyExpectations;" line="52"><counter type="INSTRUCTION" missed="2" covered="6"/><counter type="LINE" missed="0" covered="1"/><counter type="COMPLEXITY" missed="0" covered="1"/><counter type="METHOD" missed="0" covered="1"/></method><method name="head" desc="(Ljava/lang/String;)Lcom/stehno/ersatz/proxy/ProxyExpectations;" line="57"><counter type="INSTRUCTION" missed="2" covered="6"/><counter type="LINE" missed="0" covered="1"/><counter type="COMPLEXITY" missed="0" covered="1"/><counter type="METHOD" missed="0" covered="1"/></method><method name="head" desc="(Lorg/hamcrest/Matcher;)Lcom/stehno/ersatz/proxy/ProxyExpectations;" line="62"><counter type="INSTRUCTION" missed="2" covered="6"/><counter type="LINE" missed="0" covered="1"/><counter type="COMPLEXITY" missed="0" covered="1"/><counter type="METHOD" missed="0" covered="1"/></method><method name="put" desc="(Ljava/lang/String;)Lcom/stehno/ersatz/proxy/ProxyExpectations;" line="67"><counter type="INSTRUCTION" missed="2" covered="6"/><counter type="LINE" missed="0" covered="1"/><counter type="COMPLEXITY" missed="0" covered="1"/><counter type="METHOD" missed="0" covered="1"/></method><method name="put" desc="(Lorg/hamcrest/Matcher;)Lcom/stehno/ersatz/proxy/ProxyExpectations;" line="72"><counter type="INSTRUCTION" missed="2" covered="6"/><counter type="LINE" missed="0" covered="1"/><counter type="COMPLEXITY" missed="0" covered="1"/><counter type="METHOD" missed="0" covered="1"/></method><method name="post" desc="(Ljava/lang/String;)Lcom/stehno/ersatz/proxy/ProxyExpectations;" line="77"><counter type="INSTRUCTION" missed="2" covered="6"/><counter type="LINE" missed="0" covered="1"/><counter type="COMPLEXITY" missed="0" covered="1"/><counter type="METHOD" missed="0" covered="1"/></method><method name="post" desc="(Lorg/hamcrest/Matcher;)Lcom/stehno/ersatz/proxy/ProxyExpectations;" line="82"><counter type="INSTRUCTION" missed="2" covered="6"/><counter type="LINE" missed="0" covered="1"/><counter type="COMPLEXITY" missed="0" covered="1"/><counter type="METHOD" missed="0" covered="1"/></method><method name="delete" desc="(Ljava/lang/String;)Lcom/stehno/ersatz/proxy/ProxyExpectations;" line="87"><counter type="INSTRUCTION" missed="2" covered="6"/><counter type="LINE" missed="0" covered="1"/><counter type="COMPLEXITY" missed="0" covered="1"/><counter type="METHOD" missed="0" covered="1"/></method><method name="delete" desc="(Lorg/hamcrest/Matcher;)Lcom/stehno/ersatz/proxy/ProxyExpectations;" line="92"><counter type="INSTRUCTION" missed="2" covered="6"/><counter type="LINE" missed="0" covered="1"/><counter type="COMPLEXITY" missed="0" covered="1"/><counter type="METHOD" missed="0" covered="1"/></method><method name="patch" desc="(Ljava/lang/String;)Lcom/stehno/ersatz/proxy/ProxyExpectations;" line="97"><counter type="INSTRUCTION" missed="2" covered="6"/><counter type="LINE" missed="0" covered="1"/><counter type="COMPLEXITY" missed="0" covered="1"/><counter type="METHOD" missed="0" covered="1"/></method><method name="patch" desc="(Lorg/hamcrest/Matcher;)Lcom/stehno/ersatz/proxy/ProxyExpectations;" line="102"><counter type="INSTRUCTION" missed="2" covered="6"/><counter type="LINE" missed="0" covered="1"/><counter type="COMPLEXITY" missed="0" covered="1"/><counter type="METHOD" missed="0" covered="1"/></method><method name="options" desc="(Ljava/lang/String;)Lcom/stehno/ersatz/proxy/ProxyExpectations;" line="107"><counter type="INSTRUCTION" missed="2" covered="6"/><counter type="LINE" missed="0" covered="1"/><counter type="COMPLEXITY" missed="0" covered="1"/><counter type="METHOD" missed="0" covered="1"/></method><method name="options" desc="(Lorg/hamcrest/Matcher;)Lcom/stehno/ersatz/proxy/ProxyExpectations;" line="112"><counter type="INSTRUCTION" missed="2" covered="6"/><counter type="LINE" missed="0" covered="1"/><counter type="COMPLEXITY" missed="0" covered="1"/><counter type="METHOD" missed="0" covered="1"/></method><method name="matches" desc="(Lorg/hamcrest/Matcher;Ljava/lang/String;)Lcom/stehno/ersatz/proxy/ProxyExpectations;" line="116"><counter type="INSTRUCTION" missed="2" covered="6"/><counter type="LINE" missed="0" covered="1"/><counter type="COMPLEXITY" missed="0" covered="1"/><counter type="METHOD" missed="0" covered="1"/></method><method name="matches" desc="(Lorg/hamcrest/Matcher;Lorg/hamcrest/Matcher;)Lcom/stehno/ersatz/proxy/ProxyExpectations;" line="120"><counter type="INSTRUCTION" missed="2" covered="11"/><counter type="LINE" missed="0" covered="2"/><counter type="COMPLEXITY" missed="0" covered="1"/><counter type="METHOD" missed="0" covered="1"/></method><method name="getMatchers" desc="()Ljava/util/List;"><counter type="INSTRUCTION" missed="0" covered="3"/><counter type="COMPLEXITY" missed="0" covered="1"/><counter type="METHOD" missed="0" covered="1"/></method><counter type="INSTRUCTION" missed="36" covered="138"/><counter type="LINE" missed="0" covered="20"/><counter type="COMPLEXITY" missed="0" covered="20"/><counter type="METHOD" missed="0" covered="20"/><counter type="CLASS" missed="0" covered="1"/></class><sourcefile name="ProxyRequestMatcher.groovy"><line nr="50" mi="3" ci="3" mb="0" cb="0"/><line nr="55" mi="0" ci="7" mb="0" cb="0"/><line nr="56" mi="0" ci="18" mb="0" cb="4"/><line nr="58" mi="0" ci="2" mb="0" cb="2"/><line nr="59" mi="0" ci="13" mb="0" cb="0"/><line nr="62" mi="9" ci="2" mb="0" cb="0"/><line nr="67" mi="4" ci="0" mb="0" cb="0"/><line nr="68" mi="5" ci="0" mb="0" cb="0"/><line nr="69" mi="4" ci="0" mb="0" cb="0"/><line nr="70" mi="6" ci="0" mb="0" cb="0"/><counter type="INSTRUCTION" missed="47" covered="81"/><counter type="BRANCH" missed="0" covered="6"/><counter type="LINE" missed="4" covered="6"/><counter type="COMPLEXITY" missed="5" covered="6"/><counter type="METHOD" missed="5" covered="3"/><counter type="CLASS" missed="0" covered="1"/></sourcefile><sourcefile name="ProxyExpectationsImpl.groovy"><line nr="33" mi="0" ci="20" mb="0" cb="0"/><line nr="37" mi="2" ci="6" mb="0" cb="0"/><line nr="42" mi="2" ci="6" mb="0" cb="0"/><line nr="47" mi="2" ci="6" mb="0" cb="0"/><line nr="52" mi="2" ci="6" mb="0" cb="0"/><line nr="57" mi="2" ci="6" mb="0" cb="0"/><line nr="62" mi="2" ci="6" mb="0" cb="0"/><line nr="67" mi="2" ci="6" mb="0" cb="0"/><line nr="72" mi="2" ci="6" mb="0" cb="0"/><line nr="77" mi="2" ci="6" mb="0" cb="0"/><line nr="82" mi="2" ci="6" mb="0" cb="0"/><line nr="87" mi="2" ci="6" mb="0" cb="0"/><line nr="92" mi="2" ci="6" mb="0" cb="0"/><line nr="97" mi="2" ci="6" mb="0" cb="0"/><line nr="102" mi="2" ci="6" mb="0" cb="0"/><line nr="107" mi="2" ci="6" mb="0" cb="0"/><line nr="112" mi="2" ci="6" mb="0" cb="0"/><line nr="116" mi="2" ci="6" mb="0" cb="0"/><line nr="120" mi="0" ci="9" mb="0" cb="0"/><line nr="121" mi="2" ci="2" mb="0" cb="0"/><counter type="INSTRUCTION" missed="36" covered="138"/><counter type="LINE" missed="0" covered="20"/><counter type="COMPLEXITY" missed="0" covered="20"/><counter type="METHOD" missed="0" covered="20"/><counter type="CLASS" missed="0" covered="1"/></sourcefile><sourcefile name="ProxyConfigImpl.groovy"><line nr="43" mi="0" ci="20" mb="0" cb="0"/><line nr="50" mi="0" ci="8" mb="0" cb="0"/><line nr="51" mi="2" ci="2" mb="0" cb="0"/><line nr="56" mi="0" ci="8" mb="0" cb="0"/><line nr="57" mi="0" ci="9" mb="0" cb="0"/><line nr="58" mi="2" ci="2" mb="0" cb="0"/><line nr="63" mi="0" ci="8" mb="0" cb="0"/><line nr="64" mi="0" ci="8" mb="0" cb="0"/><line nr="65" mi="2" ci="2" mb="0" cb="0"/><line nr="70" mi="0" ci="8" mb="0" cb="0"/><line nr="71" mi="0" ci="9" mb="0" cb="0"/><line nr="72" mi="2" ci="2" mb="0" cb="0"/><line nr="77" mi="0" ci="10" mb="0" cb="0"/><line nr="78" mi="0" ci="3" mb="0" cb="0"/><line nr="79" mi="2" ci="2" mb="0" cb="0"/><line nr="84" mi="0" ci="6" mb="0" cb="0"/><line nr="85" mi="2" ci="2" mb="0" cb="0"/><line nr="89" mi="2" ci="4" mb="2" cb="2"/><line nr="90" mi="6" ci="1" mb="0" cb="0"/><counter type="INSTRUCTION" missed="28" covered="136"/><counter type="BRANCH" missed="2" covered="2"/><counter type="LINE" missed="0" covered="19"/><counter type="COMPLEXITY" missed="4" covered="12"/><counter type="METHOD" missed="2" covered="12"/><counter type="CLASS" missed="0" covered="1"/></sourcefile><counter type="INSTRUCTION" missed="111" covered="355"/><counter type="BRANCH" missed="2" covered="8"/><counter type="LINE" missed="4" covered="45"/><counter type="COMPLEXITY" missed="9" covered="38"/><counter type="METHOD" missed="7" covered="35"/><counter type="CLASS" missed="0" covered="3"/></package><package name="com/stehno/ersatz"><class name="com/stehno/ersatz/WsMessageType"><method name="&lt;init&gt;" desc="(Ljava/lang/String;ILjava/util/LinkedHashMap;)V"><counter type="INSTRUCTION" missed="11" covered="23"/><counter type="BRANCH" missed="2" covered="2"/><counter type="COMPLEXITY" missed="2" covered="1"/><counter type="METHOD" missed="0" covered="1"/></method><method name="&lt;init&gt;" desc="(Ljava/lang/String;I)V"><counter type="INSTRUCTION" missed="0" covered="8"/><counter type="COMPLEXITY" missed="0" covered="1"/><counter type="METHOD" missed="0" covered="1"/></method><method name="resolve" desc="(Ljava/lang/Object;)Lcom/stehno/ersatz/WsMessageType;" line="34"><counter type="INSTRUCTION" missed="4" covered="5"/><counter type="BRANCH" missed="1" covered="1"/><counter type="LINE" missed="0" covered="1"/><counter type="COMPLEXITY" missed="1" covered="1"/><counter type="METHOD" missed="0" covered="1"/></method><method name="&lt;clinit&gt;" desc="()V"><counter type="INSTRUCTION" missed="0" covered="62"/><counter type="COMPLEXITY" missed="0" covered="1"/><counter type="METHOD" missed="0" covered="1"/></method><counter type="INSTRUCTION" missed="15" covered="98"/><counter type="BRANCH" missed="3" covered="3"/><counter type="LINE" missed="0" covered="1"/><counter type="COMPLEXITY" missed="3" covered="4"/><counter type="METHOD" missed="0" covered="4"/><counter type="CLASS" missed="0" covered="1"/></class><class name="com/stehno/ersatz/ErsatzMatchers$CollectionContainsValueMatcher"><method name="&lt;init&gt;" desc="()V"><counter type="INSTRUCTION" missed="0" covered="12"/><counter type="COMPLEXITY" missed="0" covered="1"/><counter type="METHOD" missed="0" covered="1"/></method><method name="matches" desc="(Ljava/lang/Object;)Z" line="85"><counter type="INSTRUCTION" missed="9" covered="16"/><counter type="BRANCH" missed="0" covered="2"/><counter type="LINE" missed="0" covered="1"/><counter type="COMPLEXITY" missed="0" covered="2"/><counter type="METHOD" missed="0" covered="1"/></method><method name="describeTo" desc="(Lorg/hamcrest/Description;)V" line="90"><counter type="INSTRUCTION" missed="26" covered="0"/><counter type="LINE" missed="1" covered="0"/><counter type="COMPLEXITY" missed="1" covered="0"/><counter type="METHOD" missed="1" covered="0"/></method><method name="getValue" desc="()Ljava/lang/Object;"><counter type="INSTRUCTION" missed="3" covered="0"/><counter type="COMPLEXITY" missed="1" covered="0"/><counter type="METHOD" missed="1" covered="0"/></method><method name="setValue" desc="(Ljava/lang/Object;)V"><counter type="INSTRUCTION" missed="0" covered="4"/><counter type="COMPLEXITY" missed="0" covered="1"/><counter type="METHOD" missed="0" covered="1"/></method><counter type="INSTRUCTION" missed="38" covered="32"/><counter type="BRANCH" missed="0" covered="2"/><counter type="LINE" missed="1" covered="1"/><counter type="COMPLEXITY" missed="2" covered="4"/><counter type="METHOD" missed="2" covered="3"/><counter type="CLASS" missed="0" covered="1"/></class><class name="com/stehno/ersatz/ErsatzServer$_timeout_closure2"><method name="&lt;init&gt;" desc="(Ljava/lang/Object;Ljava/lang/Object;Lgroovy/lang/Reference;Lgroovy/lang/Reference;)V"><counter type="INSTRUCTION" missed="0" covered="21"/><counter type="COMPLEXITY" missed="0" covered="1"/><counter type="METHOD" missed="0" covered="1"/></method><method name="doCall" desc="(Lio/undertow/Undertow$Builder;)Ljava/lang/Object;" line="160"><counter type="INSTRUCTION" missed="2" covered="44"/><counter type="LINE" missed="0" covered="3"/><counter type="COMPLEXITY" missed="0" covered="1"/><counter type="METHOD" missed="0" covered="1"/></method><method name="call" desc="(Lio/undertow/Undertow$Builder;)Ljava/lang/Object;"><counter type="INSTRUCTION" missed="6" covered="0"/><counter type="COMPLEXITY" missed="1" covered="0"/><counter type="METHOD" missed="1" covered="0"/></method><method name="getValue" desc="()I"><counter type="INSTRUCTION" missed="8" covered="0"/><counter type="COMPLEXITY" missed="1" covered="0"/><counter type="METHOD" missed="1" covered="0"/></method><method name="getUnits" desc="()Ljava/util/concurrent/TimeUnit;"><counter type="INSTRUCTION" missed="10" covered="0"/><counter type="COMPLEXITY" missed="1" covered="0"/><counter type="METHOD" missed="1" covered="0"/></method><counter type="INSTRUCTION" missed="26" covered="65"/><counter type="LINE" missed="0" covered="3"/><counter type="COMPLEXITY" missed="3" covered="2"/><counter type="METHOD" missed="3" covered="2"/><counter type="CLASS" missed="0" covered="1"/></class><class name="com/stehno/ersatz/Encoders$1"><method name="apply" desc="(Ljava/lang/Object;)Ljava/lang/String;" line="59"><counter type="INSTRUCTION" missed="11" covered="113"/><counter type="BRANCH" missed="1" covered="1"/><counter type="LINE" missed="0" covered="6"/><counter type="COMPLEXITY" missed="1" covered="1"/><counter type="METHOD" missed="0" covered="1"/></method><counter type="INSTRUCTION" missed="11" covered="113"/><counter type="BRANCH" missed="1" covered="1"/><counter type="LINE" missed="0" covered="6"/><counter type="COMPLEXITY" missed="1" covered="1"/><counter type="METHOD" missed="0" covered="1"/><counter type="CLASS" missed="0" covered="1"/></class><class name="com/stehno/ersatz/CookieMatcher"><method name="&lt;init&gt;" desc="()V"><counter type="INSTRUCTION" missed="0" covered="22"/><counter type="COMPLEXITY" missed="0" covered="1"/><counter type="METHOD" missed="0" covered="1"/></method><method name="cookieMatcher" desc="(Lgroovy/lang/Closure;)Lcom/stehno/ersatz/CookieMatcher;" line="42"><counter type="INSTRUCTION" missed="2" covered="20"/><counter type="LINE" missed="0" covered="4"/><counter type="COMPLEXITY" missed="0" covered="1"/><counter type="METHOD" missed="0" covered="1"/></method><method name="cookieMatcher" desc="(Ljava/util/function/Consumer;)Lcom/stehno/ersatz/CookieMatcher;" line="55"><counter type="INSTRUCTION" missed="15" covered="0"/><counter type="LINE" missed="3" covered="0"/><counter type="COMPLEXITY" missed="1" covered="0"/><counter type="METHOD" missed="1" covered="0"/></method><method name="value" desc="(Ljava/lang/String;)Lcom/stehno/ersatz/CookieMatcher;" line="67"><counter type="INSTRUCTION" missed="2" covered="5"/><counter type="LINE" missed="0" covered="1"/><counter type="COMPLEXITY" missed="0" covered="1"/><counter type="METHOD" missed="0" covered="1"/></method><method name="value" desc="(Lorg/hamcrest/Matcher;)Lcom/stehno/ersatz/CookieMatcher;" line="77"><counter type="INSTRUCTION" missed="2" covered="12"/><counter type="LINE" missed="0" covered="2"/><counter type="COMPLEXITY" missed="0" covered="1"/><counter type="METHOD" missed="0" covered="1"/></method><method name="comment" desc="(Ljava/lang/String;)Lcom/stehno/ersatz/CookieMatcher;" line="88"><counter type="INSTRUCTION" missed="2" covered="5"/><counter type="LINE" missed="0" covered="1"/><counter type="COMPLEXITY" missed="0" covered="1"/><counter type="METHOD" missed="0" covered="1"/></method><method name="comment" desc="(Lorg/hamcrest/Matcher;)Lcom/stehno/ersatz/CookieMatcher;" line="98"><counter type="INSTRUCTION" missed="2" covered="12"/><counter type="LINE" missed="0" covered="2"/><counter type="COMPLEXITY" missed="0" covered="1"/><counter type="METHOD" missed="0" covered="1"/></method><method name="domain" desc="(Ljava/lang/String;)Lcom/stehno/ersatz/CookieMatcher;" line="109"><counter type="INSTRUCTION" missed="2" covered="5"/><counter type="LINE" missed="0" covered="1"/><counter type="COMPLEXITY" missed="0" covered="1"/><counter type="METHOD" missed="0" covered="1"/></method><method name="domain" desc="(Lorg/hamcrest/Matcher;)Lcom/stehno/ersatz/CookieMatcher;" line="119"><counter type="INSTRUCTION" missed="2" covered="12"/><counter type="LINE" missed="0" covered="2"/><counter type="COMPLEXITY" missed="0" covered="1"/><counter type="METHOD" missed="0" covered="1"/></method><method name="path" desc="(Ljava/lang/String;)Lcom/stehno/ersatz/CookieMatcher;" line="130"><counter type="INSTRUCTION" missed="2" covered="5"/><counter type="LINE" missed="0" covered="1"/><counter type="COMPLEXITY" missed="0" covered="1"/><counter type="METHOD" missed="0" covered="1"/></method><method name="path" desc="(Lorg/hamcrest/Matcher;)Lcom/stehno/ersatz/CookieMatcher;" line="140"><counter type="INSTRUCTION" missed="2" covered="12"/><counter type="LINE" missed="0" covered="2"/><counter type="COMPLEXITY" missed="0" covered="1"/><counter type="METHOD" missed="0" covered="1"/></method><method name="version" desc="(I)Lcom/stehno/ersatz/CookieMatcher;" line="151"><counter type="INSTRUCTION" missed="2" covered="6"/><counter type="LINE" missed="0" covered="1"/><counter type="COMPLEXITY" missed="0" covered="1"/><counter type="METHOD" missed="0" covered="1"/></method><method name="version" desc="(Lorg/hamcrest/Matcher;)Lcom/stehno/ersatz/CookieMatcher;" line="161"><counter type="INSTRUCTION" missed="2" covered="12"/><counter type="LINE" missed="0" covered="2"/><counter type="COMPLEXITY" missed="0" covered="1"/><counter type="METHOD" missed="0" covered="1"/></method><method name="httpOnly" desc="(Z)Lcom/stehno/ersatz/CookieMatcher;" line="172"><counter type="INSTRUCTION" missed="2" covered="14"/><counter type="LINE" missed="0" covered="2"/><counter type="COMPLEXITY" missed="0" covered="1"/><counter type="METHOD" missed="0" covered="1"/></method><method name="maxAge" desc="(I)Lcom/stehno/ersatz/CookieMatcher;" line="183"><counter type="INSTRUCTION" missed="2" covered="6"/><counter type="LINE" missed="0" covered="1"/><counter type="COMPLEXITY" missed="0" covered="1"/><counter type="METHOD" missed="0" covered="1"/></method><method name="maxAge" desc="(Lorg/hamcrest/Matcher;)Lcom/stehno/ersatz/CookieMatcher;" line="193"><counter type="INSTRUCTION" missed="2" covered="12"/><counter type="LINE" missed="0" covered="2"/><counter type="COMPLEXITY" missed="0" covered="1"/><counter type="METHOD" missed="0" covered="1"/></method><method name="secure" desc="(Z)Lcom/stehno/ersatz/CookieMatcher;" line="204"><counter type="INSTRUCTION" missed="2" covered="14"/><counter type="LINE" missed="0" covered="2"/><counter type="COMPLEXITY" missed="0" covered="1"/><counter type="METHOD" missed="0" covered="1"/></method><method name="matches" desc="(Ljava/lang/Object;)Z" line="210"><counter type="INSTRUCTION" missed="9" covered="30"/><counter type="BRANCH" missed="0" covered="4"/><counter type="LINE" missed="0" covered="4"/><counter type="COMPLEXITY" missed="0" covered="3"/><counter type="METHOD" missed="0" covered="1"/></method><method name="describeTo" desc="(Lorg/hamcrest/Description;)V" line="242"><counter type="INSTRUCTION" missed="0" covered="23"/><counter type="LINE" missed="0" covered="2"/><counter type="COMPLEXITY" missed="0" covered="1"/><counter type="METHOD" missed="0" covered="1"/></method><counter type="INSTRUCTION" missed="54" covered="227"/><counter type="BRANCH" missed="0" covered="4"/><counter type="LINE" missed="3" covered="32"/><counter type="COMPLEXITY" missed="1" covered="20"/><counter type="METHOD" missed="1" covered="18"/><counter type="CLASS" missed="0" covered="1"/></class><class name="com/stehno/ersatz/ErsatzServer"><method name="&lt;init&gt;" desc="(Lgroovy/lang/Closure;)V" line="82"><counter type="INSTRUCTION" missed="0" covered="105"/><counter type="BRANCH" missed="0" covered="2"/><counter type="LINE" missed="0" covered="6"/><counter type="COMPLEXITY" missed="0" covered="2"/><counter type="METHOD" missed="0" covered="1"/></method><method name="&lt;init&gt;" desc="(Ljava/util/function/Consumer;)V" line="82"><counter type="INSTRUCTION" missed="0" covered="95"/><counter type="LINE" missed="0" covered="4"/><counter type="COMPLEXITY" missed="0" covered="1"/><counter type="METHOD" missed="0" covered="1"/></method><method name="&lt;init&gt;" desc="()V"><counter type="INSTRUCTION" missed="22" covered="29"/><counter type="BRANCH" missed="3" covered="1"/><counter type="COMPLEXITY" missed="3" covered="1"/><counter type="METHOD" missed="0" covered="1"/></method><method name="https" desc="(Z)Lcom/stehno/ersatz/ErsatzServer;" line="127"><counter type="INSTRUCTION" missed="2" covered="10"/><counter type="LINE" missed="0" covered="2"/><counter type="COMPLEXITY" missed="0" covered="1"/><counter type="METHOD" missed="0" covered="1"/></method><method name="autoStart" desc="(Z)Lcom/stehno/ersatz/ServerConfig;" line="142"><counter type="INSTRUCTION" missed="2" covered="10"/><counter type="LINE" missed="0" covered="2"/><counter type="COMPLEXITY" missed="0" covered="1"/><counter type="METHOD" missed="0" covered="1"/></method><method name="autoStart" desc="()Lcom/stehno/ersatz/ServerConfig;" line="148"><counter type="INSTRUCTION" missed="6" covered="0"/><counter type="LINE" missed="1" covered="0"/><counter type="COMPLEXITY" missed="1" covered="0"/><counter type="METHOD" missed="1" covered="0"/></method><method name="timeout" desc="(ILjava/util/concurrent/TimeUnit;)Lcom/stehno/ersatz/ServerConfig;" line="159"><counter type="INSTRUCTION" missed="2" covered="29"/><counter type="LINE" missed="0" covered="2"/><counter type="COMPLEXITY" missed="0" covered="1"/><counter type="METHOD" missed="0" covered="1"/></method><method name="reportToConsole" desc="(Z)Lcom/stehno/ersatz/ServerConfig;" line="176"><counter type="INSTRUCTION" missed="12" covered="0"/><counter type="LINE" missed="2" covered="0"/><counter type="COMPLEXITY" missed="1" covered="0"/><counter type="METHOD" missed="1" covered="0"/></method><method name="keystore" desc="(Ljava/net/URL;Ljava/lang/String;)Lcom/stehno/ersatz/ServerConfig;" line="189"><counter type="INSTRUCTION" missed="20" covered="0"/><counter type="LINE" missed="3" covered="0"/><counter type="COMPLEXITY" missed="1" covered="0"/><counter type="METHOD" missed="1" covered="0"/></method><method name="getHttpPort" desc="()I" line="200"><counter type="INSTRUCTION" missed="3" covered="3"/><counter type="LINE" missed="0" covered="1"/><counter type="COMPLEXITY" missed="0" covered="1"/><counter type="METHOD" missed="0" covered="1"/></method><method name="getHttpsPort" desc="()I" line="209"><counter type="INSTRUCTION" missed="6" covered="0"/><counter type="LINE" missed="1" covered="0"/><counter type="COMPLEXITY" missed="1" covered="0"/><counter type="METHOD" missed="1" covered="0"/></method><method name="getHttpUrl" desc="()Ljava/lang/String;" line="218"><counter type="INSTRUCTION" missed="2" covered="24"/><counter type="LINE" missed="0" covered="1"/><counter type="COMPLEXITY" missed="0" covered="1"/><counter type="METHOD" missed="0" covered="1"/></method><method name="getWsUrl" desc="()Ljava/lang/String;" line="227"><counter type="INSTRUCTION" missed="2" covered="24"/><counter type="LINE" missed="0" covered="1"/><counter type="COMPLEXITY" missed="0" covered="1"/><counter type="METHOD" missed="0" covered="1"/></method><method name="getHttpsUrl" desc="()Ljava/lang/String;" line="236"><counter type="INSTRUCTION" missed="2" covered="24"/><counter type="LINE" missed="0" covered="1"/><counter type="COMPLEXITY" missed="0" covered="1"/><counter type="METHOD" missed="0" covered="1"/></method><method name="expectations" desc="(Ljava/util/function/Consumer;)Lcom/stehno/ersatz/ErsatzServer;" line="250"><counter type="INSTRUCTION" missed="2" covered="15"/><counter type="BRANCH" missed="1" covered="1"/><counter type="LINE" missed="0" covered="4"/><counter type="COMPLEXITY" missed="1" covered="1"/><counter type="METHOD" missed="0" covered="1"/></method><method name="expectations" desc="(Lgroovy/lang/Closure;)Lcom/stehno/ersatz/ErsatzServer;" line="270"><counter type="INSTRUCTION" missed="2" covered="22"/><counter type="BRANCH" missed="1" covered="1"/><counter type="LINE" missed="0" covered="5"/><counter type="COMPLEXITY" missed="1" covered="1"/><counter type="METHOD" missed="0" covered="1"/></method><method name="expects" desc="()Lcom/stehno/ersatz/Expectations;" line="289"><counter type="INSTRUCTION" missed="2" covered="3"/><counter type="LINE" missed="0" covered="1"/><counter type="COMPLEXITY" missed="0" covered="1"/><counter type="METHOD" missed="0" covered="1"/></method><method name="decoder" desc="(Ljava/lang/String;Ljava/util/function/BiFunction;)Lcom/stehno/ersatz/ErsatzServer;" line="301"><counter type="INSTRUCTION" missed="11" covered="0"/><counter type="LINE" missed="2" covered="0"/><counter type="COMPLEXITY" missed="1" covered="0"/><counter type="METHOD" missed="1" covered="0"/></method><method name="decoder" desc="(Lcom/stehno/ersatz/ContentType;Ljava/util/function/BiFunction;)Lcom/stehno/ersatz/ErsatzServer;" line="314"><counter type="INSTRUCTION" missed="2" covered="9"/><counter type="LINE" missed="0" covered="2"/><counter type="COMPLEXITY" missed="0" covered="1"/><counter type="METHOD" missed="0" covered="1"/></method><method name="encoder" desc="(Ljava/lang/String;Ljava/lang/Class;Ljava/util/function/Function;)Lcom/stehno/ersatz/ServerConfig;" line="328"><counter type="INSTRUCTION" missed="12" covered="0"/><counter type="LINE" missed="2" covered="0"/><counter type="COMPLEXITY" missed="1" covered="0"/><counter type="METHOD" missed="1" covered="0"/></method><method name="encoder" desc="(Lcom/stehno/ersatz/ContentType;Ljava/lang/Class;Ljava/util/function/Function;)Lcom/stehno/ersatz/ServerConfig;" line="342"><counter type="INSTRUCTION" missed="2" covered="10"/><counter type="LINE" missed="0" covered="2"/><counter type="COMPLEXITY" missed="0" covered="1"/><counter type="METHOD" missed="0" covered="1"/></method><method name="authentication" desc="(Lgroovy/lang/Closure;)Lcom/stehno/ersatz/ServerConfig;" line="354"><counter type="INSTRUCTION" missed="2" covered="25"/><counter type="LINE" missed="0" covered="4"/><counter type="COMPLEXITY" missed="0" covered="1"/><counter type="METHOD" missed="0" covered="1"/></method><method name="authentication" desc="(Ljava/util/function/Consumer;)Lcom/stehno/ersatz/ServerConfig;" line="368"><counter type="INSTRUCTION" missed="20" covered="0"/><counter type="LINE" missed="3" covered="0"/><counter type="COMPLEXITY" missed="1" covered="0"/><counter type="METHOD" missed="1" covered="0"/></method><method name="start" desc="()V" line="379"><counter type="INSTRUCTION" missed="0" covered="103"/><counter type="BRANCH" missed="0" covered="6"/><counter type="LINE" missed="0" covered="17"/><counter type="COMPLEXITY" missed="0" covered="4"/><counter type="METHOD" missed="0" covered="1"/></method><method name="clearExpectations" desc="()V" line="441"><counter type="INSTRUCTION" missed="0" covered="6"/><counter type="LINE" missed="0" covered="1"/><counter type="COMPLEXITY" missed="0" covered="1"/><counter type="METHOD" missed="0" covered="1"/></method><method name="stop" desc="()V" line="448"><counter type="INSTRUCTION" missed="1" covered="38"/><counter type="BRANCH" missed="1" covered="3"/><counter type="LINE" missed="0" covered="5"/><counter type="COMPLEXITY" missed="1" covered="2"/><counter type="METHOD" missed="0" covered="1"/></method><method name="close" desc="()V" line="463"><counter type="INSTRUCTION" missed="0" covered="5"/><counter type="LINE" missed="0" covered="1"/><counter type="COMPLEXITY" missed="0" covered="1"/><counter type="METHOD" missed="0" covered="1"/></method><method name="verify" desc="(JLjava/util/concurrent/TimeUnit;)Z" line="479"><counter type="INSTRUCTION" missed="9" covered="6"/><counter type="LINE" missed="0" covered="1"/><counter type="COMPLEXITY" missed="0" covered="1"/><counter type="METHOD" missed="0" covered="1"/></method><method name="applyAuthentication" desc="(Lio/undertow/server/HttpHandler;)Lio/undertow/server/HttpHandler;" line="483"><counter type="INSTRUCTION" missed="11" covered="58"/><counter type="BRANCH" missed="1" covered="5"/><counter type="LINE" missed="1" covered="11"/><counter type="COMPLEXITY" missed="1" covered="3"/><counter type="METHOD" missed="0" covered="1"/></method><method name="send" desc="(Lio/undertow/server/HttpServerExchange;Lcom/stehno/ersatz/Response;)V" line="503"><counter type="INSTRUCTION" missed="3" covered="100"/><counter type="BRANCH" missed="4" covered="8"/><counter type="LINE" missed="0" covered="9"/><counter type="COMPLEXITY" missed="4" covered="3"/><counter type="METHOD" missed="0" covered="1"/></method><method name="applyPorts" desc="()V" line="543"><counter type="INSTRUCTION" missed="0" covered="40"/><counter type="BRANCH" missed="0" covered="2"/><counter type="LINE" missed="0" covered="3"/><counter type="COMPLEXITY" missed="0" covered="2"/><counter type="METHOD" missed="0" covered="1"/></method><method name="sslContext" desc="()Ljavax/net/ssl/SSLContext;" line="552"><counter type="INSTRUCTION" missed="4" covered="99"/><counter type="BRANCH" missed="1" covered="1"/><counter type="LINE" missed="0" covered="7"/><counter type="COMPLEXITY" missed="1" covered="1"/><counter type="METHOD" missed="0" covered="1"/></method><method name="https" desc="()Lcom/stehno/ersatz/ErsatzServer;"><counter type="INSTRUCTION" missed="2" covered="4"/><counter type="COMPLEXITY" missed="0" covered="1"/><counter type="METHOD" missed="0" covered="1"/></method><method name="timeout" desc="(I)Lcom/stehno/ersatz/ServerConfig;"><counter type="INSTRUCTION" missed="17" covered="0"/><counter type="COMPLEXITY" missed="1" covered="0"/><counter type="METHOD" missed="1" covered="0"/></method><method name="reportToConsole" desc="()Lcom/stehno/ersatz/ServerConfig;"><counter type="INSTRUCTION" missed="6" covered="0"/><counter type="COMPLEXITY" missed="1" covered="0"/><counter type="METHOD" missed="1" covered="0"/></method><method name="keystore" desc="(Ljava/net/URL;)Lcom/stehno/ersatz/ServerConfig;"><counter type="INSTRUCTION" missed="8" covered="0"/><counter type="COMPLEXITY" missed="1" covered="0"/><counter type="METHOD" missed="1" covered="0"/></method><method name="verify" desc="(J)Z"><counter type="INSTRUCTION" missed="15" covered="0"/><counter type="COMPLEXITY" missed="1" covered="0"/><counter type="METHOD" missed="1" covered="0"/></method><method name="verify" desc="()Z"><counter type="INSTRUCTION" missed="9" covered="7"/><counter type="COMPLEXITY" missed="0" covered="1"/><counter type="METHOD" missed="0" covered="1"/></method><method name="&lt;clinit&gt;" desc="()V"><counter type="INSTRUCTION" missed="0" covered="8"/><counter type="COMPLEXITY" missed="0" covered="1"/><counter type="METHOD" missed="0" covered="1"/></method><method name="getNOT_FOUND_BODY" desc="()Ljava/lang/String;"><counter type="INSTRUCTION" missed="0" covered="2"/><counter type="COMPLEXITY" missed="0" covered="1"/><counter type="METHOD" missed="0" covered="1"/></method><counter type="INSTRUCTION" missed="221" covered="913"/><counter type="BRANCH" missed="12" covered="30"/><counter type="LINE" missed="15" covered="90"/><counter type="COMPLEXITY" missed="23" covered="39"/><counter type="METHOD" missed="11" covered="29"/><counter type="CLASS" missed="0" covered="1"/></class><class name="com/stehno/ersatz/RequestDecoders"><method name="&lt;init&gt;" desc="(Lgroovy/lang/Closure;)V" line="28"><counter type="INSTRUCTION" missed="0" covered="43"/><counter type="BRANCH" missed="0" covered="2"/><counter type="LINE" missed="0" covered="4"/><counter type="COMPLEXITY" missed="0" covered="2"/><counter type="METHOD" missed="0" covered="1"/></method><method name="&lt;init&gt;" desc="()V"><counter type="INSTRUCTION" missed="0" covered="6"/><counter type="COMPLEXITY" missed="0" covered="1"/><counter type="METHOD" missed="0" covered="1"/></method><method name="register" desc="(Lcom/stehno/ersatz/ContentType;Ljava/util/function/BiFunction;)V" line="49"><counter type="INSTRUCTION" missed="0" covered="15"/><counter type="LINE" missed="0" covered="1"/><counter type="COMPLEXITY" missed="0" covered="1"/><counter type="METHOD" missed="0" covered="1"/></method><method name="register" desc="(Ljava/lang/String;Ljava/util/function/BiFunction;)V" line="59"><counter type="INSTRUCTION" missed="0" covered="59"/><counter type="BRANCH" missed="0" covered="2"/><counter type="LINE" missed="0" covered="4"/><counter type="COMPLEXITY" missed="0" covered="2"/><counter type="METHOD" missed="0" covered="1"/></method><method name="findDecoder" desc="(Lcom/stehno/ersatz/ContentType;)Ljava/util/function/BiFunction;" line="74"><counter type="INSTRUCTION" missed="2" covered="16"/><counter type="LINE" missed="0" covered="1"/><counter type="COMPLEXITY" missed="0" covered="1"/><counter type="METHOD" missed="0" covered="1"/></method><method name="findDecoder" desc="(Ljava/lang/String;)Ljava/util/function/BiFunction;" line="84"><counter type="INSTRUCTION" missed="2" covered="87"/><counter type="BRANCH" missed="0" covered="2"/><counter type="LINE" missed="0" covered="5"/><counter type="COMPLEXITY" missed="0" covered="2"/><counter type="METHOD" missed="0" covered="1"/></method><counter type="INSTRUCTION" missed="4" covered="226"/><counter type="BRANCH" missed="0" covered="6"/><counter type="LINE" missed="0" covered="15"/><counter type="COMPLEXITY" missed="0" covered="9"/><counter type="METHOD" missed="0" covered="6"/><counter type="CLASS" missed="0" covered="1"/></class><class name="com/stehno/ersatz/ErsatzMatchers$CollectionContainsMatchMatcher$_matches_closure1"><method name="&lt;init&gt;" desc="(Ljava/lang/Object;Ljava/lang/Object;)V"><counter type="INSTRUCTION" missed="0" covered="5"/><counter type="COMPLEXITY" missed="0" covered="1"/><counter type="METHOD" missed="0" covered="1"/></method><method name="doCall" desc="(Ljava/lang/Object;)Ljava/lang/Object;" line="67"><counter type="INSTRUCTION" missed="2" covered="11"/><counter type="LINE" missed="0" covered="1"/><counter type="COMPLEXITY" missed="0" covered="1"/><counter type="METHOD" missed="0" covered="1"/></method><method name="call" desc="(Ljava/lang/Object;)Ljava/lang/Object;"><counter type="INSTRUCTION" missed="6" covered="0"/><counter type="COMPLEXITY" missed="1" covered="0"/><counter type="METHOD" missed="1" covered="0"/></method><method name="call" desc="()Ljava/lang/Object;"><counter type="INSTRUCTION" missed="6" covered="0"/><counter type="COMPLEXITY" missed="1" covered="0"/><counter type="METHOD" missed="1" covered="0"/></method><counter type="INSTRUCTION" 
[...]
" mb="2" cb="0"/><line nr="40" mi="9" ci="0" mb="0" cb="0"/><line nr="41" mi="14" ci="0" mb="0" cb="0"/><line nr="42" mi="16" ci="0" mb="0" cb="0"/><line nr="43" mi="55" ci="0" mb="2" cb="0"/><line nr="44" mi="34" ci="0" mb="4" cb="0"/><line nr="47" mi="16" ci="0" mb="0" cb="0"/><line nr="48" mi="54" ci="0" mb="0" cb="0"/><line nr="50" mi="12" ci="0" mb="0" cb="0"/><counter type="INSTRUCTION" missed="467" covered="0"/><counter type="BRANCH" missed="8" covered="0"/><counter type="LINE" missed="13" covered="0"/><counter type="COMPLEXITY" missed="17" covered="0"/><counter type="METHOD" missed="13" covered="0"/><counter type="CLASS" missed="3" covered="0"/></sourcefile><sourcefile name="MultipartPart.groovy"><counter type="INSTRUCTION" missed="488" covered="262"/><counter type="BRANCH" missed="116" covered="32"/><counter type="COMPLEXITY" missed="73" covered="12"/><counter type="METHOD" missed="3" covered="8"/><counter type="CLASS" missed="0" covered="1"/></sourcefile><sourcefile name="RequestMatcher.groovy"><line nr="61" mi="4" ci="22" mb="0" cb="0"/><line nr="71" mi="4" ci="22" mb="0" cb="0"/><line nr="81" mi="4" ci="22" mb="0" cb="0"/><line nr="92" mi="2" ci="37" mb="0" cb="0"/><line nr="93" mi="2" ci="17" mb="0" cb="0"/><line nr="105" mi="4" ci="53" mb="0" cb="0"/><line nr="116" mi="2" ci="37" mb="0" cb="0"/><line nr="119" mi="2" ci="48" mb="0" cb="2"/><line nr="133" mi="2" ci="37" mb="0" cb="0"/><line nr="134" mi="0" ci="18" mb="0" cb="0"/><line nr="135" mi="2" ci="12" mb="0" cb="2"/><line nr="140" mi="2" ci="108" mb="0" cb="0"/><line nr="153" mi="2" ci="16" mb="0" cb="0"/><line nr="154" mi="2" ci="16" mb="0" cb="0"/><line nr="155" mi="2" ci="17" mb="0" cb="0"/><line nr="169" mi="2" ci="38" mb="0" cb="0"/><line nr="170" mi="0" ci="18" mb="0" cb="0"/><line nr="172" mi="2" ci="25" mb="0" cb="0"/><line nr="184" mi="2" ci="20" mb="0" cb="0"/><line nr="195" mi="4" ci="36" mb="0" cb="0"/><line nr="206" mi="9" ci="20" mb="0" cb="0"/><line nr="211" mi="0" ci="4" mb="1" cb="1"/><line nr="212" mi="0" ci="8" mb="0" cb="0"/><line nr="214" mi="0" ci="9" mb="0" cb="0"/><counter type="INSTRUCTION" missed="277" covered="920"/><counter type="BRANCH" missed="1" covered="5"/><counter type="LINE" missed="0" covered="24"/><counter type="COMPLEXITY" missed="26" covered="40"/><counter type="METHOD" missed="25" covered="38"/><counter type="CLASS" missed="0" covered="12"/></sourcefile><sourcefile name="ErsatzRequest.groovy"><line nr="32" mi="0" ci="10" mb="0" cb="0"/><line nr="33" mi="0" ci="10" mb="0" cb="0"/><line nr="34" mi="0" ci="10" mb="0" cb="0"/><line nr="37" mi="0" ci="24" mb="0" cb="0"/><line nr="50" mi="0" ci="73" mb="0" cb="2"/><line nr="51" mi="0" ci="13" mb="0" cb="0"/><line nr="53" mi="0" ci="11" mb="0" cb="0"/><line nr="54" mi="0" ci="11" mb="0" cb="0"/><line nr="59" mi="0" ci="18" mb="0" cb="0"/><line nr="60" mi="2" ci="2" mb="0" cb="0"/><line nr="65" mi="0" ci="11" mb="0" cb="0"/><line nr="66" mi="2" ci="8" mb="0" cb="0"/><line nr="68" mi="2" ci="2" mb="0" cb="0"/><line nr="73" mi="2" ci="16" mb="0" cb="0"/><line nr="78" mi="0" ci="14" mb="0" cb="0"/><line nr="79" mi="2" ci="2" mb="0" cb="0"/><line nr="84" mi="2" ci="27" mb="0" cb="2"/><line nr="89" mi="4" ci="35" mb="0" cb="0"/><line nr="94" mi="0" ci="14" mb="0" cb="0"/><line nr="95" mi="2" ci="2" mb="0" cb="0"/><line nr="100" mi="0" ci="11" mb="0" cb="0"/><line nr="101" mi="2" ci="8" mb="0" cb="0"/><line nr="103" mi="2" ci="2" mb="0" cb="0"/><line nr="108" mi="2" ci="20" mb="0" cb="0"/><line nr="113" mi="0" ci="14" mb="0" cb="0"/><line nr="114" mi="2" ci="2" mb="0" cb="0"/><line nr="119" mi="0" ci="13" mb="0" cb="0"/><line nr="120" mi="2" ci="2" mb="0" cb="0"/><line nr="125" mi="0" ci="11" mb="0" cb="0"/><line nr="126" mi="2" ci="8" mb="0" cb="0"/><line nr="128" mi="2" ci="2" mb="0" cb="0"/><line nr="133" mi="0" ci="8" mb="0" cb="0"/><line nr="134" mi="2" ci="2" mb="0" cb="0"/><line nr="139" mi="14" ci="12" mb="2" cb="2"/><line nr="140" mi="0" ci="8" mb="0" cb="0"/><line nr="141" mi="2" ci="2" mb="0" cb="0"/><line nr="146" mi="14" ci="12" mb="2" cb="2"/><line nr="147" mi="0" ci="7" mb="0" cb="0"/><line nr="148" mi="0" ci="8" mb="0" cb="0"/><line nr="149" mi="2" ci="2" mb="0" cb="0"/><line nr="154" mi="14" ci="12" mb="2" cb="2"/><line nr="155" mi="0" ci="7" mb="0" cb="0"/><line nr="156" mi="0" ci="6" mb="0" cb="0"/><line nr="158" mi="0" ci="8" mb="0" cb="0"/><line nr="160" mi="2" ci="2" mb="0" cb="0"/><line nr="165" mi="0" ci="11" mb="0" cb="0"/><line nr="166" mi="2" ci="2" mb="0" cb="0"/><line nr="171" mi="2" ci="16" mb="0" cb="0"/><line nr="176" mi="0" ci="13" mb="0" cb="0"/><line nr="177" mi="2" ci="2" mb="0" cb="0"/><line nr="187" mi="9" ci="11" mb="0" cb="0"/><line nr="199" mi="9" ci="14" mb="0" cb="0"/><line nr="200" mi="2" ci="9" mb="0" cb="0"/><line nr="210" mi="2" ci="10" mb="0" cb="0"/><line nr="214" mi="0" ci="9" mb="0" cb="0"/><line nr="218" mi="2" ci="14" mb="0" cb="0"/><line nr="228" mi="0" ci="31" mb="0" cb="2"/><line nr="229" mi="28" ci="28" mb="10" cb="6"/><line nr="236" mi="19" ci="20" mb="3" cb="3"/><line nr="238" mi="0" ci="21" mb="0" cb="2"/><line nr="239" mi="0" ci="9" mb="0" cb="0"/><line nr="244" mi="0" ci="15" mb="0" cb="0"/><line nr="245" mi="0" ci="35" mb="0" cb="0"/><line nr="247" mi="0" ci="13" mb="0" cb="0"/><line nr="248" mi="0" ci="11" mb="0" cb="0"/><line nr="249" mi="0" ci="11" mb="0" cb="0"/><line nr="250" mi="2" ci="14" mb="0" cb="0"/><line nr="253" mi="2" ci="10" mb="0" cb="0"/><counter type="INSTRUCTION" missed="239" covered="992"/><counter type="BRANCH" missed="21" covered="25"/><counter type="LINE" missed="0" covered="68"/><counter type="COMPLEXITY" missed="25" covered="46"/><counter type="METHOD" missed="6" covered="42"/><counter type="CLASS" missed="0" covered="7"/></sourcefile><sourcefile name="ErsatzMultipartResponseContent.groovy"><line nr="33" mi="0" ci="10" mb="0" cb="0"/><line nr="34" mi="0" ci="8" mb="0" cb="0"/><line nr="35" mi="0" ci="10" mb="0" cb="0"/><line nr="36" mi="0" ci="13" mb="0" cb="0"/><line nr="39" mi="0" ci="7" mb="0" cb="0"/><line nr="40" mi="2" ci="2" mb="0" cb="0"/><line nr="44" mi="0" ci="8" mb="0" cb="0"/><line nr="45" mi="2" ci="2" mb="0" cb="0"/><line nr="49" mi="0" ci="8" mb="0" cb="0"/><line nr="50" mi="2" ci="2" mb="0" cb="0"/><line nr="54" mi="0" ci="9" mb="0" cb="0"/><line nr="55" mi="2" ci="2" mb="0" cb="0"/><line nr="59" mi="2" ci="6" mb="0" cb="0"/><line nr="63" mi="0" ci="12" mb="0" cb="0"/><line nr="64" mi="2" ci="2" mb="0" cb="0"/><line nr="68" mi="0" ci="13" mb="0" cb="0"/><line nr="69" mi="2" ci="2" mb="0" cb="0"/><line nr="73" mi="0" ci="12" mb="0" cb="0"/><line nr="74" mi="2" ci="2" mb="0" cb="0"/><line nr="78" mi="0" ci="13" mb="0" cb="0"/><line nr="79" mi="2" ci="2" mb="0" cb="0"/><line nr="88" mi="2" ci="23" mb="0" cb="0"/><line nr="96" mi="2" ci="3" mb="0" cb="0"/><line nr="104" mi="2" ci="4" mb="0" cb="0"/><line nr="108" mi="0" ci="8" mb="0" cb="0"/><line nr="110" mi="0" ci="3" mb="1" cb="1"/><line nr="111" mi="0" ci="2" mb="0" cb="0"/><line nr="114" mi="37" ci="0" mb="0" cb="0"/><counter type="INSTRUCTION" missed="75" covered="205"/><counter type="BRANCH" missed="1" covered="1"/><counter type="LINE" missed="1" covered="27"/><counter type="COMPLEXITY" missed="2" covered="16"/><counter type="METHOD" missed="1" covered="16"/><counter type="CLASS" missed="0" covered="1"/></sourcefile><sourcefile name="UnmatchedRequestReport.groovy"><line nr="28" mi="0" ci="28" mb="0" cb="0"/><line nr="34" mi="0" ci="11" mb="0" cb="0"/><line nr="35" mi="0" ci="12" mb="0" cb="0"/><line nr="40" mi="0" ci="15" mb="0" cb="0"/><line nr="42" mi="0" ci="9" mb="0" cb="0"/><line nr="44" mi="2" ci="53" mb="0" cb="0"/><line nr="45" mi="0" ci="66" mb="0" cb="0"/><line nr="47" mi="0" ci="8" mb="1" cb="1"/><line nr="48" mi="0" ci="9" mb="0" cb="0"/><line nr="49" mi="0" ci="17" mb="0" cb="0"/><line nr="50" mi="2" ci="43" mb="0" cb="0"/><line nr="54" mi="0" ci="8" mb="0" cb="2"/><line nr="55" mi="0" ci="9" mb="0" cb="0"/><line nr="56" mi="0" ci="17" mb="0" cb="0"/><line nr="57" mi="2" ci="63" mb="0" cb="0"/><line nr="61" mi="0" ci="8" mb="1" cb="1"/><line nr="62" mi="0" ci="32" mb="0" cb="0"/><line nr="65" mi="0" ci="8" mb="0" cb="2"/><line nr="66" mi="0" ci="32" mb="0" cb="0"/><line nr="69" mi="0" ci="10" mb="0" cb="2"/><line nr="70" mi="0" ci="32" mb="0" cb="0"/><line nr="73" mi="0" ci="8" mb="0" cb="2"/><line nr="74" mi="0" ci="9" mb="0" cb="0"/><line nr="75" mi="2" ci="39" mb="1" cb="5"/><line nr="76" mi="1" ci="55" mb="1" cb="1"/><line nr="78" mi="0" ci="32" mb="0" cb="0"/><line nr="82" mi="0" ci="9" mb="0" cb="0"/><line nr="84" mi="0" ci="13" mb="0" cb="0"/><line nr="85" mi="0" ci="13" mb="0" cb="0"/><line nr="87" mi="0" ci="37" mb="0" cb="0"/><line nr="89" mi="0" ci="9" mb="0" cb="0"/><line nr="90" mi="0" ci="19" mb="0" cb="0"/><line nr="91" mi="0" ci="14" mb="0" cb="0"/><line nr="92" mi="0" ci="2" mb="0" cb="2"/><line nr="93" mi="3" ci="27" mb="0" cb="0"/><line nr="95" mi="0" ci="27" mb="0" cb="0"/><line nr="96" mi="2" ci="21" mb="0" cb="0"/><line nr="100" mi="2" ci="54" mb="0" cb="0"/><line nr="103" mi="2" ci="10" mb="0" cb="0"/><counter type="INSTRUCTION" missed="135" covered="1052"/><counter type="BRANCH" missed="4" covered="18"/><counter type="LINE" missed="0" covered="39"/><counter type="COMPLEXITY" missed="14" covered="26"/><counter type="METHOD" missed="10" covered="19"/><counter type="CLASS" missed="0" covered="8"/></sourcefile><sourcefile name="ReceivedMessageImpl.groovy"><line nr="35" mi="0" ci="10" mb="0" cb="0"/><line nr="37" mi="0" ci="27" mb="0" cb="0"/><line nr="41" mi="0" ci="8" mb="0" cb="0"/><line nr="42" mi="2" ci="2" mb="0" cb="0"/><line nr="47" mi="0" ci="12" mb="0" cb="0"/><line nr="48" mi="2" ci="2" mb="0" cb="0"/><line nr="53" mi="7" ci="0" mb="0" cb="0"/><line nr="54" mi="8" ci="0" mb="2" cb="0"/><line nr="55" mi="15" ci="0" mb="0" cb="0"/><line nr="57" mi="31" ci="0" mb="0" cb="0"/><line nr="63" mi="0" ci="30" mb="0" cb="0"/><line nr="64" mi="0" ci="8" mb="0" cb="0"/><line nr="65" mi="2" ci="2" mb="0" cb="0"/><line nr="70" mi="0" ci="11" mb="0" cb="0"/><line nr="71" mi="0" ci="10" mb="0" cb="0"/><line nr="72" mi="0" ci="6" mb="0" cb="0"/><line nr="73" mi="0" ci="8" mb="0" cb="0"/><line nr="74" mi="2" ci="2" mb="0" cb="0"/><line nr="78" mi="0" ci="28" mb="0" cb="0"/><line nr="79" mi="0" ci="10" mb="0" cb="0"/><line nr="80" mi="0" ci="7" mb="0" cb="0"/><line nr="81" mi="2" ci="2" mb="0" cb="0"/><line nr="84" mi="31" ci="24" mb="9" cb="5"/><line nr="87" mi="0" ci="7" mb="3" cb="3"/><line nr="88" mi="35" ci="21" mb="6" cb="2"/><line nr="92" mi="0" ci="8" mb="0" cb="0"/><line nr="96" mi="9" ci="11" mb="0" cb="0"/><counter type="INSTRUCTION" missed="154" covered="311"/><counter type="BRANCH" missed="20" covered="10"/><counter type="LINE" missed="4" covered="23"/><counter type="COMPLEXITY" missed="18" covered="15"/><counter type="METHOD" missed="3" covered="15"/><counter type="CLASS" missed="0" covered="2"/></sourcefile><sourcefile name="EncoderChain.groovy"><line nr="29" mi="0" ci="4" mb="0" cb="0"/><line nr="40" mi="4" ci="28" mb="0" cb="0"/><line nr="51" mi="2" ci="15" mb="0" cb="0"/><counter type="INSTRUCTION" missed="43" covered="90"/><counter type="LINE" missed="0" covered="3"/><counter type="COMPLEXITY" missed="4" covered="5"/><counter type="METHOD" missed="4" covered="5"/><counter type="CLASS" missed="0" covered="2"/></sourcefile><sourcefile name="FunctionChain.groovy"><line nr="26" mi="0" ci="19" mb="0" cb="0"/><line nr="34" mi="0" ci="3" mb="1" cb="1"/><line nr="35" mi="0" ci="6" mb="0" cb="0"/><line nr="46" mi="0" ci="8" mb="0" cb="0"/><line nr="56" mi="2" ci="17" mb="2" cb="2"/><line nr="65" mi="0" ci="6" mb="0" cb="0"/><line nr="76" mi="2" ci="5" mb="0" cb="0"/><line nr="86" mi="2" ci="5" mb="0" cb="0"/><line nr="96" mi="2" ci="4" mb="0" cb="0"/><line nr="105" mi="3" ci="4" mb="0" cb="0"/><counter type="INSTRUCTION" missed="43" covered="84"/><counter type="BRANCH" missed="4" covered="4"/><counter type="LINE" missed="0" covered="10"/><counter type="COMPLEXITY" missed="8" covered="9"/><counter type="METHOD" missed="4" covered="9"/><counter type="CLASS" missed="0" covered="1"/></sourcefile><sourcefile name="SentMessageImpl.groovy"><line nr="29" mi="0" ci="8" mb="0" cb="0"/><line nr="30" mi="2" ci="2" mb="0" cb="0"/><line nr="35" mi="0" ci="8" mb="0" cb="0"/><line nr="36" mi="2" ci="2" mb="0" cb="0"/><counter type="INSTRUCTION" missed="4" covered="52"/><counter type="LINE" missed="0" covered="4"/><counter type="COMPLEXITY" missed="0" covered="7"/><counter type="METHOD" missed="0" covered="7"/><counter type="CLASS" missed="0" covered="1"/></sourcefile><sourcefile name="DecoderChain.groovy"><line nr="32" mi="0" ci="4" mb="0" cb="0"/><line nr="42" mi="4" ci="21" mb="0" cb="0"/><line nr="52" mi="2" ci="5" mb="0" cb="0"/><counter type="INSTRUCTION" missed="24" covered="49"/><counter type="LINE" missed="0" covered="3"/><counter type="COMPLEXITY" missed="3" covered="5"/><counter type="METHOD" missed="3" covered="5"/><counter type="CLASS" missed="0" covered="2"/></sourcefile><sourcefile name="WebSocketsHandlerBuilder.groovy"><line nr="43" mi="0" ci="6" mb="0" cb="0"/><line nr="45" mi="0" ci="5" mb="0" cb="0"/><line nr="46" mi="0" ci="13" mb="0" cb="2"/><line nr="47" mi="0" ci="10" mb="0" cb="0"/><line nr="50" mi="2" ci="2" mb="0" cb="0"/><line nr="54" mi="2" ci="13" mb="0" cb="0"/><line nr="57" mi="0" ci="9" mb="0" cb="0"/><line nr="60" mi="0" ci="19" mb="0" cb="0"/><line nr="61" mi="0" ci="5" mb="1" cb="1"/><line nr="62" mi="0" ci="6" mb="0" cb="0"/><line nr="65" mi="0" ci="12" mb="0" cb="0"/><line nr="67" mi="2" ci="14" mb="0" cb="0"/><line nr="70" mi="0" ci="13" mb="0" cb="0"/><line nr="73" mi="0" ci="15" mb="0" cb="0"/><line nr="78" mi="0" ci="15" mb="0" cb="0"/><line nr="81" mi="0" ci="8" mb="0" cb="0"/><line nr="84" mi="6" ci="1" mb="0" cb="0"/><line nr="92" mi="0" ci="12" mb="0" cb="0"/><line nr="93" mi="0" ci="3" mb="1" cb="1"/><line nr="94" mi="0" ci="6" mb="0" cb="0"/><line nr="95" mi="0" ci="9" mb="0" cb="0"/><line nr="98" mi="23" ci="0" mb="2" cb="0"/><line nr="100" mi="12" ci="0" mb="0" cb="0"/><line nr="102" mi="20" ci="0" mb="2" cb="0"/><line nr="104" mi="3" ci="0" mb="2" cb="0"/><line nr="105" mi="7" ci="1" mb="0" cb="0"/><line nr="111" mi="0" ci="11" mb="0" cb="0"/><line nr="112" mi="2" ci="14" mb="0" cb="0"/><line nr="117" mi="0" ci="2" mb="0" cb="0"/><line nr="118" mi="0" ci="4" mb="0" cb="2"/><line nr="119" mi="0" ci="10" mb="0" cb="0"/><line nr="120" mi="0" ci="1" mb="0" cb="0"/><line nr="122" mi="0" ci="8" mb="0" cb="0"/><counter type="INSTRUCTION" missed="139" covered="340"/><counter type="BRANCH" missed="8" covered="6"/><counter type="LINE" missed="4" covered="29"/><counter type="COMPLEXITY" missed="15" covered="17"/><counter type="METHOD" missed="10" covered="15"/><counter type="CLASS" missed="0" covered="5"/></sourcefile><sourcefile name="MessageReactionImpl.groovy"><line nr="29" mi="0" ci="8" mb="0" cb="0"/><line nr="30" mi="2" ci="2" mb="0" cb="0"/><line nr="35" mi="0" ci="8" mb="0" cb="0"/><line nr="36" mi="2" ci="2" mb="0" cb="0"/><counter type="INSTRUCTION" missed="4" covered="52"/><counter type="LINE" missed="0" covered="4"/><counter type="COMPLEXITY" missed="0" covered="7"/><counter type="METHOD" missed="0" covered="7"/><counter type="CLASS" missed="0" covered="1"/></sourcefile><sourcefile name="ExpectationsImpl.groovy"><line nr="37" mi="0" ci="29" mb="0" cb="0"/><line nr="43" mi="0" ci="8" mb="0" cb="0"/><line nr="44" mi="0" ci="9" mb="0" cb="0"/><line nr="51" mi="0" ci="6" mb="0" cb="0"/><line nr="56" mi="2" ci="5" mb="0" cb="0"/><line nr="61" mi="2" ci="12" mb="0" cb="0"/><line nr="66" mi="2" ci="6" mb="0" cb="0"/><line nr="71" mi="2" ci="13" mb="0" cb="0"/><line nr="76" mi="2" ci="6" mb="0" cb="0"/><line nr="81" mi="2" ci="13" mb="0" cb="0"/><line nr="86" mi="2" ci="5" mb="0" cb="0"/><line nr="91" mi="2" ci="10" mb="0" cb="0"/><line nr="96" mi="2" ci="6" mb="0" cb="0"/><line nr="101" mi="2" ci="11" mb="0" cb="0"/><line nr="106" mi="2" ci="6" mb="0" cb="0"/><line nr="111" mi="2" ci="11" mb="0" cb="0"/><line nr="116" mi="2" ci="5" mb="0" cb="0"/><line nr="121" mi="2" ci="6" mb="0" cb="0"/><line nr="126" mi="2" ci="6" mb="0" cb="0"/><line nr="131" mi="2" ci="11" mb="0" cb="0"/><line nr="136" mi="2" ci="12" mb="0" cb="0"/><line nr="141" mi="2" ci="11" mb="0" cb="0"/><line nr="146" mi="2" ci="5" mb="0" cb="0"/><line nr="151" mi="2" ci="6" mb="0" cb="0"/><line nr="156" mi="2" ci="6" mb="0" cb="0"/><line nr="161" mi="2" ci="15" mb="0" cb="0"/><line nr="166" mi="2" ci="16" mb="0" cb="0"/><line nr="171" mi="2" ci="16" mb="0" cb="0"/><line nr="176" mi="2" ci="5" mb="0" cb="0"/><line nr="181" mi="2" ci="6" mb="0" cb="0"/><line nr="186" mi="2" ci="6" mb="0" cb="0"/><line nr="191" mi="2" ci="15" mb="0" cb="0"/><line nr="196" mi="2" ci="16" mb="0" cb="0"/><line nr="201" mi="2" ci="16" mb="0" cb="0"/><line nr="206" mi="2" ci="5" mb="0" cb="0"/><line nr="211" mi="2" ci="6" mb="0" cb="0"/><line nr="216" mi="2" ci="6" mb="0" cb="0"/><line nr="221" mi="2" ci="10" mb="0" cb="0"/><line nr="226" mi="2" ci="11" mb="0" cb="0"/><line nr="231" mi="2" ci="11" mb="0" cb="0"/><line nr="236" mi="2" ci="5" mb="0" cb="0"/><line nr="241" mi="2" ci="6" mb="0" cb="0"/><line nr="246" mi="2" ci="6" mb="0" cb="0"/><line nr="251" mi="2" ci="15" mb="0" cb="0"/><line nr="256" mi="2" ci="16" mb="0" cb="0"/><line nr="261" mi="2" ci="16" mb="0" cb="0"/><line nr="266" mi="2" ci="5" mb="0" cb="0"/><line nr="271" mi="2" ci="6" mb="0" cb="0"/><line nr="276" mi="2" ci="6" mb="0" cb="0"/><line nr="281" mi="2" ci="11" mb="0" cb="0"/><line nr="286" mi="2" ci="12" mb="0" cb="0"/><line nr="291" mi="2" ci="11" mb="0" cb="0"/><line nr="296" mi="0" ci="7" mb="0" cb="0"/><line nr="297" mi="0" ci="10" mb="0" cb="0"/><line nr="298" mi="2" ci="2" mb="0" cb="0"/><line nr="303" mi="0" ci="7" mb="0" cb="0"/><line nr="305" mi="0" ci="9" mb="0" cb="0"/><line nr="306" mi="0" ci="3" mb="0" cb="0"/><line nr="308" mi="0" ci="10" mb="0" cb="0"/><line nr="310" mi="2" ci="2" mb="0" cb="0"/><line nr="315" mi="0" ci="7" mb="0" cb="0"/><line nr="316" mi="0" ci="5" mb="0" cb="0"/><line nr="318" mi="0" ci="10" mb="0" cb="0"/><line nr="320" mi="2" ci="2" mb="0" cb="0"/><line nr="324" mi="2" ci="4" mb="0" cb="0"/><line nr="334" mi="4" ci="26" mb="0" cb="0"/><line nr="338" mi="2" ci="8" mb="0" cb="0"/><line nr="347" mi="2" ci="4" mb="0" cb="0"/><line nr="356" mi="0" ci="9" mb="0" cb="0"/><line nr="357" mi="23" ci="9" mb="1" cb="1"/><line nr="359" mi="0" ci="11" mb="0" cb="0"/><line nr="360" mi="23" ci="20" mb="1" cb="1"/><line nr="362" mi="10" ci="2" mb="0" cb="0"/><line nr="366" mi="0" ci="5" mb="0" cb="0"/><line nr="367" mi="2" ci="2" mb="0" cb="0"/><line nr="371" mi="0" ci="5" mb="0" cb="0"/><line nr="372" mi="0" ci="3" mb="0" cb="0"/><line nr="374" mi="0" ci="5" mb="0" cb="0"/><line nr="375" mi="2" ci="2" mb="0" cb="0"/><line nr="379" mi="0" ci="5" mb="0" cb="0"/><line nr="380" mi="0" ci="5" mb="0" cb="0"/><line nr="381" mi="2" ci="2" mb="0" cb="0"/><line nr="385" mi="2" ci="11" mb="0" cb="2"/><counter type="INSTRUCTION" missed="266" covered="782"/><counter type="BRANCH" missed="2" covered="4"/><counter type="LINE" missed="0" covered="83"/><counter type="COMPLEXITY" missed="10" covered="71"/><counter type="METHOD" missed="8" covered="70"/><counter type="CLASS" missed="0" covered="4"/></sourcefile><counter type="INSTRUCTION" missed="2956" covered="6714"/><counter type="BRANCH" missed="192" covered="142"/><counter type="LINE" missed="39" covered="444"/><counter type="COMPLEXITY" missed="252" covered="374"/><counter type="METHOD" missed="121" covered="338"/><counter type="CLASS" missed="4" covered="61"/></package><counter type="INSTRUCTION" missed="6561" covered="15351"/><counter type="BRANCH" missed="591" covered="443"/><counter type="LINE" missed="72" covered="973"/><counter type="COMPLEXITY" missed="654" covered="802"/><counter type="METHOD" missed="242" covered="695"/><counter type="CLASS" missed="4" covered="136"/></report>